Log file open, 01/14/16 21:17:59
LogInit:Display: Running engine for game: Extinction
LogInit: Version: 4.7.6-2513093+++depot+UE4-Releases+4.7
LogInit: API Version: 2455222
LogInit: Compiled (64-bit): Apr 15 2015 12:09:54
LogInit: Compiled with Visual C++: 18.00.21005.01
LogInit: Build Configuration: Development
LogInit: Branch Name: ++depot+UE4-Releases+4.7
LogInit: Command line:  
LogInit: Base directory: C:/Program Files/Unreal Engine/4.7/Engine/Binaries/Win64/
LogInit: Rocket: 1
[2016.01.15-02.17.59:361][  0]LogTaskGraph: Started task graph with 3 named threads and 6 total threads.
[2016.01.15-02.17.59:414][  0]LogOnline:Warning: No default platform service specified for OnlineSubsystem
[2016.01.15-02.17.59:428][  0]LogInit: Presizing for 0 objects not considered by GC, pre-allocating 0 bytes.
[2016.01.15-02.17.59:439][  0]LogInit: Object subsystem initialized
[2016.01.15-02.17.59:441][  0]LogConsoleResponse:Warning: Skipping Unknown console variable: 'TranslucentSortAxis = (X=0.000000,Y=-1.000000,Z=0.000000)'
[2016.01.15-02.17.59:441][  0]LogConsoleResponse:Warning:   Found in ini file 'G:/Unreal Projects/Extinction 4.7/Saved/Config/Windows/Engine.ini', in section '[/Script/Engine.RendererSettings]'
[2016.01.15-02.17.59:441][  0]LogConsoleResponse:Warning: Skipping Unknown console variable: 'UIScaleRule = ShortestSide'
[2016.01.15-02.17.59:441][  0]LogConsoleResponse:Warning:   Found in ini file 'G:/Unreal Projects/Extinction 4.7/Saved/Config/Windows/Engine.ini', in section '[/Script/Engine.RendererSettings]'
[2016.01.15-02.17.59:441][  0]LogConsoleResponse:Warning: Skipping Unknown console variable: 'UIScaleCurve = (EditorCurveData=(Keys=),ExternalCurve=None)'
[2016.01.15-02.17.59:441][  0]LogConsoleResponse:Warning:   Found in ini file 'G:/Unreal Projects/Extinction 4.7/Saved/Config/Windows/Engine.ini', in section '[/Script/Engine.RendererSettings]'
[2016.01.15-02.17.59:441][  0]LogInit: Selected Device Profile: [Windows]
[2016.01.15-02.17.59:441][  0]LogInit: Applying CVar settings loaded from the selected device profile: [Windows]
[2016.01.15-02.17.59:452][  0]LogInit: Computer: ED-PC
[2016.01.15-02.17.59:452][  0]LogInit: User: Ed
[2016.01.15-02.17.59:452][  0]LogInit: CPU Page size=4096, Cores=4
[2016.01.15-02.17.59:452][  0]LogInit: High frequency timer resolution =3.906640 MHz
[2016.01.15-02.17.59:452][  0]LogMemory: Memory total: Physical=16.0GB (16GB approx) Virtual=8192.0GB
[2016.01.15-02.17.59:452][  0]LogMemory: Platform Memory Stats for Windows
[2016.01.15-02.17.59:452][  0]LogMemory: Process Physical Memory: 48.08 MB used, 48.08 MB peak
[2016.01.15-02.17.59:452][  0]LogMemory: Process Virtual Memory: 26.44 MB used, 26.44 MB peak
[2016.01.15-02.17.59:452][  0]LogMemory: Physical Memory: 5945.14 MB used, 16354.13 MB total
[2016.01.15-02.17.59:452][  0]LogMemory: Virtual Memory: 279.18 MB used, 8388608.00 MB total
[2016.01.15-02.17.59:475][  0]LogD3D11RHI: Found D3D11 adapter 0: AMD Radeon R9 200 Series (Feature Level 11_0)
[2016.01.15-02.17.59:475][  0]LogD3D11RHI: Adapter has 3051MB of dedicated video memory, 0MB of dedicated system memory, and 3840MB of shared system memory, 1 output[s]
[2016.01.15-02.17.59:475][  0]LogD3D11RHI: Chosen D3D11 Adapter Id = 0
[2016.01.15-02.17.59:481][  0]LogRHI: Texture pool is 1361 MB (70% of 1945 MB)
[2016.01.15-02.17.59:487][  0]LogD3D11RHI: Async texture creation disabled: no driver support
[2016.01.15-02.17.59:540][  0]LogTextLocalizationManager: The requested culture ('en_US') has no localization data; parent culture's ('en') localization data will be used.
[2016.01.15-02.17.59:602][  0]LogTextLocalizationManager:Warning: Loading localization resources contain conflicting entries for (Namespace:UICommands, Key:Save_ToolTip):
Resource: (C:/Program Files/Unreal Engine/4.7/Engine/Content/Localization/Editor/en/Editor.locres) Hash: (-29098895) String: (Saves the current level to disk)
Resource: (C:/Program Files/Unreal Engine/4.7/Engine/Content/Localization/Engine/en/Engine.locres) Hash: (-1280300587) String: (Save selected data to vlog file)
[2016.01.15-02.17.59:602][  0]LogTextLocalizationManager:Warning: Loading localization resources contain conflicting entries for (Namespace:ContentBrowser, Key:ImportAssetToolTip):
Resource: (C:/Program Files/Unreal Engine/4.7/Engine/Content/Localization/Editor/en/Editor.locres) Hash: (-630476809) String: (Import to {0}...)
Resource: (C:/Program Files/Unreal Engine/4.7/Engine/Content/Localization/Editor/en/Editor.locres) Hash: (1271782899) String: (Imports an asset from file to this folder.)
[2016.01.15-02.17.59:686][  0]LogContentStreaming: Texture pool size is 0.000000MB
[2016.01.15-02.18.01:893][  0]LogTargetPlatformManager:Display: Building Assets For Windows
[2016.01.15-02.18.02:453][  0]LogTargetPlatformManager:Display: Building Assets For Windows
[2016.01.15-02.18.02:520][  0]LogDerivedDataCache:Display: Max Cache Size: 512 MB
[2016.01.15-02.18.02:603][  0]LogDerivedDataCache: Loaded boot cache 0.08s 39MB C:/Users/Ed/AppData/Local/UnrealEngine/4.7/DerivedDataCache/Boot.ddc.
[2016.01.15-02.18.02:603][  0]LogDerivedDataCache:Display: Loaded Boot cache: C:/Users/Ed/AppData/Local/UnrealEngine/4.7/DerivedDataCache/Boot.ddc
[2016.01.15-02.18.02:604][  0]LogDerivedDataCache: FDerivedDataBackendGraph:  Pak pak cache file G:/Unreal Projects/Extinction 4.7/DerivedDataCache/DDC.ddp not found, will not use a pak cache.
[2016.01.15-02.18.02:604][  0]LogDerivedDataCache: Unable to find inner node Pak for hierarchical cache Hierarchy.
[2016.01.15-02.18.02:717][  0]LogDerivedDataCache:Display: Pak cache opened for reading ../../../Engine/DerivedDataCache/Compressed.ddp.
[2016.01.15-02.18.02:728][  0]LogDerivedDataCache: Using Local data cache path C:/Users/Ed/AppData/Local/UnrealEngine/Common/DerivedDataCache: Writable
[2016.01.15-02.18.03:077][  0]LogMeshUtilities: No automatic mesh reduction module available
[2016.01.15-02.18.03:077][  0]LogMeshUtilities: No automatic mesh merging module available
[2016.01.15-02.18.03:476][  0]LogInit: WinSock: version 1.1 (2.2), MaxSocks=32767, MaxUdp=65467
[2016.01.15-02.18.03:562][  0]LogSlate:Warning: Failed to load font data from '../../../Engine/Content/Slate/Fonts/Roboto-Italic.ttf'
[2016.01.15-02.18.04:386][  0]UdpMessaging: Initializing bridge on interface 0.0.0.0:0 to multicast group 230.0.0.1:6666.
[2016.01.15-02.18.04:613][  0]SourceControl: Info Source control is disabled
[2016.01.15-02.18.04:613][  0]SourceControl: Info Source control is disabled
[2016.01.15-02.18.04:613][  0]SourceControl: Info Source control is disabled
[2016.01.15-02.18.04:613][  0]LogSourceControl: RunCommandInternalRaw: 'git version'
[2016.01.15-02.18.04:613][  0]LogSourceControl: RunCommandInternalRaw: ExecProcess ReturnCode=2 OutResults=''
[2016.01.15-02.18.04:623][  0]SourceControl: Info Source control is disabled
[2016.01.15-02.18.04:824][  0]LogObj: 24371 objects as part of root set at end of initial load.
[2016.01.15-02.18.04:824][  0]LogUObjectAllocator: 5180560 out of 0 bytes used by permanent object pool.
[2016.01.15-02.18.04:914][  0]LogEngine: Initializing Engine...
[2016.01.15-02.18.07:091][  0]LogInit: XAudio2 using 'Speakers (Realtek High Definition Audio)' : 2 channels at 48 kHz using 32 bits per sample (channel mask 0x3)
[2016.01.15-02.18.07:105][  0]LogInit: FAudioDevice initialized.
[2016.01.15-02.18.07:147][  0]LogAIModule: Creating AISystem for world NewWorld
[2016.01.15-02.18.07:188][  0]LogDerivedDataCache: Saved boot cache 0.04s 39MB C:/Users/Ed/AppData/Local/UnrealEngine/4.7/DerivedDataCache/Boot.ddc.
[2016.01.15-02.18.07:201][  0]LogInit: Texture streaming: Enabled
[2016.01.15-02.18.07:297][  0]LogAnalytics: Creating configured Analytics provider AnalyticsET
[2016.01.15-02.18.07:297][  0]LogAnalytics: ET APIKey = Rocket.Release. APIServer = http://et2.epicgames.com/ET2/. AppVersion = 4.7.6-2513093+++depot+UE4-Releases+4.7
[2016.01.15-02.18.07:297][  0]LogAnalytics: ET APIKey = Rocket.Release. DataRouterUploadURL = https://datarouter-public-service-gamedev.ol.epicgames.net/datarouter/api/v1/public/data. AppVersion = 4.7.6-2513093+++depot+UE4-Releases+4.7
[2016.01.15-02.18.07:297][  0]LogAnalytics: SetUserId 2c9cefd646e4c4aded71b9b4f588b63b|1d58efc987b949fabd8ebe7db14e6a7d|4327f186-379c-47b1-926b-c32e0caebdeb
[2016.01.15-02.18.07:297][  0]LogAnalytics: AnalyticsET::StartSession [Rocket.Release]
[2016.01.15-02.18.07:320][  0]LogInit: Transaction tracking system initialized
[2016.01.15-02.18.07:504][  0]BlueprintLog: New page: Editor Load
[2016.01.15-02.18.07:541][  0]LogAssetRegistry: FAssetRegistry took 0.0101 seconds to start up
[2016.01.15-02.18.07:542][  0]LogDirectoryWatcher:Warning: Failed to begin reading directory changes for ../../../Engine/Plugins/Experimental/CharacterAI/Content/. Error: 0
[2016.01.15-02.18.08:228][  0]LogTargetPlatformManager:Display: Building Assets For Windows
[2016.01.15-02.18.08:726][  0]LogTargetPlatformManager:Display: Building Assets For Windows
[2016.01.15-02.18.09:340][  0]LogSlate:Warning: Failed to load font data from '../../../Engine/Content/Editor/Slate/Fonts/Roboto-Regular.ttf'
[2016.01.15-02.18.09:340][  0]LogSlate:Warning: Failed to load font data from '../../../Engine/Content/Editor/Slate/Fonts/Roboto-Bold.ttf'
[2016.01.15-02.18.09:345][  0]LogConsoleResponse:Display: 
[2016.01.15-02.18.09:686][  0]LogCook:Display: Done creating registry. It took  0.00s.
[2016.01.15-02.18.09:872][  0]SourceControl: Info Source control is disabled
[2016.01.15-02.18.09:872][  0]Cmd: MAP LOAD FILE="G:/Unreal Projects/Extinction 4.7/Content/Maps/OutsideView.umap" TEMPLATE=0 SHOWPROGRESS=1 FEATURELEVEL=3
[2016.01.15-02.18.09:899][  0]LightingResults: New page: Lighting Build
[2016.01.15-02.18.09:918][  0]MapCheck: New page: Map Check
[2016.01.15-02.18.09:918][  0]LightingResults: New page: Lighting Build
[2016.01.15-02.18.09:930][  0]LogParticles: Destroying 0 GPU particle simulations for FXSystem 0x0000000015C39760
[2016.01.15-02.18.14:178][  0]LogBlueprint:Warning: [Companion_AnimBp] CreatePinForVariable: 'JumpScale' variable not found. Base class was probably changed.
[2016.01.15-02.18.14:179][  0]LogBlueprint:Warning: [Companion_AnimBp] CreatePinForVariable: 'IsRunning' variable not found. Base class was probably changed.
[2016.01.15-02.18.14:189][  0]LogBlueprint:Warning: [Companion_AnimBp] CreatePinForVariable: 'CoverTaken' variable not found. Base class was probably changed.
[2016.01.15-02.18.14:987][  0]LogBlueprint:Warning: [compiler] Warning Could not find a variable named "CoverTaken" in 'PlayerCharacter_BP_C'.
Make sure 'PlayerCharacter_BP_C' has been compiled for  Get CoverTaken 
[2016.01.15-02.18.14:988][  0]LogBlueprint:Warning: [compiler] Warning Could not find a variable named "IsRunning" in 'PlayerCharacter_BP_C'.
Make sure 'PlayerCharacter_BP_C' has been compiled for  Get IsRunning 
[2016.01.15-02.18.14:988][  0]LogBlueprint:Warning: [compiler] Warning Could not find a variable named "JumpScale" in 'PlayerCharacter_BP_C'.
Make sure 'PlayerCharacter_BP_C' has been compiled for  Get JumpScale 
[2016.01.15-02.18.15:119][  0]LogBlueprint:Warning: [compiler] Warning [0017.63] Compile of Companion_AnimBp successful, but with 3 Warning(s) [in 908 ms]
[2016.01.15-02.18.15:120][  0]LogBlueprint:Warning: [compiler] Warning [0017.63] Compile of Companion_AnimBp successful, but with 4 Warning(s) [in 0 ms]
[2016.01.15-02.18.15:120][  0]LogBlueprint:Warning: [compiler] Warning [0017.63] Compile of Companion_AnimBp successful, but with 5 Warning(s) [in 0 ms]
[2016.01.15-02.18.15:120][  0]LogBlueprint:Warning: [compiler] Warning [0017.63] Compile of Companion_AnimBp successful, but with 6 Warning(s) [in 0 ms]
[2016.01.15-02.18.27:020][  0]LogBlueprint:Warning: [Companion_AnimBp] CreatePinForVariable: 'JumpScale' variable not found. Base class was probably changed.
[2016.01.15-02.18.27:751][  0]LogBlueprint:Warning: [compiler] Warning Could not find a variable named "JumpScale" in 'PlayerCharacter_BP_C'.
Make sure 'PlayerCharacter_BP_C' has been compiled for  Get JumpScale 
[2016.01.15-02.18.27:875][  0]LogBlueprint:Warning: [compiler] Warning [0030.38] Compile of Companion_AnimBp successful, but with 1 Warning(s) [in 846 ms]
[2016.01.15-02.18.27:876][  0]LogBlueprint:Warning: [compiler] Warning [0030.38] Compile of Companion_AnimBp successful, but with 2 Warning(s) [in 0 ms]
[2016.01.15-02.18.32:242][  0]LogEditorServer: Finished looking for orphan Actors (0.000 secs)
[2016.01.15-02.18.32:242][  0]LogAIModule: Creating AISystem for world OutsideView
[2016.01.15-02.18.32:243][  0]Cmd: MAP CHECKDEP
[2016.01.15-02.18.32:243][  0]MapCheck: New page: OutsideView - Jan 14, 2016, 4:18:32 PM
[2016.01.15-02.18.32:437][  0]MapCheck: Info Map check complete: 0 Error(s), 0 Warning(s), took 194.192ms to complete.
[2016.01.15-02.18.32:437][  0]LogFileHelpers: Loading map 'OutsideView' took 22.565
[2016.01.15-02.18.32:587][  0]LogCollectionManager: Loaded 0 collections in 0.001951 seconds
[2016.01.15-02.18.32:607][  0]LogContentBrowser: Native class hierarchy populated in 0.0199 seconds. Added 1707 classes and 265 folders.
[2016.01.15-02.18.32:647][  0]LogContentBrowser: Native class hierarchy updated for 'SceneOutliner' in 0.0040 seconds. Added 1 classes and 2 folders.
[2016.01.15-02.18.32:759][  0]LogCrashTracker: Crashtracker disabled due to settings.
[2016.01.15-02.18.32:760][  0]LogSlate:Warning: Failed to load font data from 'Veranda'
[2016.01.15-02.18.32:766][  0]LogUObjectGlobals:Warning: Failed to find object 'Class None.'
[2016.01.15-02.18.32:791][  0]LogLoad: Full Startup: 35.30 seconds (BP compile: 12.34 seconds)
[2016.01.15-02.18.32:824][  0]LogContentBrowser:Verbose: The content browser source was changed by the sources view to '/Game/Characters/ShieldFX'
[2016.01.15-02.18.33:050][  0]LogRenderer:Warning: Reallocating scene render targets to support 1064x600 (Frame:2).
[2016.01.15-02.18.34:571][ 18]LogAssetRegistry: Asset discovery search completed in 27.0401 seconds
[2016.01.15-02.18.35:074][ 61]LogEditorViewport: Clicking on Actor (LMB): PlayerCharacter_BP_C (PlayerCharacter_BP)
[2016.01.15-02.21.49:550][417]LogRenderer:Warning: Reallocating scene render targets to support 1144x944 (Frame:914).
[2016.01.15-02.23.51:808][863]BlueprintLog: New page: Pre-PIE auto-recompile
[2016.01.15-02.23.51:811][863]LogPlayLevel: [PIE] Compiling OutsideView before PIE...
[2016.01.15-02.23.52:456][863]LogPlayLevel: PIE:  Blueprint regeneration took 648 ms (1 blueprints)
[2016.01.15-02.23.52:456][863]PIE: New page: PIE session: OutsideView (Jan 14, 2016, 4:23:52 PM)
[2016.01.15-02.23.52:503][863]LogPlayLevel: PIE: StaticDuplicateObject took: (0.046447s)
[2016.01.15-02.23.52:504][863]LogPlayLevel: PIE: World Init took: (0.000758s)
[2016.01.15-02.23.52:504][863]LogPlayLevel: PIE: Created PIE world by copying editor world from /Game/Maps/OutsideView.OutsideView to /Game/Maps/UEDPIE_0_OutsideView.OutsideView (0.047444s)
[2016.01.15-02.23.52:624][863]LogWorld: Game class is 'ExtinctionGameMode_C'
[2016.01.15-02.23.52:636][863]LogAIModule: Creating AISystem for world OutsideView
[2016.01.15-02.23.53:035][863]LogWorld:Warning: *** WARNING - PATHS MAY NOT BE VALID ***
[2016.01.15-02.23.53:035][863]LogWorld: Bringing World /Game/Maps/UEDPIE_0_OutsideView.OutsideView up for play (max tick rate 0) at 2016.01.14-21.23.53
[2016.01.15-02.23.53:043][863]LogWorld: Bringing up level for play took: 0.406487
[2016.01.15-02.23.53:047][863]LogBlueprintUserMessages:Warning: SetTimer passed a bad function (ClearRoachsInSight) or object (Companion_C_3)
[2016.01.15-02.23.53:047][863]LogBlueprintUserMessages:Warning: SetTimer passed a bad function (ClearRoachsInSight) or object (PlayerCharacter_BP_C_3)
[2016.01.15-02.23.53:054][863]PIE: Info Play in editor start time for /Game/Maps/UEDPIE_0_OutsideView 1.911
[2016.01.15-02.24.17:310][716]LogParticles: Destroying 0 GPU particle simulations for FXSystem 0x0000000047687100
[2016.01.15-02.24.24:005][103]LogEditorViewport: Clicking on Actor (LMB): Companion_C (Companion)
[2016.01.15-02.24.26:522][268]Cmd: DELETE
[2016.01.15-02.24.26:522][268]Cmd: ACTOR DELETE
[2016.01.15-02.24.26:530][268]LogEditorActor: Deleted Actor: Companion_C
[2016.01.15-02.24.26:636][268]LogEditorActor: Deleted 1 Actors (0.108 secs)
[2016.01.15-02.24.28:524][422]BlueprintLog: New page: Pre-PIE auto-recompile
[2016.01.15-02.24.28:527][422]LogPlayLevel: [PIE] Compiling OutsideView before PIE...
[2016.01.15-02.24.28:748][422]LogPlayLevel: PIE:  Blueprint regeneration took 223 ms (1 blueprints)
[2016.01.15-02.24.28:748][422]PIE: New page: PIE session: OutsideView (Jan 14, 2016, 4:24:28 PM)
[2016.01.15-02.24.28:799][422]LogPlayLevel: PIE: StaticDuplicateObject took: (0.051012s)
[2016.01.15-02.24.28:800][422]LogPlayLevel: PIE: World Init took: (0.000780s)
[2016.01.15-02.24.28:800][422]LogPlayLevel: PIE: Created PIE world by copying editor world from /Game/Maps/OutsideView.OutsideView to /Game/Maps/UEDPIE_0_OutsideView.OutsideView (0.052039s)
[2016.01.15-02.24.28:834][422]LogWorld: Game class is 'ExtinctionGameMode_C'
[2016.01.15-02.24.28:836][422]LogAIModule: Creating AISystem for world OutsideView
[2016.01.15-02.24.29:225][422]LogWorld:Warning: *** WARNING - PATHS MAY NOT BE VALID ***
[2016.01.15-02.24.29:225][422]LogWorld: Bringing World /Game/Maps/UEDPIE_0_OutsideView.OutsideView up for play (max tick rate 0) at 2016.01.14-21.24.29
[2016.01.15-02.24.29:227][422]LogWorld: Bringing up level for play took: 0.390247
[2016.01.15-02.24.29:228][422]LogBlueprintUserMessages:Warning: SetTimer passed a bad function (ClearRoachsInSight) or object (PlayerCharacter_BP_C_3)
[2016.01.15-02.24.29:230][422]LogArray:Warning: Attempted to get an item from array CallFunc_GetAllActorsOfClass_OutActors out of bounds [0/0]!
[2016.01.15-02.24.29:230][422]LogScript:Warning: Accessed None 'Companion'
	OutsideView_C /Game/Maps/UEDPIE_0_OutsideView.OutsideView:PersistentLevel.OutsideView_C_0
	Function /Game/Maps/OutsideView.OutsideView_C:ExecuteUbergraph_OutsideView:04FE
[2016.01.15-02.24.29:230][422]PIE:Error: Error Accessed None 'Companion' from node ForEachLoop in blueprint OutsideView
[2016.01.15-02.24.29:231][422]PIE: Info Play in editor start time for /Game/Maps/UEDPIE_0_OutsideView 0.087
[2016.01.15-02.24.38:520][153]LogParticles: Destroying 0 GPU particle simulations for FXSystem 0x00000000426B0680
[2016.01.15-02.24.45:876][584]LogContentBrowser:Verbose: The content browser source was changed by the sources view to '/Game/Weapons'
[2016.01.15-02.24.58:847][597]LogActorComponent: UnregisterComponent: (/Engine/Transient.ProjectileMovementComponent_0) Not registered. Aborting.
[2016.01.15-02.24.58:847][597]LogActorComponent: UnregisterComponent: (/Engine/Transient.ProjectileMovementComponent_1) Not registered. Aborting.
[2016.01.15-02.25.04:505][ 59]BlueprintLog: New page: Compile BP_Genass_Energy
[2016.01.15-02.25.04:720][ 59]BlueprintEditorCompileResults: Info [0427.22] Compile of BP_Genass_Energy successful! [in 215 ms]
[2016.01.15-02.25.09:468][299]BlueprintLog: New page: Pre-PIE auto-recompile
[2016.01.15-02.25.09:472][299]LogPlayLevel: [PIE] Compiling Genass_Rifle before PIE...
[2016.01.15-02.25.09:643][299]LogActorComponent: UnregisterComponent: (/Engine/Transient.ProjectileMovementComponent_0) Not registered. Aborting.
[2016.01.15-02.25.09:643][299]LogActorComponent: UnregisterComponent: (/Engine/Transient.ProjectileMovementComponent_2) Not registered. Aborting.
[2016.01.15-02.25.09:670][299]LogPlayLevel: [PIE] Compiling OutsideView before PIE...
[2016.01.15-02.25.09:813][299]LogPlayLevel: [PIE] Compiling PlayerCharacter_BP before PIE...
[2016.01.15-02.25.10:864][299]LogBlueprint:Warning: [Companion_AnimBp] CreatePinForVariable: 'JumpScale' variable not found. Base class was probably changed.
[2016.01.15-02.25.11:065][299]LogPlayLevel: [PIE] Compiling Dasher_AnimBP before PIE...
[2016.01.15-02.25.12:515][299]LogPlayLevel: [PIE] Compiling Companion before PIE...
[2016.01.15-02.25.13:619][299]LogPlayLevel: [PIE] Compiling Roach_Alpha before PIE...
[2016.01.15-02.25.14:179][299]LogPlayLevel: [PIE] Compiling RoachCollision before PIE...
[2016.01.15-02.25.14:353][299]LogPlayLevel: [PIE] Compiling Companion_AnimBp before PIE...
[2016.01.15-02.25.15:174][299]LogBlueprint:Warning: [compiler] Warning Could not find a variable named "JumpScale" in 'PlayerCharacter_BP_C'.
Make sure 'PlayerCharacter_BP_C' has been compiled for  Get JumpScale 
[2016.01.15-02.25.15:294][299]LogBlueprint:Warning: [compiler] Warning [0437.79] Compile of Companion_AnimBp successful, but with 1 Warning(s) [in 820 ms]
[2016.01.15-02.25.15:295][299]LogBlueprint:Warning: [compiler] Warning [0437.79] Compile of Companion_AnimBp successful, but with 2 Warning(s) [in 0 ms]
[2016.01.15-02.25.15:390][299]LogBlueprint:Warning: [compiler] Warning [0437.89] Compile of Companion_AnimBp successful, but with 3 Warning(s) [in 94 ms]
[2016.01.15-02.25.15:401][299]LogBlueprint:Warning: [compiler] Warning [0437.90] Compile of Companion_AnimBp successful, but with 4 Warning(s) [in 11 ms]
[2016.01.15-02.25.15:401][299]LogBlueprint:Warning: [compiler] Warning [0437.90] Compile of Companion_AnimBp successful, but with 5 Warning(s) [in 0 ms]
[2016.01.15-02.25.15:401][299]LogBlueprint:Warning: [compiler] Warning [0437.90] Compile of Companion_AnimBp successful, but with 6 Warning(s) [in 0 ms]
[2016.01.15-02.25.15:410][299]LogPlayLevel: [PIE] Compiling DasherHUD before PIE...
[2016.01.15-02.25.15:552][299]LogPlayLevel: [PIE] Compiling MoveTo before PIE...
[2016.01.15-02.25.15:667][299]LogPlayLevel: [PIE] Compiling DefendAreaContext before PIE...
[2016.01.15-02.25.15:773][299]LogPlayLevel: [PIE] Compiling EnemyContext before PIE...
[2016.01.15-02.25.15:880][299]LogPlayLevel: [PIE] Compiling EQSGener before PIE...
[2016.01.15-02.25.16:070][299]LogPlayLevel: [PIE] Compiling MoveToAlertLocation_Roach before PIE...
[2016.01.15-02.25.16:194][299]LogPlayLevel: [PIE] Compiling MoveToScatterPoint_Roach before PIE...
[2016.01.15-02.25.16:320][299]LogPlayLevel: [PIE] Compiling MoveToTargetsLastKnownLocation_Roach before PIE...
[2016.01.15-02.25.16:445][299]LogPlayLevel: [PIE] Compiling Roach_Anim_BP before PIE...
[2016.01.15-02.25.17:036][299]LogPlayLevel: PIE:  Blueprint regeneration took 7568 ms (17 blueprints)
[2016.01.15-02.25.17:036][299]PIE: New page: PIE session: OutsideView (Jan 14, 2016, 4:25:17 PM)
[2016.01.15-02.25.17:084][299]LogPlayLevel: PIE: StaticDuplicateObject took: (0.047610s)
[2016.01.15-02.25.17:085][299]LogPlayLevel: PIE: World Init took: (0.000799s)
[2016.01.15-02.25.17:085][299]LogPlayLevel: PIE: Created PIE world by copying editor world from /Game/Maps/OutsideView.OutsideView to /Game/Maps/UEDPIE_0_OutsideView.OutsideView (0.048642s)
[2016.01.15-02.25.17:118][299]LogWorld: Game class is 'ExtinctionGameMode_C'
[2016.01.15-02.25.17:120][299]LogAIModule: Creating AISystem for world OutsideView
[2016.01.15-02.25.17:510][299]LogWorld:Warning: *** WARNING - PATHS MAY NOT BE VALID ***
[2016.01.15-02.25.17:510][299]LogWorld: Bringing World /Game/Maps/UEDPIE_0_OutsideView.OutsideView up for play (max tick rate 0) at 2016.01.14-21.25.17
[2016.01.15-02.25.17:512][299]LogWorld: Bringing up level for play took: 0.390083
[2016.01.15-02.25.17:513][299]LogBlueprintUserMessages:Warning: SetTimer passed a bad function (ClearRoachsInSight) or object (PlayerCharacter_BP_C_3)
[2016.01.15-02.25.17:515][299]LogArray:Warning: Attempted to get an item from array CallFunc_GetAllActorsOfClass_OutActors out of bounds [0/0]!
[2016.01.15-02.25.17:515][299]LogScript:Warning: Accessed None 'Companion'
	OutsideView_C /Game/Maps/UEDPIE_0_OutsideView.OutsideView:PersistentLevel.OutsideView_C_2
	Function /Game/Maps/OutsideView.OutsideView_C:ExecuteUbergraph_OutsideView:04FE
[2016.01.15-02.25.17:515][299]PIE:Error: Error Accessed None 'Companion' from node ForEachLoop in blueprint OutsideView
[2016.01.15-02.25.17:516][299]PIE: Info Play in editor start time for /Game/Maps/UEDPIE_0_OutsideView 8.37
[2016.01.15-02.25.25:840][878]LogParticles: Destroying 0 GPU particle simulations for FXSystem 0x0000000018E0B9C0
[2016.01.15-02.25.26:414][902]LogEditorViewport: Clicking on Actor (LMB): StaticMeshActor (DemoMap)
[2016.01.15-02.25.42:177][838]BlueprintLog: New page: Pre-PIE auto-recompile
[2016.01.15-02.25.42:198][838]LogPlayLevel: [PIE] Compiling Companion before PIE...
[2016.01.15-02.25.43:281][838]LogPlayLevel: [PIE] Compiling PlayerCharacter_BP before PIE...
[2016.01.15-02.25.44:320][838]LogBlueprint:Warning: [Companion_AnimBp] CreatePinForVariable: 'JumpScale' variable not found. Base class was probably changed.
[2016.01.15-02.25.44:521][838]LogPlayLevel: [PIE] Compiling Roach_Alpha before PIE...
[2016.01.15-02.25.45:057][838]LogPlayLevel: [PIE] Compiling Genass_Rifle before PIE...
[2016.01.15-02.25.45:263][838]LogPlayLevel: [PIE] Compiling OutsideView before PIE...
[2016.01.15-02.25.45:397][838]LogPlayLevel: [PIE] Compiling MoveTo before PIE...
[2016.01.15-02.25.45:497][838]LogPlayLevel: [PIE] Compiling DefendAreaContext before PIE...
[2016.01.15-02.25.45:589][838]LogPlayLevel: [PIE] Compiling EnemyContext before PIE...
[2016.01.15-02.25.45:682][838]LogPlayLevel: [PIE] Compiling EQSGener before PIE...
[2016.01.15-02.25.45:866][838]LogPlayLevel: [PIE] Compiling Companion_AnimBp before PIE...
[2016.01.15-02.25.46:676][838]LogBlueprint:Warning: [compiler] Warning Could not find a variable named "JumpScale" in 'PlayerCharacter_BP_C'.
Make sure 'PlayerCharacter_BP_C' has been compiled for  Get JumpScale 
[2016.01.15-02.25.46:796][838]LogBlueprint:Warning: [compiler] Warning [0469.29] Compile of Companion_AnimBp successful, but with 1 Warning(s) [in 810 ms]
[2016.01.15-02.25.46:797][838]LogBlueprint:Warning: [compiler] Warning [0469.29] Compile of Companion_AnimBp successful, but with 2 Warning(s) [in 0 ms]
[2016.01.15-02.25.46:883][838]LogBlueprint:Warning: [compiler] Warning [0469.38] Compile of Companion_AnimBp successful, but with 3 Warning(s) [in 86 ms]
[2016.01.15-02.25.46:895][838]LogBlueprint:Warning: [compiler] Warning [0469.39] Compile of Companion_AnimBp successful, but with 4 Warning(s) [in 11 ms]
[2016.01.15-02.25.46:895][838]LogBlueprint:Warning: [compiler] Warning [0469.39] Compile of Companion_AnimBp successful, but with 5 Warning(s) [in 0 ms]
[2016.01.15-02.25.46:895][838]LogBlueprint:Warning: [compiler] Warning [0469.39] Compile of Companion_AnimBp successful, but with 6 Warning(s) [in 0 ms]
[2016.01.15-02.25.46:904][838]LogPlayLevel: [PIE] Compiling RoachCollision before PIE...
[2016.01.15-02.25.47:080][838]LogPlayLevel: [PIE] Compiling Dasher_AnimBP before PIE...
[2016.01.15-02.25.48:545][838]LogPlayLevel: [PIE] Compiling DasherHUD before PIE...
[2016.01.15-02.25.48:686][838]LogPlayLevel: [PIE] Compiling MoveToAlertLocation_Roach before PIE...
[2016.01.15-02.25.48:812][838]LogPlayLevel: [PIE] Compiling MoveToScatterPoint_Roach before PIE...
[2016.01.15-02.25.48:939][838]LogPlayLevel: [PIE] Compiling MoveToTargetsLastKnownLocation_Roach before PIE...
[2016.01.15-02.25.49:067][838]LogPlayLevel: [PIE] Compiling Roach_Anim_BP before PIE...
[2016.01.15-02.25.49:670][838]LogPlayLevel: PIE:  Blueprint regeneration took 7493 ms (17 blueprints)
[2016.01.15-02.25.49:670][838]PIE: New page: PIE session: OutsideView (Jan 14, 2016, 4:25:49 PM)
[2016.01.15-02.25.49:720][838]LogPlayLevel: PIE: StaticDuplicateObject took: (0.048781s)
[2016.01.15-02.25.49:721][838]LogPlayLevel: PIE: World Init took: (0.000805s)
[2016.01.15-02.25.49:721][838]LogPlayLevel: PIE: Created PIE world by copying editor world from /Game/Maps/OutsideView.OutsideView to /Game/Maps/UEDPIE_0_OutsideView.OutsideView (0.049825s)
[2016.01.15-02.25.49:752][838]LogWorld: Game class is 'ExtinctionGameMode_C'
[2016.01.15-02.25.49:755][838]LogAIModule: Creating AISystem for world OutsideView
[2016.01.15-02.25.50:142][838]LogWorld:Warning: *** WARNING - PATHS MAY NOT BE VALID ***
[2016.01.15-02.25.50:142][838]LogWorld: Bringing World /Game/Maps/UEDPIE_0_OutsideView.OutsideView up for play (max tick rate 0) at 2016.01.14-21.25.50
[2016.01.15-02.25.50:144][838]LogWorld: Bringing up level for play took: 0.388746
[2016.01.15-02.25.50:145][838]LogBlueprintUserMessages:Warning: SetTimer passed a bad function (ClearRoachsInSight) or object (PlayerCharacter_BP_C_3)
[2016.01.15-02.25.50:148][838]LogArray:Warning: Attempted to get an item from array CallFunc_GetAllActorsOfClass_OutActors out of bounds [0/0]!
[2016.01.15-02.25.50:148][838]LogScript:Warning: Accessed None 'Companion'
	OutsideView_C /Game/Maps/UEDPIE_0_OutsideView.OutsideView:PersistentLevel.OutsideView_C_0
	Function /Game/Maps/OutsideView.OutsideView_C:ExecuteUbergraph_OutsideView:04FE
[2016.01.15-02.25.50:148][838]PIE:Error: Error Accessed None 'Companion' from node ForEachLoop in blueprint OutsideView
[2016.01.15-02.25.50:149][838]PIE: Info Play in editor start time for /Game/Maps/UEDPIE_0_OutsideView 7.003
[2016.01.15-02.26.21:175][133]LogParticles: Destroying 0 GPU particle simulations for FXSystem 0x00000000199ABCE0
[2016.01.15-02.26.22:310][190]LogEditorViewport: Clicking on Actor (LMB): StaticMeshActor (DemoMap)
[2016.01.15-02.26.37:999][149]BlueprintLog: New page: Pre-PIE auto-recompile
[2016.01.15-02.26.38:021][149]LogPlayLevel: [PIE] Compiling Companion before PIE...
[2016.01.15-02.26.39:110][149]LogPlayLevel: [PIE] Compiling PlayerCharacter_BP before PIE...
[2016.01.15-02.26.40:157][149]LogBlueprint:Warning: [Companion_AnimBp] CreatePinForVariable: 'JumpScale' variable not found. Base class was probably changed.
[2016.01.15-02.26.40:356][149]LogPlayLevel: [PIE] Compiling Roach_Alpha before PIE...
[2016.01.15-02.26.40:899][149]LogPlayLevel: [PIE] Compiling OutsideView before PIE...
[2016.01.15-02.26.41:034][149]LogPlayLevel: [PIE] Compiling MoveTo before PIE...
[2016.01.15-02.26.41:133][149]LogPlayLevel: [PIE] Compiling DefendAreaContext before PIE...
[2016.01.15-02.26.41:225][149]LogPlayLevel: [PIE] Compiling EnemyContext before PIE...
[2016.01.15-02.26.41:318][149]LogPlayLevel: [PIE] Compiling EQSGener before PIE...
[2016.01.15-02.26.41:498][149]LogPlayLevel: [PIE] Compiling Companion_AnimBp before PIE...
[2016.01.15-02.26.42:311][149]LogBlueprint:Warning: [compiler] Warning Could not find a variable named "JumpScale" in 'PlayerCharacter_BP_C'.
Make sure 'PlayerCharacter_BP_C' has been compiled for  Get JumpScale 
[2016.01.15-02.26.42:431][149]LogBlueprint:Warning: [compiler] Warning [0524.93] Compile of Companion_AnimBp successful, but with 1 Warning(s) [in 809 ms]
[2016.01.15-02.26.42:432][149]LogBlueprint:Warning: [compiler] Warning [0524.93] Compile of Companion_AnimBp successful, but with 2 Warning(s) [in 0 ms]
[2016.01.15-02.26.42:518][149]LogBlueprint:Warning: [compiler] Warning [0525.01] Compile of Companion_AnimBp successful, but with 3 Warning(s) [in 86 ms]
[2016.01.15-02.26.42:530][149]LogBlueprint:Warning: [compiler] Warning [0525.03] Compile of Companion_AnimBp successful, but with 4 Warning(s) [in 11 ms]
[2016.01.15-02.26.42:530][149]LogBlueprint:Warning: [compiler] Warning [0525.03] Compile of Companion_AnimBp successful, but with 5 Warning(s) [in 0 ms]
[2016.01.15-02.26.42:530][149]LogBlueprint:Warning: [compiler] Warning [0525.03] Compile of Companion_AnimBp successful, but with 6 Warning(s) [in 0 ms]
[2016.01.15-02.26.42:538][149]LogPlayLevel: [PIE] Compiling RoachCollision before PIE...
[2016.01.15-02.26.42:702][149]LogPlayLevel: [PIE] Compiling Genass_Rifle before PIE...
[2016.01.15-02.26.42:928][149]LogPlayLevel: [PIE] Compiling Dasher_AnimBP before PIE...
[2016.01.15-02.26.44:384][149]LogPlayLevel: [PIE] Compiling DasherHUD before PIE...
[2016.01.15-02.26.44:529][149]LogPlayLevel: [PIE] Compiling MoveToAlertLocation_Roach before PIE...
[2016.01.15-02.26.44:656][149]LogPlayLevel: [PIE] Compiling MoveToScatterPoint_Roach before PIE...
[2016.01.15-02.26.44:784][149]LogPlayLevel: [PIE] Compiling MoveToTargetsLastKnownLocation_Roach before PIE...
[2016.01.15-02.26.44:915][149]LogPlayLevel: [PIE] Compiling Roach_Anim_BP before PIE...
[2016.01.15-02.26.45:520][149]LogPlayLevel: PIE:  Blueprint regeneration took 7520 ms (17 blueprints)
[2016.01.15-02.26.45:521][149]PIE: New page: PIE session: OutsideView (Jan 14, 2016, 4:26:45 PM)
[2016.01.15-02.26.45:568][149]LogPlayLevel: PIE: StaticDuplicateObject took: (0.047131s)
[2016.01.15-02.26.45:572][149]LogPlayLevel: PIE: World Init took: (0.003232s)
[2016.01.15-02.26.45:572][149]LogPlayLevel: PIE: Created PIE world by copying editor world from /Game/Maps/OutsideView.OutsideView to /Game/Maps/UEDPIE_0_OutsideView.OutsideView (0.050654s)
[2016.01.15-02.26.45:609][149]LogWorld: Game class is 'ExtinctionGameMode_C'
[2016.01.15-02.26.45:611][149]LogAIModule: Creating AISystem for world OutsideView
[2016.01.15-02.26.45:999][149]LogWorld:Warning: *** WARNING - PATHS MAY NOT BE VALID ***
[2016.01.15-02.26.45:999][149]LogWorld: Bringing World /Game/Maps/UEDPIE_0_OutsideView.OutsideView up for play (max tick rate 0) at 2016.01.14-21.26.45
[2016.01.15-02.26.46:001][149]LogWorld: Bringing up level for play took: 0.389487
[2016.01.15-02.26.46:002][149]LogBlueprintUserMessages:Warning: SetTimer passed a bad function (ClearRoachsInSight) or object (PlayerCharacter_BP_C_3)
[2016.01.15-02.26.46:004][149]LogArray:Warning: Attempted to get an item from array CallFunc_GetAllActorsOfClass_OutActors out of bounds [0/0]!
[2016.01.15-02.26.46:004][149]LogScript:Warning: Accessed None 'Companion'
	OutsideView_C /Game/Maps/UEDPIE_0_OutsideView.OutsideView:PersistentLevel.OutsideView_C_2
	Function /Game/Maps/OutsideView.OutsideView_C:ExecuteUbergraph_OutsideView:04FE
[2016.01.15-02.26.46:004][149]PIE:Error: Error Accessed None 'Companion' from node ForEachLoop in blueprint OutsideView
[2016.01.15-02.26.46:005][149]PIE: Info Play in editor start time for /Game/Maps/UEDPIE_0_OutsideView 8.858
[2016.01.15-02.26.54:500][741]LogParticles: Destroying 0 GPU particle simulations for FXSystem 0x000000002329A020
[2016.01.15-02.26.59:627][ 41]BlueprintLog: New page: Pre-PIE auto-recompile
[2016.01.15-02.26.59:648][ 41]LogPlayLevel: [PIE] Compiling Companion before PIE...
[2016.01.15-02.27.00:728][ 41]LogActorComponent: UnregisterComponent: (/Engine/Transient.ProjectileMovementComponent_0) Not registered. Aborting.
[2016.01.15-02.27.00:728][ 41]LogActorComponent: UnregisterComponent: (/Engine/Transient.ProjectileMovementComponent_3) Not registered. Aborting.
[2016.01.15-02.27.00:734][ 41]LogPlayLevel: [PIE] Compiling PlayerCharacter_BP before PIE...
[2016.01.15-02.27.01:777][ 41]LogBlueprint:Warning: [Companion_AnimBp] CreatePinForVariable: 'JumpScale' variable not found. Base class was probably changed.
[2016.01.15-02.27.01:980][ 41]LogPlayLevel: [PIE] Compiling Roach_Alpha before PIE...
[2016.01.15-02.27.02:530][ 41]LogPlayLevel: [PIE] Compiling OutsideView before PIE...
[2016.01.15-02.27.02:665][ 41]LogPlayLevel: [PIE] Compiling MoveTo before PIE...
[2016.01.15-02.27.02:769][ 41]LogPlayLevel: [PIE] Compiling DefendAreaContext before PIE...
[2016.01.15-02.27.02:863][ 41]LogPlayLevel: [PIE] Compiling EnemyContext before PIE...
[2016.01.15-02.27.02:956][ 41]LogPlayLevel: [PIE] Compiling EQSGener before PIE...
[2016.01.15-02.27.03:136][ 41]LogPlayLevel: [PIE] Compiling Companion_AnimBp before PIE...
[2016.01.15-02.27.03:951][ 41]LogBlueprint:Warning: [compiler] Warning Could not find a variable named "JumpScale" in 'PlayerCharacter_BP_C'.
Make sure 'PlayerCharacter_BP_C' has been compiled for  Get JumpScale 
[2016.01.15-02.27.04:070][ 41]LogBlueprint:Warning: [compiler] Warning [0546.56] Compile of Companion_AnimBp successful, but with 1 Warning(s) [in 813 ms]
[2016.01.15-02.27.04:070][ 41]LogBlueprint:Warning: [compiler] Warning [0546.56] Compile of Companion_AnimBp successful, but with 2 Warning(s) [in 0 ms]
[2016.01.15-02.27.04:157][ 41]LogBlueprint:Warning: [compiler] Warning [0546.65] Compile of Companion_AnimBp successful, but with 3 Warning(s) [in 86 ms]
[2016.01.15-02.27.04:168][ 41]LogBlueprint:Warning: [compiler] Warning [0546.66] Compile of Companion_AnimBp successful, but with 4 Warning(s) [in 10 ms]
[2016.01.15-02.27.04:168][ 41]LogBlueprint:Warning: [compiler] Warning [0546.66] Compile of Companion_AnimBp successful, but with 5 Warning(s) [in 0 ms]
[2016.01.15-02.27.04:169][ 41]LogBlueprint:Warning: [compiler] Warning [0546.66] Compile of Companion_AnimBp successful, but with 6 Warning(s) [in 0 ms]
[2016.01.15-02.27.04:176][ 41]LogPlayLevel: [PIE] Compiling RoachCollision before PIE...
[2016.01.15-02.27.04:341][ 41]LogPlayLevel: [PIE] Compiling Genass_Rifle before PIE...
[2016.01.15-02.27.04:569][ 41]LogPlayLevel: [PIE] Compiling Dasher_AnimBP before PIE...
[2016.01.15-02.27.06:024][ 41]LogPlayLevel: [PIE] Compiling DasherHUD before PIE...
[2016.01.15-02.27.06:165][ 41]LogPlayLevel: [PIE] Compiling MoveToAlertLocation_Roach before PIE...
[2016.01.15-02.27.06:292][ 41]LogPlayLevel: [PIE] Compiling MoveToScatterPoint_Roach before PIE...
[2016.01.15-02.27.06:420][ 41]LogPlayLevel: [PIE] Compiling MoveToTargetsLastKnownLocation_Roach before PIE...
[2016.01.15-02.27.06:549][ 41]LogPlayLevel: [PIE] Compiling Roach_Anim_BP before PIE...
[2016.01.15-02.27.07:156][ 41]LogPlayLevel: PIE:  Blueprint regeneration took 7528 ms (17 blueprints)
[2016.01.15-02.27.07:156][ 41]PIE: New page: PIE session: OutsideView (Jan 14, 2016, 4:27:07 PM)
[2016.01.15-02.27.07:205][ 41]LogPlayLevel: PIE: StaticDuplicateObject took: (0.048410s)
[2016.01.15-02.27.07:206][ 41]LogPlayLevel: PIE: World Init took: (0.000879s)
[2016.01.15-02.27.07:206][ 41]LogPlayLevel: PIE: Created PIE world by copying editor world from /Game/Maps/OutsideView.OutsideView to /Game/Maps/UEDPIE_0_OutsideView.OutsideView (0.049524s)
[2016.01.15-02.27.07:242][ 41]LogWorld: Game class is 'ExtinctionGameMode_C'
[2016.01.15-02.27.07:247][ 41]LogAIModule: Creating AISystem for world OutsideView
[2016.01.15-02.27.07:634][ 41]LogWorld:Warning: *** WARNING - PATHS MAY NOT BE VALID ***
[2016.01.15-02.27.07:634][ 41]LogWorld: Bringing World /Game/Maps/UEDPIE_0_OutsideView.OutsideView up for play (max tick rate 0) at 2016.01.14-21.27.07
[2016.01.15-02.27.07:635][ 41]LogWorld: Bringing up level for play took: 0.388575
[2016.01.15-02.27.07:636][ 41]LogBlueprintUserMessages:Warning: SetTimer passed a bad function (ClearRoachsInSight) or object (PlayerCharacter_BP_C_3)
[2016.01.15-02.27.07:639][ 41]LogArray:Warning: Attempted to get an item from array CallFunc_GetAllActorsOfClass_OutActors out of bounds [0/0]!
[2016.01.15-02.27.07:639][ 41]LogScript:Warning: Accessed None 'Companion'
	OutsideView_C /Game/Maps/UEDPIE_0_OutsideView.OutsideView:PersistentLevel.OutsideView_C_0
	Function /Game/Maps/OutsideView.OutsideView_C:ExecuteUbergraph_OutsideView:04FE
[2016.01.15-02.27.07:639][ 41]PIE:Error: Error Accessed None 'Companion' from node ForEachLoop in blueprint OutsideView
[2016.01.15-02.27.07:640][ 41]PIE: Info Play in editor start time for /Game/Maps/UEDPIE_0_OutsideView 8.492
[2016.01.15-02.28.05:754][ 60]LogParticles: Destroying 0 GPU particle simulations for FXSystem 0x0000000041EBAC00
[2016.01.15-02.28.06:624][ 83]LogEditorViewport: Clicking on Actor (LMB): StaticMeshActor (DemoMap)
[2016.01.15-02.28.30:208][ 42]LogEditorViewport: Clicking on Actor (LMB): StaticMeshActor (DemoMap)
[2016.01.15-02.28.40:488][536]BlueprintLog: New page: Pre-PIE auto-recompile
[2016.01.15-02.28.40:509][536]LogPlayLevel: [PIE] Compiling Companion before PIE...
[2016.01.15-02.28.41:589][536]LogActorComponent: UnregisterComponent: (/Engine/Transient.ProjectileMovementComponent_0) Not registered. Aborting.
[2016.01.15-02.28.41:589][536]LogActorComponent: UnregisterComponent: (/Engine/Transient.ProjectileMovementComponent_4) Not registered. Aborting.
[2016.01.15-02.28.41:706][536]LogPlayLevel: [PIE] Compiling PlayerCharacter_BP before PIE...
[2016.01.15-02.28.42:748][536]LogBlueprint:Warning: [Companion_AnimBp] CreatePinForVariable: 'JumpScale' variable not found. Base class was probably changed.
[2016.01.15-02.28.42:950][536]LogPlayLevel: [PIE] Compiling Roach_Alpha before PIE...
[2016.01.15-02.28.43:496][536]LogPlayLevel: [PIE] Compiling OutsideView before PIE...
[2016.01.15-02.28.43:632][536]LogPlayLevel: [PIE] Compiling MoveTo before PIE...
[2016.01.15-02.28.43:732][536]LogPlayLevel: [PIE] Compiling DefendAreaContext before PIE...
[2016.01.15-02.28.43:826][536]LogPlayLevel: [PIE] Compiling EnemyContext before PIE...
[2016.01.15-02.28.43:919][536]LogPlayLevel: [PIE] Compiling EQSGener before PIE...
[2016.01.15-02.28.44:100][536]LogPlayLevel: [PIE] Compiling Companion_AnimBp before PIE...
[2016.01.15-02.28.44:914][536]LogBlueprint:Warning: [compiler] Warning Could not find a variable named "JumpScale" in 'PlayerCharacter_BP_C'.
Make sure 'PlayerCharacter_BP_C' has been compiled for  Get JumpScale 
[2016.01.15-02.28.45:037][536]LogBlueprint:Warning: [compiler] Warning [0647.53] Compile of Companion_AnimBp successful, but with 1 Warning(s) [in 812 ms]
[2016.01.15-02.28.45:038][536]LogBlueprint:Warning: [compiler] Warning [0647.53] Compile of Companion_AnimBp successful, but with 2 Warning(s) [in 0 ms]
[2016.01.15-02.28.45:124][536]LogBlueprint:Warning: [compiler] Warning [0647.62] Compile of Companion_AnimBp successful, but with 3 Warning(s) [in 86 ms]
[2016.01.15-02.28.45:135][536]LogBlueprint:Warning: [compiler] Warning [0647.63] Compile of Companion_AnimBp successful, but with 4 Warning(s) [in 10 ms]
[2016.01.15-02.28.45:135][536]LogBlueprint:Warning: [compiler] Warning [0647.63] Compile of Companion_AnimBp successful, but with 5 Warning(s) [in 0 ms]
[2016.01.15-02.28.45:136][536]LogBlueprint:Warning: [compiler] Warning [0647.63] Compile of Companion_AnimBp successful, but with 6 Warning(s) [in 0 ms]
[2016.01.15-02.28.45:144][536]LogPlayLevel: [PIE] Compiling RoachCollision before PIE...
[2016.01.15-02.28.45:309][536]LogPlayLevel: [PIE] Compiling Genass_Rifle before PIE...
[2016.01.15-02.28.45:536][536]LogPlayLevel: [PIE] Compiling Dasher_AnimBP before PIE...
[2016.01.15-02.28.47:007][536]LogPlayLevel: [PIE] Compiling DasherHUD before PIE...
[2016.01.15-02.28.47:150][536]LogPlayLevel: [PIE] Compiling MoveToAlertLocation_Roach before PIE...
[2016.01.15-02.28.47:279][536]LogPlayLevel: [PIE] Compiling MoveToScatterPoint_Roach before PIE...
[2016.01.15-02.28.47:411][536]LogPlayLevel: [PIE] Compiling MoveToTargetsLastKnownLocation_Roach before PIE...
[2016.01.15-02.28.47:542][536]LogPlayLevel: [PIE] Compiling Roach_Anim_BP before PIE...
[2016.01.15-02.28.48:171][536]LogPlayLevel: PIE:  Blueprint regeneration took 7681 ms (17 blueprints)
[2016.01.15-02.28.48:171][536]PIE: New page: PIE session: OutsideView (Jan 14, 2016, 4:28:48 PM)
[2016.01.15-02.28.48:218][536]LogPlayLevel: PIE: StaticDuplicateObject took: (0.046925s)
[2016.01.15-02.28.48:219][536]LogPlayLevel: PIE: World Init took: (0.000823s)
[2016.01.15-02.28.48:219][536]LogPlayLevel: PIE: Created PIE world by copying editor world from /Game/Maps/OutsideView.OutsideView to /Game/Maps/UEDPIE_0_OutsideView.OutsideView (0.048002s)
[2016.01.15-02.28.48:255][536]LogWorld: Game class is 'ExtinctionGameMode_C'
[2016.01.15-02.28.48:258][536]LogAIModule: Creating AISystem for world OutsideView
[2016.01.15-02.28.48:650][536]LogWorld:Warning: *** WARNING - PATHS MAY NOT BE VALID ***
[2016.01.15-02.28.48:650][536]LogWorld: Bringing World /Game/Maps/UEDPIE_0_OutsideView.OutsideView up for play (max tick rate 0) at 2016.01.14-21.28.48
[2016.01.15-02.28.48:652][536]LogWorld: Bringing up level for play took: 0.393926
[2016.01.15-02.28.48:653][536]LogBlueprintUserMessages:Warning: SetTimer passed a bad function (ClearRoachsInSight) or object (PlayerCharacter_BP_C_3)
[2016.01.15-02.28.48:656][536]LogArray:Warning: Attempted to get an item from array CallFunc_GetAllActorsOfClass_OutActors out of bounds [0/0]!
[2016.01.15-02.28.48:656][536]LogScript:Warning: Accessed None 'Companion'
	OutsideView_C /Game/Maps/UEDPIE_0_OutsideView.OutsideView:PersistentLevel.OutsideView_C_2
	Function /Game/Maps/OutsideView.OutsideView_C:ExecuteUbergraph_OutsideView:04FE
[2016.01.15-02.28.48:656][536]PIE:Error: Error Accessed None 'Companion' from node ForEachLoop in blueprint OutsideView
[2016.01.15-02.28.48:657][536]PIE: Info Play in editor start time for /Game/Maps/UEDPIE_0_OutsideView 7.506
[2016.01.15-02.29.04:370][276]LogParticles: Destroying 0 GPU particle simulations for FXSystem 0x0000000020C15A80
[2016.01.15-02.29.15:791][807]LogEditorViewport: Clicking on Actor (LMB): StaticMeshActor (DemoMap)
[2016.01.15-02.29.19:757][976]LogVSAccessor:Warning: Couldn't access Visual Studio
[2016.01.15-02.29.19:757][976]Recompiling Extinction...
[2016.01.15-02.29.19:757][976]Launching UnrealBuildTool... [C:/Program Files/Unreal Engine/4.7/Engine/Binaries/DotNET/UnrealBuildTool.exe Extinction -ModuleWithSuffix Extinction 7433 Win64 Development -editorrecompile -canskiplink "G:/Unreal Projects/Extinction 4.7/Extinction.uproject" -rocket  -rocket]
[2016.01.15-02.29.19:758][976]Warning: Starting HotReload took  0.0s.
[2016.01.15-02.29.21:683][ 53]CompilerResultsLog: New page: Compilation - Jan 14, 2016, 4:29:21 PM
[2016.01.15-02.29.21:683][ 53]LogMainFrame: MainFrame: Module compiling took 1.936 seconds
[2016.01.15-02.29.21:683][ 53]Warning: HotReload failed, recompile failed
[2016.01.15-02.29.23:338][129]BlueprintLog: New page: Pre-PIE auto-recompile
[2016.01.15-02.29.23:359][129]LogPlayLevel: [PIE] Compiling Companion before PIE...
[2016.01.15-02.29.24:440][129]LogPlayLevel: [PIE] Compiling PlayerCharacter_BP before PIE...
[2016.01.15-02.29.25:499][129]LogBlueprint:Warning: [Companion_AnimBp] CreatePinForVariable: 'JumpScale' variable not found. Base class was probably changed.
[2016.01.15-02.29.25:700][129]LogPlayLevel: [PIE] Compiling Roach_Alpha before PIE...
[2016.01.15-02.29.26:251][129]LogPlayLevel: [PIE] Compiling OutsideView before PIE...
[2016.01.15-02.29.26:387][129]LogPlayLevel: [PIE] Compiling MoveTo before PIE...
[2016.01.15-02.29.26:489][129]LogPlayLevel: [PIE] Compiling DefendAreaContext before PIE...
[2016.01.15-02.29.26:583][129]LogPlayLevel: [PIE] Compiling EnemyContext before PIE...
[2016.01.15-02.29.26:676][129]LogPlayLevel: [PIE] Compiling EQSGener before PIE...
[2016.01.15-02.29.26:859][129]LogPlayLevel: [PIE] Compiling Companion_AnimBp before PIE...
[2016.01.15-02.29.27:670][129]LogBlueprint:Warning: [compiler] Warning Could not find a variable named "JumpScale" in 'PlayerCharacter_BP_C'.
Make sure 'PlayerCharacter_BP_C' has been compiled for  Get JumpScale 
[2016.01.15-02.29.27:792][129]LogBlueprint:Warning: [compiler] Warning [0690.28] Compile of Companion_AnimBp successful, but with 1 Warning(s) [in 813 ms]
[2016.01.15-02.29.27:793][129]LogBlueprint:Warning: [compiler] Warning [0690.28] Compile of Companion_AnimBp successful, but with 2 Warning(s) [in 0 ms]
[2016.01.15-02.29.27:881][129]LogBlueprint:Warning: [compiler] Warning [0690.37] Compile of Companion_AnimBp successful, but with 3 Warning(s) [in 88 ms]
[2016.01.15-02.29.27:893][129]LogBlueprint:Warning: [compiler] Warning [0690.38] Compile of Companion_AnimBp successful, but with 4 Warning(s) [in 11 ms]
[2016.01.15-02.29.27:893][129]LogBlueprint:Warning: [compiler] Warning [0690.38] Compile of Companion_AnimBp successful, but with 5 Warning(s) [in 0 ms]
[2016.01.15-02.29.27:893][129]LogBlueprint:Warning: [compiler] Warning [0690.38] Compile of Companion_AnimBp successful, but with 6 Warning(s) [in 0 ms]
[2016.01.15-02.29.27:901][129]LogPlayLevel: [PIE] Compiling RoachCollision before PIE...
[2016.01.15-02.29.28:067][129]LogPlayLevel: [PIE] Compiling Genass_Rifle before PIE...
[2016.01.15-02.29.28:295][129]LogPlayLevel: [PIE] Compiling Dasher_AnimBP before PIE...
[2016.01.15-02.29.29:751][129]LogPlayLevel: [PIE] Compiling DasherHUD before PIE...
[2016.01.15-02.29.29:896][129]LogPlayLevel: [PIE] Compiling MoveToAlertLocation_Roach before PIE...
[2016.01.15-02.29.30:025][129]LogPlayLevel: [PIE] Compiling MoveToScatterPoint_Roach before PIE...
[2016.01.15-02.29.30:154][129]LogPlayLevel: [PIE] Compiling MoveToTargetsLastKnownLocation_Roach before PIE...
[2016.01.15-02.29.30:284][129]LogPlayLevel: [PIE] Compiling Roach_Anim_BP before PIE...
[2016.01.15-02.29.30:894][129]LogPlayLevel: PIE:  Blueprint regeneration took 7557 ms (17 blueprints)
[2016.01.15-02.29.30:895][129]PIE: New page: PIE session: OutsideView (Jan 14, 2016, 4:29:30 PM)
[2016.01.15-02.29.30:945][129]LogPlayLevel: PIE: StaticDuplicateObject took: (0.049940s)
[2016.01.15-02.29.30:946][129]LogPlayLevel: PIE: World Init took: (0.000763s)
[2016.01.15-02.29.30:946][129]LogPlayLevel: PIE: Created PIE world by copying editor world from /Game/Maps/OutsideView.OutsideView to /Game/Maps/UEDPIE_0_OutsideView.OutsideView (0.050956s)
[2016.01.15-02.29.30:978][129]LogWorld: Game class is 'ExtinctionGameMode_C'
[2016.01.15-02.29.30:981][129]LogAIModule: Creating AISystem for world OutsideView
[2016.01.15-02.29.31:369][129]LogWorld:Warning: *** WARNING - PATHS MAY NOT BE VALID ***
[2016.01.15-02.29.31:369][129]LogWorld: Bringing World /Game/Maps/UEDPIE_0_OutsideView.OutsideView up for play (max tick rate 0) at 2016.01.14-21.29.31
[2016.01.15-02.29.31:371][129]LogWorld: Bringing up level for play took: 0.389628
[2016.01.15-02.29.31:372][129]LogBlueprintUserMessages:Warning: SetTimer passed a bad function (ClearRoachsInSight) or object (PlayerCharacter_BP_C_3)
[2016.01.15-02.29.31:375][129]LogArray:Warning: Attempted to get an item from array CallFunc_GetAllActorsOfClass_OutActors out of bounds [0/0]!
[2016.01.15-02.29.31:375][129]LogScript:Warning: Accessed None 'Companion'
	OutsideView_C /Game/Maps/UEDPIE_0_OutsideView.OutsideView:PersistentLevel.OutsideView_C_0
	Function /Game/Maps/OutsideView.OutsideView_C:ExecuteUbergraph_OutsideView:04FE
[2016.01.15-02.29.31:375][129]PIE:Error: Error Accessed None 'Companion' from node ForEachLoop in blueprint OutsideView
[2016.01.15-02.29.31:376][129]PIE: Info Play in editor start time for /Game/Maps/UEDPIE_0_OutsideView 8.224
[2016.01.15-02.29.56:032][346]LogParticles: Destroying 0 GPU particle simulations for FXSystem 0x00000000420147C0
[2016.01.15-02.32.22:201][553]Cmd: OBJ SAVEPACKAGE PACKAGE="/Game/Maps/OutsideView" FILE="G:/Unreal Projects/Extinction 4.7/Saved/Autosaves/Game/Maps/OutsideView_Auto1.umap" SILENT=true AUTOSAVING=true KEEPDIRTY=false
[2016.01.15-02.32.22:956][553]LogSavePackage: Save=579.020325ms
[2016.01.15-02.32.22:957][553]LogSavePackage: Moving 'G:/Unreal Projects/Extinction 4.7/Saved/OutsideView_Auto1DC170E4A40EF0C97B7D6879E61543439.tmp' to 'G:/Unreal Projects/Extinction 4.7/Saved/Autosaves/Game/Maps/OutsideView_Auto1.umap'
[2016.01.15-02.32.22:968][553]LogFileHelpers: Editor autosave (incl. sublevels) for '/Game/Maps/OutsideView' took 0.987
[2016.01.15-02.32.22:968][553]LogFileHelpers: Editor autosave (incl. sublevels) for all levels took 0.987
[2016.01.15-02.32.23:029][553]OBJ SavePackage: Generating thumbnails for [1] asset(s) in package [/Game/Characters/PlayerCharacter_BP] ([1] browsable assets)...
[2016.01.15-02.32.23:067][553]OBJ SavePackage:     Rendered thumbnail for [Blueprint /Game/Characters/PlayerCharacter_BP.PlayerCharacter_BP]
[2016.01.15-02.32.23:067][553]OBJ SavePackage: Finished generating thumbnails for package [/Game/Characters/PlayerCharacter_BP]
[2016.01.15-02.32.23:068][553]Cmd: OBJ SAVEPACKAGE PACKAGE="/Game/Characters/PlayerCharacter_BP" FILE="G:/Unreal Projects/Extinction 4.7/Saved/Autosaves/Game/Characters/PlayerCharacter_BP_Auto1.uasset" SILENT=false AUTOSAVING=true
[2016.01.15-02.32.26:639][553]LogSavePackage: Save=3062.548340ms
[2016.01.15-02.32.26:641][553]LogSavePackage: Moving 'G:/Unreal Projects/Extinction 4.7/Saved/PlayerCharacter_BP_Auto19AD299A44BD7B9891D5BCEB947077556.tmp' to 'G:/Unreal Projects/Extinction 4.7/Saved/Autosaves/Game/Characters/PlayerCharacter_BP_Auto1.uasset'
[2016.01.15-02.32.26:695][553]OBJ SavePackage: Generating thumbnails for [1] asset(s) in package [/Game/Weapons/BP_Genass_Energy] ([1] browsable assets)...
[2016.01.15-02.32.26:729][553]OBJ SavePackage:     Rendered thumbnail for [Blueprint /Game/Weapons/BP_Genass_Energy.BP_Genass_Energy]
[2016.01.15-02.32.26:729][553]OBJ SavePackage: Finished generating thumbnails for package [/Game/Weapons/BP_Genass_Energy]
[2016.01.15-02.32.26:730][553]Cmd: OBJ SAVEPACKAGE PACKAGE="/Game/Weapons/BP_Genass_Energy" FILE="G:/Unreal Projects/Extinction 4.7/Saved/Autosaves/Game/Weapons/BP_Genass_Energy_Auto1.uasset" SILENT=false AUTOSAVING=true
[2016.01.15-02.32.27:286][553]LogSavePackage: Save=540.740662ms
[2016.01.15-02.32.27:287][553]LogSavePackage: Moving 'G:/Unreal Projects/Extinction 4.7/Saved/BP_Genass_Energy_Auto17527683441075AB4FDAD75A08019F93F.tmp' to 'G:/Unreal Projects/Extinction 4.7/Saved/Autosaves/Game/Weapons/BP_Genass_Energy_Auto1.uasset'
[2016.01.15-02.32.27:330][553]LogFileHelpers: Auto-saving content packages took 4.362
[2016.01.15-07.50.40:141][101]LogActorComponent: UnregisterComponent: (/Engine/Transient.CharMoveComp) Not registered. Aborting.
[2016.01.15-07.50.40:141][101]LogActorComponent: UnregisterComponent: (/Engine/Transient.PawnSensingComponent_0) Not registered. Aborting.
[2016.01.15-07.50.40:141][101]LogActorComponent: UnregisterComponent: (/Engine/Transient.ProjectileMovementComponent_0) Not registered. Aborting.
[2016.01.15-07.50.40:141][101]LogActorComponent: UnregisterComponent: (/Engine/Transient.ProjectileMovementComponent_5) Not registered. Aborting.
[2016.01.15-07.50.42:203][102]Cmd: QUIT_EDITOR
[2016.01.15-07.50.42:435][102]LogExit: Preparing to exit.
[2016.01.15-07.50.42:909][102]LogExit: Editor shut down
[2016.01.15-07.50.42:910][102]LogExit: Transaction tracking system shut down
[2016.01.15-07.50.42:931][102]LogParticles: Destroying 0 GPU particle simulations for FXSystem 0x00000000297FF560
[2016.01.15-07.50.42:932][102]LogParticles: Destroying 0 GPU particle simulations for FXSystem 0x000000002E628860
[2016.01.15-07.50.42:934][102]LogParticles: Destroying 0 GPU particle simulations for FXSystem 0x000000002E6294E0
[2016.01.15-07.50.42:934][102]LogParticles: Destroying 0 GPU particle simulations for FXSystem 0x000000003B54BC40
[2016.01.15-07.50.42:934][102]LogParticles: Destroying 0 GPU particle simulations for FXSystem 0x000000003B54B560
[2016.01.15-07.50.42:934][102]LogParticles: Destroying 0 GPU particle simulations for FXSystem 0x000000003D64B560
[2016.01.15-07.50.42:937][102]LogParticles: Destroying 0 GPU particle simulations for FXSystem 0x000000004729C860
[2016.01.15-07.50.42:937][102]LogParticles: Destroying 0 GPU particle simulations for FXSystem 0x000000002D860AE0
[2016.01.15-07.50.43:096][102]LogParticles: Destroying 0 GPU particle simulations for FXSystem 0x000000002D90EDE0
[2016.01.15-07.50.43:096][102]LogExit: Object subsystem successfully closed.
[2016.01.15-07.50.43:151][102]LogModuleManager: Shutting down and abandoning module CrashTracker (179)
[2016.01.15-07.50.43:151][102]LogModuleManager: Shutting down and abandoning module SuperSearch (178)
[2016.01.15-07.50.43:151][102]LogModuleManager: Shutting down and abandoning module SceneOutliner (177)
[2016.01.15-07.50.43:151][102]LogModuleManager: Shutting down and abandoning module EditorWidgets (176)
[2016.01.15-07.50.43:151][102]LogModuleManager: Shutting down and abandoning module CollectionManager (175)
[2016.01.15-07.50.43:151][102]LogModuleManager: Shutting down and abandoning module StatsViewer (174)
[2016.01.15-07.50.43:151][102]LogModuleManager: Shutting down and abandoning module FoliageEdit (173)
[2016.01.15-07.50.43:151][102]LogModuleManager: Shutting down and abandoning module LandscapeEditor (172)
[2016.01.15-07.50.43:152][102]LogModuleManager: Shutting down and abandoning module MeshPaint (171)
[2016.01.15-07.50.43:152][102]LogModuleManager: Shutting down and abandoning module ActorPickerMode (170)
[2016.01.15-07.50.43:152][102]LogModuleManager: Shutting down and abandoning module GeometryMode (169)
[2016.01.15-07.50.43:152][102]LogModuleManager: Shutting down and abandoning module TextureAlignMode (168)
[2016.01.15-07.50.43:152][102]LogModuleManager: Shutting down and abandoning module BspMode (167)
[2016.01.15-07.50.43:152][102]LogModuleManager: Shutting down and abandoning module PlacementMode (166)
[2016.01.15-07.50.43:152][102]LogModuleManager: Shutting down and abandoning module AutomationWorker (165)
[2016.01.15-07.50.43:152][102]LogModuleManager: Shutting down and abandoning module CharacterAI (164)
[2016.01.15-07.50.43:152][102]LogModuleManager: Shutting down and abandoning module SmartSnapping (163)
[2016.01.15-07.50.43:152][102]LogModuleManager: Shutting down and abandoning module ViewportSnapping (162)
[2016.01.15-07.50.43:152][102]LogModuleManager: Shutting down and abandoning module LogVisualizer (161)
[2016.01.15-07.50.43:152][102]LogModuleManager: Shutting down and abandoning module GameProjectGeneration (160)
[2016.01.15-07.50.43:152][102]LogModuleManager: Shutting down and abandoning module IntroTutorials (159)
[2016.01.15-07.50.43:152][102]LogModuleManager: Shutting down and abandoning module EditorLiveStreaming (158)
[2016.01.15-07.50.43:152][102]LogModuleManager: Shutting down and abandoning module HardwareTargeting (157)
[2016.01.15-07.50.43:152][102]LogModuleManager: Shutting down and abandoning module DeviceProfileEditor (156)
[2016.01.15-07.50.43:152][102]LogModuleManager: Shutting down and abandoning module UndoHistory (155)
[2016.01.15-07.50.43:152][102]LogModuleManager: Shutting down and abandoning module GameplayTagsEditor (154)
[2016.01.15-07.50.43:152][102]LogModuleManager: Shutting down and abandoning module UserFeedback (153)
[2016.01.15-07.50.43:152][102]LogModuleManager: Shutting down and abandoning module XmlParser (152)
[2016.01.15-07.50.43:152][102]LogModuleManager: Shutting down and abandoning module Blutility (151)
[2016.01.15-07.50.43:152][102]LogModuleManager: Shutting down and abandoning module IOSPlatformEditor (150)
[2016.01.15-07.50.43:152][102]LogModuleManager: Shutting down and abandoning module IOSRuntimeSettings (149)
[2016.01.15-07.50.43:152][102]LogModuleManager: Shutting down and abandoning module AndroidDeviceDetection (148)
[2016.01.15-07.50.44:121][102]LogModuleManager: Shutting down and abandoning module AndroidPlatformEditor (147)
[2016.01.15-07.50.44:121][102]LogModuleManager: Shutting down and abandoning module AndroidRuntimeSettings (146)
[2016.01.15-07.50.44:121][102]LogModuleManager: Shutting down and abandoning module ProjectTargetPlatformEditor (145)
[2016.01.15-07.50.44:121][102]LogModuleManager: Shutting down and abandoning module ProjectSettingsViewer (144)
[2016.01.15-07.50.44:121][102]LogModuleManager: Shutting down and abandoning module InputBindingEditor (143)
[2016.01.15-07.50.44:121][102]LogModuleManager: Shutting down and abandoning module EditorSettingsViewer (142)
[2016.01.15-07.50.44:121][102]LogModuleManager: Shutting down and abandoning module SettingsEditor (141)
[2016.01.15-07.50.44:121][102]LogModuleManager: Shutting down and abandoning module ProjectLauncher (140)
[2016.01.15-07.50.44:121][102]LogModuleManager: Shutting down and abandoning module SessionFrontend (139)
[2016.01.15-07.50.44:121][102]LogModuleManager: Shutting down and abandoning module ProfilerClient (138)
[2016.01.15-07.50.44:121][102]LogModuleManager: Shutting down and abandoning module TargetDeviceServices (137)
[2016.01.15-07.50.44:121][102]LogModuleManager: Shutting down and abandoning module DeviceManager (136)
[2016.01.15-07.50.44:121][102]LogModuleManager: Shutting down and abandoning module AutomationController (135)
[2016.01.15-07.50.44:121][102]LogModuleManager: Shutting down and abandoning module AutomationWindow (134)
[2016.01.15-07.50.44:121][102]LogModuleManager: Shutting down and abandoning module Layers (133)
[2016.01.15-07.50.44:121][102]LogModuleManager: Shutting down and abandoning module ComponentVisualizers (132)
[2016.01.15-07.50.44:121][102]LogModuleManager: Shutting down and abandoning module DetailCustomizations (131)
[2016.01.15-07.50.44:122][102]LogModuleManager: Shutting down and abandoning module PackagesDialog (130)
[2016.01.15-07.50.44:122][102]LogModuleManager: Shutting down and abandoning module AssetRegistry (129)
[2016.01.15-07.50.45:617][102]LogModuleManager: Shutting down and abandoning module Persona (128)
[2016.01.15-07.50.45:617][102]LogModuleManager: Shutting down and abandoning module SlateReflector (127)
[2016.01.15-07.50.45:617][102]LogModuleManager: Shutting down and abandoning module LevelEditor (126)
[2016.01.15-07.50.45:618][102]LogModuleManager: Shutting down and abandoning module Kismet (125)
[2016.01.15-07.50.45:618][102]LogModuleManager: Shutting down and abandoning module GraphEditor (124)
[2016.01.15-07.50.45:618][102]LogModuleManager: Shutting down and abandoning module ClassViewer (123)
[2016.01.15-07.50.45:618][102]LogModuleManager: Shutting down and abandoning module Toolbox (122)
[2016.01.15-07.50.45:618][102]LogModuleManager: Shutting down and abandoning module ModuleUI (121)
[2016.01.15-07.50.45:618][102]LogModuleManager: Shutting down and abandoning module MovieSceneTools (120)
[2016.01.15-07.50.45:618][102]LogModuleManager: Shutting down and abandoning module OutputLog (119)
[2016.01.15-07.50.45:618][102]LogModuleManager: Shutting down and abandoning module GammaUI (118)
[2016.01.15-07.50.45:618][102]LogModuleManager: Shutting down and abandoning module Documentation (117)
[2016.01.15-07.50.45:618][102]LogModuleManager: Shutting down and abandoning module GameLiveStreaming (116)
[2016.01.15-07.50.45:618][102]LogModuleManager: Shutting down and abandoning module StreamingPauseRendering (115)
[2016.01.15-07.50.45:618][102]LogModuleManager: Shutting down and abandoning module HTTP (114)
[2016.01.15-07.50.45:618][102]LogModuleManager: Shutting down and abandoning module AnalyticsET (113)
[2016.01.15-07.50.45:618][102]LogModuleManager: Shutting down and abandoning module Analytics (112)
[2016.01.15-07.50.45:618][102]LogModuleManager: Shutting down and abandoning module AITestSuite (111)
[2016.01.15-07.50.45:618][102]LogModuleManager: Shutting down and abandoning module GameplayDebugger (110)
[2016.01.15-07.50.45:618][102]LogModuleManager: Shutting down and abandoning module AIModule (109)
[2016.01.15-07.50.45:618][102]LogModuleManager: Shutting down and abandoning module ProfilerService (108)
[2016.01.15-07.50.45:670][102]LogModuleManager: Shutting down and abandoning module TaskGraph (107)
[2016.01.15-07.50.45:670][102]LogModuleManager: Shutting down and abandoning module SlateRemote (106)
[2016.01.15-07.50.45:670][102]LogModuleManager: Shutting down and abandoning module ScriptEditorPlugin (105)
[2016.01.15-07.50.45:670][102]LogModuleManager: Shutting down and abandoning module CustomMeshComponent (104)
[2016.01.15-07.50.45:670][102]LogModuleManager: Shutting down and abandoning module CableComponent (103)
[2016.01.15-07.50.45:670][102]LogModuleManager: Shutting down and abandoning module MessagingDebugger (102)
[2016.01.15-07.50.45:670][102]LogModuleManager: Shutting down and abandoning module MediaPlayerEditor (101)
[2016.01.15-07.50.45:670][102]LogModuleManager: Shutting down and abandoning module SpeedTreeImporter (100)
[2016.01.15-07.50.45:670][102]LogModuleManager: Shutting down and abandoning module PluginsEditor (99)
[2016.01.15-07.50.45:670][102]LogModuleManager: Shutting down and abandoning module MainFrame (98)
[2016.01.15-07.50.45:670][102]LogModuleManager: Shutting down and abandoning module EpicSurvey (97)
[2016.01.15-07.50.45:670][102]LogModuleManager: Shutting down and abandoning module DesktopPlatform (96)
[2016.01.15-07.50.45:670][102]LogModuleManager: Shutting down and abandoning module DirectoryWatcher (95)
[2016.01.15-07.50.45:671][102]LogModuleManager: Shutting down and abandoning module HotReload (94)
[2016.01.15-07.50.45:671][102]LogModuleManager: Shutting down and abandoning module VisualStudioSourceCodeAccess (93)
[2016.01.15-07.50.45:671][102]LogModuleManager: Shutting down and abandoning module UObjectPlugin (92)
[2016.01.15-07.50.45:671][102]LogModuleManager: Shutting down and abandoning module SubversionSourceControl (91)
[2016.01.15-07.50.45:671][102]LogModuleManager: Shutting down and abandoning module PerforceSourceControl (90)
[2016.01.15-07.50.45:671][102]LogModuleManager: Shutting down and abandoning module SourceControl (89)
[2016.01.15-07.50.45:671][102]LogModuleManager: Shutting down and abandoning module GitSourceControl (88)
[2016.01.15-07.50.45:671][102]LogModuleManager: Shutting down and abandoning module BlankPlugin (87)
[2016.01.15-07.50.45:671][102]LogModuleManager: Shutting down and abandoning module PaperTiledImporter (86)
[2016.01.15-07.50.45:671][102]LogModuleManager: Shutting down and abandoning module PaperJsonImporter (85)
[2016.01.15-07.50.45:671][102]LogModuleManager: Shutting down and abandoning module ContentBrowser (84)
[2016.01.15-07.50.45:672][102]LogModuleManager: Shutting down and abandoning module Paper2DEditor (83)
[2016.01.15-07.50.45:672][102]LogModuleManager: Shutting down and abandoning module Extinction (82)
[2016.01.15-07.50.45:672][102]LogModuleManager: Shutting down and abandoning module ScriptPlugin (81)
[2016.01.15-07.50.45:672][102]LogModuleManager: Shutting down and abandoning module UdpMessaging (80)
[2016.01.15-07.50.45:772][102]LogModuleManager: Shutting down and abandoning module Paper2D (79)
[2016.01.15-07.50.45:772][102]LogModuleManager: Shutting down and abandoning module WindowsMoviePlayer (78)
[2016.01.15-07.50.45:781][102]LogModuleManager: Shutting down and abandoning module Media (77)
[2016.01.15-07.50.45:781][102]LogModuleManager: Shutting down and abandoning module WmfMedia (76)
[2016.01.15-07.50.45:781][102]LogModuleManager: Shutting down and abandoning module OnlineBlueprintSupport (75)
[2016.01.15-07.50.45:781][102]LogModuleManager: Shutting down and abandoning module EnvironmentQueryEditor (74)
[2016.01.15-07.50.45:781][102]LogModuleManager: Shutting down and abandoning module PropertyEditor (73)
[2016.01.15-07.50.45:781][102]LogModuleManager: Shutting down and abandoning module BehaviorTreeEditor (72)
[2016.01.15-07.50.45:781][102]LogModuleManager: Shutting down and abandoning module FunctionalTesting (71)
[2016.01.15-07.50.45:781][102]LogModuleManager: Shutting down and abandoning module CollisionAnalyzer (70)
[2016.01.15-07.50.45:781][102]LogModuleManager: Shutting down and abandoning module WorkspaceMenuStructure (69)
[2016.01.15-07.50.45:781][102]LogModuleManager: Shutting down and abandoning module MessageLog (68)
[2016.01.15-07.50.45:782][102]LogModuleManager: Shutting down and abandoning module Sequencer (67)
[2016.01.15-07.50.45:782][102]LogModuleManager: Shutting down and abandoning module AssetTools (66)
[2016.01.15-07.50.45:782][102]LogModuleManager: Shutting down and abandoning module UMGEditor (65)
[2016.01.15-07.50.45:782][102]LogModuleManager: Shutting down and abandoning module UMG (64)
[2016.01.15-07.50.45:782][102]LogModuleManager: Shutting down and abandoning module Slate (63)
[2016.01.15-07.50.45:782][102]LogModuleManager: Shutting down and abandoning module EditorStyle (62)
[2016.01.15-07.50.45:792][102]LogModuleManager: Shutting down and abandoning module SessionServices (61)
[2016.01.15-07.50.45:792][102]LogModuleManager: Shutting down and abandoning module SourceCodeAccess (60)
[2016.01.15-07.50.45:792][102]LogModuleManager: Shutting down and abandoning module HeadMountedDisplay (59)
[2016.01.15-07.50.45:792][102]LogModuleManager: Shutting down and abandoning module XAudio2 (58)
[2016.01.15-07.50.45:792][102]LogModuleManager: Shutting down and abandoning module Networking (56)
[2016.01.15-07.50.45:793][102]LogModuleManager: Shutting down and abandoning module Core (55)
[2016.01.15-07.50.45:793][102]LogModuleManager: Shutting down and abandoning module KismetCompiler (54)
[2016.01.15-07.50.45:793][102]LogModuleManager: Shutting down and abandoning module PhysXFormats (53)
[2016.01.15-07.50.45:793][102]LogModuleManager: Shutting down and abandoning module MeshUtilities (52)
[2016.01.15-07.50.45:793][102]LogModuleManager: Shutting down and abandoning module DerivedDataCache (51)
[2016.01.15-07.50.45:864][102]LogDerivedDataCache: Shutdown
[2016.01.15-07.50.45:864][102]LogModuleManager: Shutting down and abandoning module ShaderFormatOpenGL (50)
[2016.01.15-07.50.45:864][102]LogModuleManager: Shutting down and abandoning module ShaderFormatD3D (49)
[2016.01.15-07.50.45:864][102]LogModuleManager: Shutting down and abandoning module MetalShaderFormat (48)
[2016.01.15-07.50.45:864][102]LogModuleManager: Shutting down and abandoning module TextureFormatUncompressed (47)
[2016.01.15-07.50.45:864][102]LogModuleManager: Shutting down and abandoning module TextureFormatPVR (46)
[2016.01.15-07.50.45:864][102]LogModuleManager: Shutting down and abandoning module TextureFormatIntelISPCTexComp (45)
[2016.01.15-07.50.45:864][102]LogModuleManager: Shutting down and abandoning module TextureFormatDXT (44)
[2016.01.15-07.50.45:864][102]LogModuleManager: Shutting down and abandoning module ImageWrapper (43)
[2016.01.15-07.50.45:864][102]LogModuleManager: Shutting down and abandoning module TextureFormatASTC (42)
[2016.01.15-07.50.45:864][102]LogModuleManager: Shutting down and abandoning module TextureFormatAndroid (41)
[2016.01.15-07.50.45:864][102]LogModuleManager: Shutting down and abandoning module AudioFormatOpus (40)
[2016.01.15-07.50.45:864][102]LogModuleManager: Shutting down and abandoning module AudioFormatOgg (39)
[2016.01.15-07.50.45:864][102]LogModuleManager: Shutting down and abandoning module AudioFormatADPCM (38)
[2016.01.15-07.50.45:864][102]LogModuleManager: Shutting down and abandoning module LinuxTargetPlatform (37)
[2016.01.15-07.50.45:864][102]LogModuleManager: Shutting down and abandoning module LinuxServerTargetPlatform (36)
[2016.01.15-07.50.45:864][102]LogModuleManager: Shutting down and abandoning module LinuxNoEditorTargetPlatform (35)
[2016.01.15-07.50.45:864][102]LogModuleManager: Shutting down and abandoning module Messaging (34)
[2016.01.15-07.50.45:864][102]LogModuleManager: Shutting down and abandoning module IOSTargetPlatform (33)
[2016.01.15-07.50.45:864][102]LogModuleManager: Shutting down and abandoning module HTML5TargetPlatform (32)
[2016.01.15-07.50.45:864][102]LogModuleManager: Shutting down and abandoning module Android_PVRTCTargetPlatform (31)
[2016.01.15-07.50.45:864][102]LogModuleManager: Shutting down and abandoning module Android_ETC2TargetPlatform (30)
[2016.01.15-07.50.45:864][102]LogModuleManager: Shutting down and abandoning module Android_ETC1TargetPlatform (29)
[2016.01.15-07.50.45:864][102]LogModuleManager: Shutting down and abandoning module Android_ES31TargetPlatform (28)
[2016.01.15-07.50.45:864][102]LogModuleManager: Shutting down and abandoning module Android_DXTTargetPlatform (27)
[2016.01.15-07.50.45:864][102]LogModuleManager: Shutting down and abandoning module Android_ATCTargetPlatform (26)
[2016.01.15-07.50.45:864][102]LogModuleManager: Shutting down and abandoning module AndroidTargetPlatform (25)
[2016.01.15-07.50.45:864][102]LogModuleManager: Shutting down and abandoning module WindowsTargetPlatform (24)
[2016.01.15-07.50.45:864][102]LogModuleManager: Shutting down and abandoning module WindowsServerTargetPlatform (23)
[2016.01.15-07.50.45:864][102]LogModuleManager: Shutting down and abandoning module WindowsNoEditorTargetPlatform (22)
[2016.01.15-07.50.45:864][102]LogModuleManager: Shutting down and abandoning module WindowsClientTargetPlatform (21)
[2016.01.15-07.50.45:864][102]LogModuleManager: Shutting down and abandoning module TargetPlatform (20)
[2016.01.15-07.50.45:864][102]LogModuleManager: Shutting down and abandoning module InputCore (19)
[2016.01.15-07.50.45:865][102]LogModuleManager: Shutting down and abandoning module Settings (18)
[2016.01.15-07.50.45:865][102]LogModuleManager: Shutting down and abandoning module OnlineSubsystem (16)
[2016.01.15-07.50.45:865][102]LogModuleManager: Shutting down and abandoning module OculusRift (15)
[2016.01.15-07.50.45:865][102]LogModuleManager: Shutting down and abandoning module ExampleDeviceProfileSelector (14)
[2016.01.15-07.50.45:865][102]LogModuleManager: Shutting down and abandoning module TextureCompressor (13)
[2016.01.15-07.50.45:865][102]LogModuleManager: Shutting down and abandoning module ShaderCore (12)
[2016.01.15-07.50.45:865][102]LogModuleManager: Shutting down and abandoning module Landscape (11)
[2016.01.15-07.50.45:865][102]LogModuleManager: Shutting down and abandoning module SlateRHIRenderer (10)
[2016.01.15-07.50.45:873][102]LogModuleManager: Shutting down and abandoning module OpenGLDrv (9)
[2016.01.15-07.50.45:873][102]LogModuleManager: Shutting down and abandoning module D3D11RHI (8)
[2016.01.15-07.50.45:873][102]LogModuleManager: Shutting down and abandoning module Renderer (7)
[2016.01.15-07.50.45:873][102]LogModuleManager: Shutting down and abandoning module Engine (6)
[2016.01.15-07.50.45:873][102]LogModuleManager: Shutting down and abandoning module CoreUObject (5)
[2016.01.15-07.50.45:873][102]LogModuleManager: Shutting down and abandoning module NetworkFile (4)
[2016.01.15-07.50.45:873][102]LogModuleManager: Shutting down and abandoning module StreamingFile (3)
[2016.01.15-07.50.45:873][102]LogModuleManager: Shutting down and abandoning module SandboxFile (2)
[2016.01.15-07.50.45:873][102]LogModuleManager: Shutting down and abandoning module PakFile (1)
[2016.01.15-07.50.45:874][102]LogExit: Exiting.
[2016.01.15-07.50.45:880][102]Log file closed, 01/15/16 02:50:45
