Log file open, 01/18/16 19:39:39
LogInit:Display: Running engine for game: Extinction
LogInit: Version: 4.7.6-2513093+++depot+UE4-Releases+4.7
LogInit: API Version: 2455222
LogInit: Compiled (64-bit): Apr 15 2015 12:09:54
LogInit: Compiled with Visual C++: 18.00.21005.01
LogInit: Build Configuration: Development
LogInit: Branch Name: ++depot+UE4-Releases+4.7
LogInit: Command line:  
LogInit: Base directory: C:/Program Files/Unreal Engine/4.7/Engine/Binaries/Win64/
LogInit: Rocket: 1
[2016.01.19-00.39.39:085][  0]LogTaskGraph: Started task graph with 3 named threads and 6 total threads.
[2016.01.19-00.39.39:139][  0]LogOnline:Warning: No default platform service specified for OnlineSubsystem
[2016.01.19-00.39.39:174][  0]LogInit: Presizing for 0 objects not considered by GC, pre-allocating 0 bytes.
[2016.01.19-00.39.39:193][  0]LogInit: Object subsystem initialized
[2016.01.19-00.39.39:209][  0]LogConsoleResponse:Warning: Skipping Unknown console variable: 'TranslucentSortAxis = (X=0.000000,Y=-1.000000,Z=0.000000)'
[2016.01.19-00.39.39:209][  0]LogConsoleResponse:Warning:   Found in ini file 'G:/Unreal Projects/Extinction 4.7/Saved/Config/Windows/Engine.ini', in section '[/Script/Engine.RendererSettings]'
[2016.01.19-00.39.39:209][  0]LogConsoleResponse:Warning: Skipping Unknown console variable: 'UIScaleRule = ShortestSide'
[2016.01.19-00.39.39:209][  0]LogConsoleResponse:Warning:   Found in ini file 'G:/Unreal Projects/Extinction 4.7/Saved/Config/Windows/Engine.ini', in section '[/Script/Engine.RendererSettings]'
[2016.01.19-00.39.39:209][  0]LogConsoleResponse:Warning: Skipping Unknown console variable: 'UIScaleCurve = (EditorCurveData=(Keys=),ExternalCurve=None)'
[2016.01.19-00.39.39:209][  0]LogConsoleResponse:Warning:   Found in ini file 'G:/Unreal Projects/Extinction 4.7/Saved/Config/Windows/Engine.ini', in section '[/Script/Engine.RendererSettings]'
[2016.01.19-00.39.39:218][  0]LogInit: Selected Device Profile: [Windows]
[2016.01.19-00.39.39:219][  0]LogInit: Applying CVar settings loaded from the selected device profile: [Windows]
[2016.01.19-00.39.39:243][  0]LogInit: Computer: ED-PC
[2016.01.19-00.39.39:243][  0]LogInit: User: Ed
[2016.01.19-00.39.39:243][  0]LogInit: CPU Page size=4096, Cores=4
[2016.01.19-00.39.39:243][  0]LogInit: High frequency timer resolution =3.906611 MHz
[2016.01.19-00.39.39:243][  0]LogMemory: Memory total: Physical=16.0GB (16GB approx) Virtual=8192.0GB
[2016.01.19-00.39.39:243][  0]LogMemory: Platform Memory Stats for Windows
[2016.01.19-00.39.39:243][  0]LogMemory: Process Physical Memory: 48.09 MB used, 48.09 MB peak
[2016.01.19-00.39.39:243][  0]LogMemory: Process Virtual Memory: 26.43 MB used, 26.43 MB peak
[2016.01.19-00.39.39:243][  0]LogMemory: Physical Memory: 3698.23 MB used, 16354.13 MB total
[2016.01.19-00.39.39:243][  0]LogMemory: Virtual Memory: 279.18 MB used, 8388608.00 MB total
[2016.01.19-00.39.39:268][  0]LogD3D11RHI: Found D3D11 adapter 0: AMD Radeon R9 200 Series (Feature Level 11_0)
[2016.01.19-00.39.39:268][  0]LogD3D11RHI: Adapter has 3051MB of dedicated video memory, 0MB of dedicated system memory, and 3840MB of shared system memory, 1 output[s]
[2016.01.19-00.39.39:268][  0]LogD3D11RHI: Chosen D3D11 Adapter Id = 0
[2016.01.19-00.39.39:277][  0]LogRHI: Texture pool is 1361 MB (70% of 1945 MB)
[2016.01.19-00.39.39:283][  0]LogD3D11RHI: Async texture creation disabled: no driver support
[2016.01.19-00.39.39:554][  0]LogTextLocalizationManager: The requested culture ('en_US') has no localization data; parent culture's ('en') localization data will be used.
[2016.01.19-00.39.39:623][  0]LogTextLocalizationManager:Warning: Loading localization resources contain conflicting entries for (Namespace:UICommands, Key:Save_ToolTip):
Resource: (C:/Program Files/Unreal Engine/4.7/Engine/Content/Localization/Editor/en/Editor.locres) Hash: (-29098895) String: (Saves the current level to disk)
Resource: (C:/Program Files/Unreal Engine/4.7/Engine/Content/Localization/Engine/en/Engine.locres) Hash: (-1280300587) String: (Save selected data to vlog file)
[2016.01.19-00.39.39:623][  0]LogTextLocalizationManager:Warning: Loading localization resources contain conflicting entries for (Namespace:ContentBrowser, Key:ImportAssetToolTip):
Resource: (C:/Program Files/Unreal Engine/4.7/Engine/Content/Localization/Editor/en/Editor.locres) Hash: (-630476809) String: (Import to {0}...)
Resource: (C:/Program Files/Unreal Engine/4.7/Engine/Content/Localization/Editor/en/Editor.locres) Hash: (1271782899) String: (Imports an asset from file to this folder.)
[2016.01.19-00.39.39:707][  0]LogContentStreaming: Texture pool size is 0.000000MB
[2016.01.19-00.39.42:205][  0]LogTargetPlatformManager:Display: Building Assets For Windows
[2016.01.19-00.39.42:835][  0]LogTargetPlatformManager:Display: Building Assets For Windows
[2016.01.19-00.39.42:913][  0]LogDerivedDataCache:Display: Max Cache Size: 512 MB
[2016.01.19-00.39.43:217][  0]LogDerivedDataCache: Loaded boot cache 0.30s 39MB C:/Users/Ed/AppData/Local/UnrealEngine/4.7/DerivedDataCache/Boot.ddc.
[2016.01.19-00.39.43:217][  0]LogDerivedDataCache:Display: Loaded Boot cache: C:/Users/Ed/AppData/Local/UnrealEngine/4.7/DerivedDataCache/Boot.ddc
[2016.01.19-00.39.43:217][  0]LogDerivedDataCache: FDerivedDataBackendGraph:  Pak pak cache file G:/Unreal Projects/Extinction 4.7/DerivedDataCache/DDC.ddp not found, will not use a pak cache.
[2016.01.19-00.39.43:217][  0]LogDerivedDataCache: Unable to find inner node Pak for hierarchical cache Hierarchy.
[2016.01.19-00.39.43:344][  0]LogDerivedDataCache:Display: Pak cache opened for reading ../../../Engine/DerivedDataCache/Compressed.ddp.
[2016.01.19-00.39.43:356][  0]LogDerivedDataCache: Using Local data cache path C:/Users/Ed/AppData/Local/UnrealEngine/Common/DerivedDataCache: Writable
[2016.01.19-00.39.44:307][  0]LogMeshUtilities: No automatic mesh reduction module available
[2016.01.19-00.39.44:307][  0]LogMeshUtilities: No automatic mesh merging module available
[2016.01.19-00.39.44:925][  0]LogInit: WinSock: version 1.1 (2.2), MaxSocks=32767, MaxUdp=65467
[2016.01.19-00.39.45:043][  0]LogSlate:Warning: Failed to load font data from '../../../Engine/Content/Slate/Fonts/Roboto-Italic.ttf'
[2016.01.19-00.39.46:657][  0]UdpMessaging: Initializing bridge on interface 0.0.0.0:0 to multicast group 230.0.0.1:6666.
[2016.01.19-00.39.47:065][  0]SourceControl: Info Source control is disabled
[2016.01.19-00.39.47:065][  0]SourceControl: Info Source control is disabled
[2016.01.19-00.39.47:065][  0]SourceControl: Info Source control is disabled
[2016.01.19-00.39.47:065][  0]LogSourceControl: RunCommandInternalRaw: 'git version'
[2016.01.19-00.39.47:065][  0]LogSourceControl: RunCommandInternalRaw: ExecProcess ReturnCode=2 OutResults=''
[2016.01.19-00.39.47:076][  0]SourceControl: Info Source control is disabled
[2016.01.19-00.39.47:382][  0]LogObj: 24371 objects as part of root set at end of initial load.
[2016.01.19-00.39.47:382][  0]LogUObjectAllocator: 5180560 out of 0 bytes used by permanent object pool.
[2016.01.19-00.39.47:528][  0]LogEngine: Initializing Engine...
[2016.01.19-00.39.50:737][  0]LogInit: XAudio2 using 'Speakers (Realtek High Definition Audio)' : 2 channels at 48 kHz using 32 bits per sample (channel mask 0x3)
[2016.01.19-00.39.50:753][  0]LogInit: FAudioDevice initialized.
[2016.01.19-00.39.50:848][  0]LogAIModule: Creating AISystem for world NewWorld
[2016.01.19-00.39.50:896][  0]LogDerivedDataCache: Saved boot cache 0.04s 39MB C:/Users/Ed/AppData/Local/UnrealEngine/4.7/DerivedDataCache/Boot.ddc.
[2016.01.19-00.39.50:908][  0]LogInit: Texture streaming: Enabled
[2016.01.19-00.39.51:035][  0]LogAnalytics: Creating configured Analytics provider AnalyticsET
[2016.01.19-00.39.51:036][  0]LogAnalytics: ET APIKey = Rocket.Release. APIServer = http://et2.epicgames.com/ET2/. AppVersion = 4.7.6-2513093+++depot+UE4-Releases+4.7
[2016.01.19-00.39.51:036][  0]LogAnalytics: ET APIKey = Rocket.Release. DataRouterUploadURL = https://datarouter-public-service-gamedev.ol.epicgames.net/datarouter/api/v1/public/data. AppVersion = 4.7.6-2513093+++depot+UE4-Releases+4.7
[2016.01.19-00.39.51:036][  0]LogAnalytics: SetUserId 2c9cefd646e4c4aded71b9b4f588b63b|1d58efc987b949fabd8ebe7db14e6a7d|4327f186-379c-47b1-926b-c32e0caebdeb
[2016.01.19-00.39.51:037][  0]LogAnalytics: AnalyticsET::StartSession [Rocket.Release]
[2016.01.19-00.39.51:067][  0]LogInit: Transaction tracking system initialized
[2016.01.19-00.39.51:363][  0]BlueprintLog: New page: Editor Load
[2016.01.19-00.39.51:413][  0]LogAssetRegistry: FAssetRegistry took 0.0133 seconds to start up
[2016.01.19-00.39.51:415][  0]LogDirectoryWatcher:Warning: Failed to begin reading directory changes for ../../../Engine/Plugins/Experimental/CharacterAI/Content/. Error: 0
[2016.01.19-00.39.52:183][  0]LogTargetPlatformManager:Display: Building Assets For Windows
[2016.01.19-00.39.52:616][  0]LogTargetPlatformManager:Display: Building Assets For Windows
[2016.01.19-00.39.53:098][  0]LogSlate:Warning: Failed to load font data from '../../../Engine/Content/Editor/Slate/Fonts/Roboto-Regular.ttf'
[2016.01.19-00.39.53:098][  0]LogSlate:Warning: Failed to load font data from '../../../Engine/Content/Editor/Slate/Fonts/Roboto-Bold.ttf'
[2016.01.19-00.39.53:107][  0]LogConsoleResponse:Display: 
[2016.01.19-00.39.53:462][  0]LogCook:Display: Done creating registry. It took  0.00s.
[2016.01.19-00.39.53:723][  0]SourceControl: Info Source control is disabled
[2016.01.19-00.39.53:727][  0]Cmd: MAP LOAD FILE="G:/Unreal Projects/Extinction 4.7/Content/Maps/OutsideView.umap" TEMPLATE=0 SHOWPROGRESS=1 FEATURELEVEL=3
[2016.01.19-00.39.53:870][  0]LightingResults: New page: Lighting Build
[2016.01.19-00.39.53:895][  0]MapCheck: New page: Map Check
[2016.01.19-00.39.53:895][  0]LightingResults: New page: Lighting Build
[2016.01.19-00.39.53:915][  0]LogParticles: Destroying 0 GPU particle simulations for FXSystem 0x000000001396D760
[2016.01.19-00.40.19:410][  0]LogBlueprint:Warning: [Companion_AnimBp] CreatePinForVariable: 'JumpScale' variable not found. Base class was probably changed.
[2016.01.19-00.40.19:411][  0]LogBlueprint:Warning: [Companion_AnimBp] CreatePinForVariable: 'IsRunning' variable not found. Base class was probably changed.
[2016.01.19-00.40.19:420][  0]LogBlueprint:Warning: [Companion_AnimBp] CreatePinForVariable: 'CoverTaken' variable not found. Base class was probably changed.
[2016.01.19-00.40.20:148][  0]LogBlueprint:Warning: [compiler] Warning Could not find a variable named "CoverTaken" in 'PlayerCharacter_BP_C'.
Make sure 'PlayerCharacter_BP_C' has been compiled for  Get CoverTaken 
[2016.01.19-00.40.20:148][  0]LogBlueprint:Warning: [compiler] Warning Could not find a variable named "IsRunning" in 'PlayerCharacter_BP_C'.
Make sure 'PlayerCharacter_BP_C' has been compiled for  Get IsRunning 
[2016.01.19-00.40.20:148][  0]LogBlueprint:Warning: [compiler] Warning Could not find a variable named "JumpScale" in 'PlayerCharacter_BP_C'.
Make sure 'PlayerCharacter_BP_C' has been compiled for  Get JumpScale 
[2016.01.19-00.40.20:272][  0]LogBlueprint:Warning: [compiler] Warning [0049.39] Compile of Companion_AnimBp successful, but with 3 Warning(s) [in 833 ms]
[2016.01.19-00.40.20:273][  0]LogBlueprint:Warning: [compiler] Warning [0049.39] Compile of Companion_AnimBp successful, but with 4 Warning(s) [in 0 ms]
[2016.01.19-00.40.20:273][  0]LogBlueprint:Warning: [compiler] Warning [0049.39] Compile of Companion_AnimBp successful, but with 5 Warning(s) [in 0 ms]
[2016.01.19-00.40.20:274][  0]LogBlueprint:Warning: [compiler] Warning [0049.39] Compile of Companion_AnimBp successful, but with 6 Warning(s) [in 0 ms]
[2016.01.19-00.40.35:545][  0]LogBlueprint:Warning: [Companion_AnimBp] CreatePinForVariable: 'JumpScale' variable not found. Base class was probably changed.
[2016.01.19-00.40.36:264][  0]LogBlueprint:Warning: [compiler] Warning Could not find a variable named "JumpScale" in 'PlayerCharacter_BP_C'.
Make sure 'PlayerCharacter_BP_C' has been compiled for  Get JumpScale 
[2016.01.19-00.40.36:388][  0]LogBlueprint:Warning: [compiler] Warning [0065.50] Compile of Companion_AnimBp successful, but with 1 Warning(s) [in 836 ms]
[2016.01.19-00.40.36:389][  0]LogBlueprint:Warning: [compiler] Warning [0065.50] Compile of Companion_AnimBp successful, but with 2 Warning(s) [in 0 ms]
[2016.01.19-00.40.42:514][  0]LogEditorServer: Finished looking for orphan Actors (0.000 secs)
[2016.01.19-00.40.42:517][  0]LogAIModule: Creating AISystem for world OutsideView
[2016.01.19-00.40.42:517][  0]Cmd: MAP CHECKDEP
[2016.01.19-00.40.42:518][  0]MapCheck: New page: OutsideView - Jan 18, 2016, 2:40:42 PM
[2016.01.19-00.40.42:706][  0]MapCheck: Info Map check complete: 0 Error(s), 0 Warning(s), took 188.221ms to complete.
[2016.01.19-00.40.42:706][  0]LogFileHelpers: Loading map 'OutsideView' took 48.980
[2016.01.19-00.40.43:007][  0]LogCollectionManager: Loaded 0 collections in 0.001862 seconds
[2016.01.19-00.40.43:031][  0]LogContentBrowser: Native class hierarchy populated in 0.0239 seconds. Added 1707 classes and 265 folders.
[2016.01.19-00.40.43:099][  0]LogContentBrowser: Native class hierarchy updated for 'SceneOutliner' in 0.0040 seconds. Added 1 classes and 2 folders.
[2016.01.19-00.40.43:316][  0]LogCrashTracker: Crashtracker disabled due to settings.
[2016.01.19-00.40.43:324][  0]LogSlate:Warning: Failed to load font data from 'Veranda'
[2016.01.19-00.40.43:334][  0]LogUObjectGlobals:Warning: Failed to find object 'Class None.'
[2016.01.19-00.40.43:364][  0]LogLoad: Full Startup: 72.48 seconds (BP compile: 12.06 seconds)
[2016.01.19-00.40.43:405][  0]LogContentBrowser:Verbose: The content browser source was changed by the sources view to '/Game/Weapons'
[2016.01.19-00.40.43:690][  0]LogRenderer:Warning: Reallocating scene render targets to support 1064x600 (Frame:2).
[2016.01.19-00.40.45:175][ 17]LogAssetRegistry: Asset discovery search completed in 53.7742 seconds
[2016.01.19-00.41.04:475][187]LogContentBrowser:Verbose: The content browser source was changed by the sources view to '/Game/Environments'
[2016.01.19-00.41.06:359][261]LogContentBrowser:Verbose: The content browser source was changed by the sources view to '/Game/Maps'
[2016.01.19-00.41.20:114][960]LogLinker:Warning: Asset '../../../Engine/Content/Functions/Engine_MaterialFunctions01/SpeedTree/SpeedTreeColorVariation.uasset' has been saved with empty engine version. The asset will be loaded but may be incompatible.
[2016.01.19-00.41.27:834][960]LogMaterial: Missing cached shader map for material M_Cave_Rock_Tiling_Master, compiling. 
[2016.01.19-00.41.27:835][960]LogMaterial:Warning: Failed to compile Material /Game/Environments/Cave/Materials/M_Cave_Rock_Tiling_Master.M_Cave_Rock_Tiling_Master for platform PCD3D_SM5, Default Material will be used in game.
[2016.01.19-00.41.27:835][960]LogMaterial:Warning: 	Missing Material Function
[2016.01.19-00.41.27:838][960]LogMaterial: Missing cached shader map for material M_Cave_Rock_Tiling_Master, compiling. 
[2016.01.19-00.41.27:839][960]LogMaterial:Warning: Failed to compile Material Instance /Game/Environments/Cave/Materials/M_Cave_Rock_Tiling_Master_Inst.M_Cave_Rock_Tiling_Master_Inst with Base M_Cave_Rock_Tiling_Master for platform PCD3D_SM5, Default Material will be used in game.
[2016.01.19-00.41.27:839][960]LogMaterial:Warning: 	Missing Material Function
[2016.01.19-00.41.28:847][960]LogParticles:Warning: InitializeSystem called on an unregistered component. Template=/Game/Environments/WeatherOrAmbience/P_WaterFall_New.P_WaterFall_New Component=/Game/Maps/DemoLevel.DemoLevel:PersistentLevel.P_WaterFall_New_2.ParticleSystemComponent0
[2016.01.19-00.41.28:853][960]LogParticles:Warning: InitializeSystem called on an unregistered component. Template=/Game/Environments/WeatherOrAmbience/P_WaterFall_New.P_WaterFall_New Component=/Game/Maps/DemoLevel.DemoLevel:PersistentLevel.P_WaterFall_New_1.ParticleSystemComponent0
[2016.01.19-00.41.28:853][960]LogParticles:Warning: InitializeSystem called on an unregistered component. Template=/Game/Environments/WeatherOrAmbience/P_WaterFall_New.P_WaterFall_New Component=/Game/Maps/DemoLevel.DemoLevel:PersistentLevel.P_WaterFall_New_3.ParticleSystemComponent0
[2016.01.19-00.41.28:872][960]LogParticles:Warning: InitializeSystem called on an unregistered component. Template=/Game/Environments/WeatherOrAmbience/ParticleSystems/Environment/P_dust_sparkles.P_dust_sparkles Component=/Game/Maps/DemoLevel.DemoLevel:PersistentLevel.P_dust_sparkles.ParticleSystemComponent0
[2016.01.19-00.41.28:877][960]LogRenderer: Adding SpeedTree wind for static mesh ChineseBanyan_Desktop_1
[2016.01.19-00.41.28:877][960]LogParticles:Warning: InitializeSystem called on an unregistered component. Template=/Game/Environments/WeatherOrAmbience/ParticleSystems/Environment/P_dust_sparkles.P_dust_sparkles Component=/Game/Maps/DemoLevel.DemoLevel:PersistentLevel.P_dust_sparkles2.ParticleSystemComponent0
[2016.01.19-00.41.28:878][960]LogParticles:Warning: InitializeSystem called on an unregistered component. Template=/Game/Environments/WeatherOrAmbience/ParticleSystems/Environment/P_dust_sparkles.P_dust_sparkles Component=/Game/Maps/DemoLevel.DemoLevel:PersistentLevel.P_dust_sparkles3.ParticleSystemComponent0
[2016.01.19-00.41.28:879][960]LogParticles:Warning: InitializeSystem called on an unregistered component. Template=/Game/Environments/WeatherOrAmbience/ParticleSystems/Environment/P_dust_sparkles.P_dust_sparkles Component=/Game/Maps/DemoLevel.DemoLevel:PersistentLevel.P_dust_sparkles4.ParticleSystemComponent0
[2016.01.19-00.41.28:879][960]LogParticles:Warning: InitializeSystem called on an unregistered component. Template=/Game/Environments/WeatherOrAmbience/ParticleSystems/Environment/P_dust_sparkles.P_dust_sparkles Component=/Game/Maps/DemoLevel.DemoLevel:PersistentLevel.P_dust_sparkles5.ParticleSystemComponent0
[2016.01.19-00.41.28:886][960]LogParticles:Warning: InitializeSystem called on an unregistered component. Template=NULL Component=/Game/Maps/DemoLevel.DemoLevel:PersistentLevel.rain_5.ParticleSystemComponent0
[2016.01.19-00.41.28:907][960]LogParticles:Warning: InitializeSystem called on an unregistered component. Template=/Game/Environments/NormalNature/P_waterfall_kickup.P_waterfall_kickup Component=/Game/Maps/DemoLevel.DemoLevel:PersistentLevel.P_waterfall_kickup2_2.ParticleSystemComponent0
[2016.01.19-00.41.28:907][960]LogParticles:Warning: InitializeSystem called on an unregistered component. Template=/Game/Environments/NormalNature/P_waterfall_kickup.P_waterfall_kickup Component=/Game/Maps/DemoLevel.DemoLevel:PersistentLevel.P_waterfall_kickup3.ParticleSystemComponent0
[2016.01.19-00.41.28:913][960]LogParticles:Warning: InitializeSystem called on an unregistered component. Template=/Game/Environments/NormalNature/P_waterfall_kickup.P_waterfall_kickup Component=/Game/Maps/DemoLevel.DemoLevel:PersistentLevel.P_waterfall_kickup4.ParticleSystemComponent0
[2016.01.19-00.41.28:913][960]LogParticles:Warning: InitializeSystem called on an unregistered component. Template=/Game/Environments/NormalNature/P_waterfall_kickup.P_waterfall_kickup Component=/Game/Maps/DemoLevel.DemoLevel:PersistentLevel.P_waterfall_kickup5.ParticleSystemComponent0
[2016.01.19-00.41.28:914][960]LogParticles:Warning: InitializeSystem called on an unregistered component. Template=/Game/Environments/NormalNature/P_waterfall_kickup.P_waterfall_kickup Component=/Game/Maps/DemoLevel.DemoLevel:PersistentLevel.P_waterfall_kickup6.ParticleSystemComponent0
[2016.01.19-00.41.28:914][960]LogParticles:Warning: InitializeSystem called on an unregistered component. Template=/Game/Environments/NormalNature/P_waterfall_kickup.P_waterfall_kickup Component=/Game/Maps/DemoLevel.DemoLevel:PersistentLevel.P_waterfall_kickup7.ParticleSystemComponent0
[2016.01.19-00.41.28:915][960]LogParticles:Warning: InitializeSystem called on an unregistered component. Template=/Game/Environments/NormalNature/P_waterfall_kickup.P_waterfall_kickup Component=/Game/Maps/DemoLevel.DemoLevel:PersistentLevel.P_waterfall_kickup8.ParticleSystemComponent0
[2016.01.19-00.41.28:923][960]LogParticles:Warning: InitializeSystem called on an unregistered component. Template=/Game/Environments/NormalNature/P_waterfall_kickup.P_waterfall_kickup Component=/Game/Maps/DemoLevel.DemoLevel:PersistentLevel.P_waterfall_kickup9.ParticleSystemComponent0
[2016.01.19-00.41.28:957][960]LogParticles:Warning: InitializeSystem called on an unregistered component. Template=/Game/Environments/WeatherOrAmbience/ParticleSystems/Environment/P_clouds_2_brighter.P_clouds_2_brighter Component=/Game/Maps/DemoLevel.DemoLevel:PersistentLevel.P_clouds_2_brighter_6.ParticleSystemComponent0
[2016.01.19-00.41.28:958][960]LogParticles:Warning: InitializeSystem called on an unregistered component. Template=/Game/Environments/WeatherOrAmbience/ParticleSystems/Environment/P_clouds_2_brighter.P_clouds_2_brighter Component=/Game/Maps/DemoLevel.DemoLevel:PersistentLevel.P_clouds_2_brighter2.ParticleSystemComponent0
[2016.01.19-00.41.28:958][960]LogParticles:Warning: InitializeSystem called on an unregistered component. Template=/Game/Environments/WeatherOrAmbience/ParticleSystems/Environment/P_clouds_2_brighter.P_clouds_2_brighter Component=/Game/Maps/DemoLevel.DemoLevel:PersistentLevel.P_clouds_2_brighter3.ParticleSystemComponent0
[2016.01.19-00.41.28:986][960]LogPrimitiveComponent:Warning: CreateDynamicMaterialInstance on /Game/Maps/DemoLevel.DemoLevel:PersistentLevel.Vines_C_0.SplineMeshComponent_0: Material index 1 is invalid.
[2016.01.19-00.41.28:986][960]LogPrimitiveComponent:Warning: CreateDynamicMaterialInstance on /Game/Maps/DemoLevel.DemoLevel:PersistentLevel.Vines_C_0.SplineMeshComponent_0: Material index 2 is invalid.
[2016.01.19-00.41.28:988][960]LogPrimitiveComponent:Warning: CreateDynamicMaterialInstance on /Game/Maps/DemoLevel.DemoLevel:PersistentLevel.Vines_C_0.SplineMeshComponent_1: Material index 1 is invalid.
[2016.01.19-00.41.28:988][960]LogPrimitiveComponent:Warning: CreateDynamicMaterialInstance on /Game/Maps/DemoLevel.DemoLevel:PersistentLevel.Vines_C_0.SplineMeshComponent_1: Material index 2 is invalid.
[2016.01.19-00.41.28:988][960]LogPrimitiveComponent:Warning: CreateDynamicMaterialInstance on /Game/Maps/DemoLevel.DemoLevel:PersistentLevel.Vines_C_0.SplineMeshComponent_2: Material index 1 is invalid.
[2016.01.19-00.41.28:988][960]LogPrimitiveComponent:Warning: CreateDynamicMaterialInstance on /Game/Maps/DemoLevel.DemoLevel:PersistentLevel.Vines_C_0.SplineMeshComponent_2: Material index 2 is invalid.
[2016.01.19-00.41.28:989][960]LogPrimitiveComponent:Warning: CreateDynamicMaterialInstance on /Game/Maps/DemoLevel.DemoLevel:PersistentLevel.Vines_C_0.SplineMeshComponent_3: Material index 1 is invalid.
[2016.01.19-00.41.28:989][960]LogPrimitiveComponent:Warning: CreateDynamicMaterialInstance on /Game/Maps/DemoLevel.DemoLevel:PersistentLevel.Vines_C_0.SplineMeshComponent_3: Material index 2 is invalid.
[2016.01.19-00.41.28:990][960]LogPrimitiveComponent:Warning: CreateDynamicMaterialInstance on /Game/Maps/DemoLevel.DemoLevel:PersistentLevel.Vines_C_0.SplineMeshComponent_4: Material index 1 is invalid.
[2016.01.19-00.41.28:990][960]LogPrimitiveComponent:Warning: CreateDynamicMaterialInstance on /Game/Maps/DemoLevel.DemoLevel:PersistentLevel.Vines_C_0.SplineMeshComponent_4: Material index 2 is invalid.
[2016.01.19-00.41.28:991][960]LogPrimitiveComponent:Warning: CreateDynamicMaterialInstance on /Game/Maps/DemoLevel.DemoLevel:PersistentLevel.Vines_C_1.SplineMeshComponent_0: Material index 1 is invalid.
[2016.01.19-00.41.28:991][960]LogPrimitiveComponent:Warning: CreateDynamicMaterialInstance on /Game/Maps/DemoLevel.DemoLevel:PersistentLevel.Vines_C_1.SplineMeshComponent_0: Material index 2 is invalid.
[2016.01.19-00.41.28:992][960]LogPrimitiveComponent:Warning: CreateDynamicMaterialInstance on /Game/Maps/DemoLevel.DemoLevel:PersistentLevel.Vines_C_1.SplineMeshComponent_5: Material index 1 is invalid.
[2016.01.19-00.41.28:992][960]LogPrimitiveComponent:Warning: CreateDynamicMaterialInstance on /Game/Maps/DemoLevel.DemoLevel:PersistentLevel.Vines_C_1.SplineMeshComponent_5: Material index 2 is invalid.
[2016.01.19-00.41.28:992][960]LogPrimitiveComponent:Warning: CreateDynamicMaterialInstance on /Game/Maps/DemoLevel.DemoLevel:PersistentLevel.Vines_C_1.SplineMeshComponent_6: Material index 1 is invalid.
[2016.01.19-00.41.28:992][960]LogPrimitiveComponent:Warning: CreateDynamicMaterialInstance on /Game/Maps/DemoLevel.DemoLevel:PersistentLevel.Vines_C_1.SplineMeshComponent_6: Material index 2 is invalid.
[2016.01.19-00.41.28:993][960]LogPrimitiveComponent:Warning: CreateDynamicMaterialInstance on /Game/Maps/DemoLevel.DemoLevel:PersistentLevel.Vines_C_1.SplineMeshComponent_7: Material index 1 is invalid.
[2016.01.19-00.41.28:993][960]LogPrimitiveComponent:Warning: CreateDynamicMaterialInstance on /Game/Maps/DemoLevel.DemoLevel:PersistentLevel.Vines_C_1.SplineMeshComponent_7: Material index 2 is invalid.
[2016.01.19-00.41.28:994][960]LogPrimitiveComponent:Warning: CreateDynamicMaterialInstance on /Game/Maps/DemoLevel.DemoLevel:PersistentLevel.Vines_C_1.SplineMeshComponent_8: Material index 1 is invalid.
[2016.01.19-00.41.28:994][960]LogPrimitiveComponent:Warning: CreateDynamicMaterialInstance on /Game/Maps/DemoLevel.DemoLevel:PersistentLevel.Vines_C_1.SplineMeshComponent_8: Material index 2 is invalid.
[2016.01.19-00.41.28:995][960]LogPrimitiveComponent:Warning: CreateDynamicMaterialInstance on /Game/Maps/DemoLevel.DemoLevel:PersistentLevel.Vines_C_1.SplineMeshComponent_9: Material index 1 is invalid.
[2016.01.19-00.41.28:995][960]LogPrimitiveComponent:Warning: CreateDynamicMaterialInstance on /Game/Maps/DemoLevel.DemoLevel:PersistentLevel.Vines_C_1.SplineMeshComponent_9: Material index 2 is invalid.
[2016.01.19-00.41.28:996][960]LogPrimitiveComponent:Warning: CreateDynamicMaterialInstance on /Game/Maps/DemoLevel.DemoLevel:PersistentLevel.Vines_C_1.SplineMeshComponent_10: Material index 1 is invalid.
[2016.01.19-00.41.28:996][960]LogPrimitiveComponent:Warning: CreateDynamicMaterialInstance on /Game/Maps/DemoLevel.DemoLevel:PersistentLevel.Vines_C_1.SplineMeshComponent_10: Material index 2 is invalid.
[2016.01.19-00.41.28:996][960]LogPrimitiveComponent:Warning: CreateDynamicMaterialInstance on /Game/Maps/DemoLevel.DemoLevel:PersistentLevel.Vines_C_1.SplineMeshComponent_11: Material index 1 is invalid.
[2016.01.19-00.41.28:996][960]LogPrimitiveComponent:Warning: CreateDynamicMaterialInstance on /Game/Maps/DemoLevel.DemoLevel:PersistentLevel.Vines_C_1.SplineMeshComponent_11: Material index 2 is invalid.
[2016.01.19-00.41.28:997][960]LogPrimitiveComponent:Warning: CreateDynamicMaterialInstance on /Game/Maps/DemoLevel.DemoLevel:PersistentLevel.Vines_C_1.SplineMeshComponent_12: Material index 1 is invalid.
[2016.01.19-00.41.28:997][960]LogPrimitiveComponent:Warning: CreateDynamicMaterialInstance on /Game/Maps/DemoLevel.DemoLevel:PersistentLevel.Vines_C_1.SplineMeshComponent_12: Material index 2 is invalid.
[2016.01.19-00.41.28:998][960]LogPrimitiveComponent:Warning: CreateDynamicMaterialInstance on /Game/Maps/DemoLevel.DemoLevel:PersistentLevel.Vines_C_1.SplineMeshComponent_13: Material index 1 is invalid.
[2016.01.19-00.41.28:998][960]LogPrimitiveComponent:Warning: CreateDynamicMaterialInstance on /Game/Maps/DemoLevel.DemoLevel:PersistentLevel.Vines_C_1.SplineMeshComponent_13: Material index 2 is invalid.
[2016.01.19-00.41.28:999][960]LogPrimitiveComponent:Warning: CreateDynamicMaterialInstance on /Game/Maps/DemoLevel.DemoLevel:PersistentLevel.Vines_C_1.SplineMeshComponent_14: Material index 1 is invalid.
[2016.01.19-00.41.28:999][960]LogPrimitiveComponent:Warning: CreateDynamicMaterialInstance on /Game/Maps/DemoLevel.DemoLevel:PersistentLevel.Vines_C_1.SplineMeshComponent_14: Material index 2 is invalid.
[2016.01.19-00.41.28:999][960]LogPrimitiveComponent:Warning: CreateDynamicMaterialInstance on /Game/Maps/DemoLevel.DemoLevel:PersistentLevel.Vines_C_1.SplineMeshComponent_15: Material index 1 is invalid.
[2016.01.19-00.41.28:999][960]LogPrimitiveComponent:Warning: CreateDynamicMaterialInstance on /Game/Maps/DemoLevel.DemoLevel:PersistentLevel.Vines_C_1.SplineMeshComponent_15: Material index 2 is invalid.
[2016.01.19-00.41.29:000][960]LogPrimitiveComponent:Warning: CreateDynamicMaterialInstance on /Game/Maps/DemoLevel.DemoLevel:PersistentLevel.Vines_C_1.SplineMeshComponent_16: Material index 1 is invalid.
[2016.01.19-00.41.29:000][960]LogPrimitiveComponent:Warning: CreateDynamicMaterialInstance on /Game/Maps/DemoLevel.DemoLevel:PersistentLevel.Vines_C_1.SplineMeshComponent_16: Material index 2 is invalid.
[2016.01.19-00.41.29:001][960]LogPrimitiveComponent:Warning: CreateDynamicMaterialInstance on /Game/Maps/DemoLevel.DemoLevel:PersistentLevel.Vines_C_1.SplineMeshComponent_17: Material index 1 is invalid.
[2016.01.19-00.41.29:001][960]LogPrimitiveComponent:Warning: CreateDynamicMaterialInstance on /Game/Maps/DemoLevel.DemoLevel:PersistentLevel.Vines_C_1.SplineMeshComponent_17: Material index 2 is invalid.
[2016.01.19-00.41.29:002][960]LogPrimitiveComponent:Warning: CreateDynamicMaterialInstance on /Game/Maps/DemoLevel.DemoLevel:PersistentLevel.Vines_C_2.SplineMeshComponent_0: Material index 1 is invalid.
[2016.01.19-00.41.29:002][960]LogPrimitiveComponent:Warning: CreateDynamicMaterialInstance on /Game/Maps/DemoLevel.DemoLevel:PersistentLevel.Vines_C_2.SplineMeshComponent_0: Material index 2 is invalid.
[2016.01.19-00.41.29:003][960]LogPrimitiveComponent:Warning: CreateDynamicMaterialInstance on /Game/Maps/DemoLevel.DemoLevel:PersistentLevel.Vines_C_2.SplineMeshComponent_18: Material index 1 is invalid.
[2016.01.19-00.41.29:003][960]LogPrimitiveComponent:Warning: CreateDynamicMaterialInstance on /Game/Maps/DemoLevel.DemoLevel:PersistentLevel.Vines_C_2.SplineMeshComponent_18: Material index 2 is invalid.
[2016.01.19-00.41.29:004][960]LogPrimitiveComponent:Warning: CreateDynamicMaterialInstance on /Game/Maps/DemoLevel.DemoLevel:PersistentLevel.Vines_C_2.SplineMeshComponent_19: Material index 1 is invalid.
[2016.01.19-00.41.29:004][960]LogPrimitiveComponent:Warning: CreateDynamicMaterialInstance on /Game/Maps/DemoLevel.DemoLevel:PersistentLevel.Vines_C_2.SplineMeshComponent_19: Material index 2 is invalid.
[2016.01.19-00.41.29:004][960]LogPrimitiveComponent:Warning: CreateDynamicMaterialInstance on /Game/Maps/DemoLevel.DemoLevel:PersistentLevel.Vines_C_2.SplineMeshComponent_20: Material index 1 is invalid.
[2016.01.19-00.41.29:004][960]LogPrimitiveComponent:Warning: CreateDynamicMaterialInstance on /Game/Maps/DemoLevel.DemoLevel:PersistentLevel.Vines_C_2.SplineMeshComponent_20: Material index 2 is invalid.
[2016.01.19-00.41.29:005][960]LogPrimitiveComponent:Warning: CreateDynamicMaterialInstance on /Game/Maps/DemoLevel.DemoLevel:PersistentLevel.Vines_C_2.SplineMeshComponent_21: Material index 1 is invalid.
[2016.01.19-00.41.29:005][960]LogPrimitiveComponent:Warning: CreateDynamicMaterialInstance on /Game/Maps/DemoLevel.DemoLevel:PersistentLevel.Vines_C_2.SplineMeshComponent_21: Material index 2 is invalid.
[2016.01.19-00.41.29:006][960]LogPrimitiveComponent:Warning: CreateDynamicMaterialInstance on /Game/Maps/DemoLevel.DemoLevel:PersistentLevel.Vines_C_2.SplineMeshComponent_22: Material index 1 is invalid.
[2016.01.19-00.41.29:006][960]LogPrimitiveComponent:Warning: CreateDynamicMaterialInstance on /Game/Maps/DemoLevel.DemoLevel:PersistentLevel.Vines_C_2.SplineMeshComponent_22: Material index 2 is invalid.
[2016.01.19-00.41.29:007][960]LogPrimitiveComponent:Warning: CreateDynamicMaterialInstance on /Game/Maps/DemoLevel.DemoLevel:PersistentLevel.Vines_C_2.SplineMeshComponent_23: Material index 1 is invalid.
[2016.01.19-00.41.29:007][960]LogPrimitiveComponent:Warning: CreateDynamicMaterialInstance on /Game/Maps/DemoLevel.DemoLevel:PersistentLevel.Vines_C_2.SplineMeshComponent_23: Material index 2 is invalid.
[2016.01.19-00.41.29:007][960]LogPrimitiveComponent:Warning: CreateDynamicMaterialInstance on /Game/Maps/DemoLevel.DemoLevel:PersistentLevel.Vines_C_2.SplineMeshComponent_24: Material index 1 is invalid.
[2016.01.19-00.41.29:007][960]LogPrimitiveComponent:Warning: CreateDynamicMaterialInstance on /Game/Maps/DemoLevel.DemoLevel:PersistentLevel.Vines_C_2.SplineMeshComponent_24: Material index 2 is invalid.
[2016.01.19-00.41.29:008][960]LogPrimitiveComponent:Warning: CreateDynamicMaterialInstance on /Game/Maps/DemoLevel.DemoLevel:PersistentLevel.Vines_C_2.SplineMeshComponent_25: Material index 1 is invalid.
[2016.01.19-00.41.29:009][960]LogPrimitiveComponent:Warning: CreateDynamicMaterialInstance on /Game/Maps/DemoLevel.DemoLevel:PersistentLevel.Vines_C_2.SplineMeshComponent_25: Material index 2 is invalid.
[2016.01.19-00.41.29:009][960]LogPrimitiveComponent:Warning: CreateDynamicMaterialInstance on /Game/Maps/DemoLevel.DemoLevel:PersistentLevel.Vines_C_2.SplineMeshComponent_26: Material index 1 is invalid.
[2016.01.19-00.41.29:009][960]LogPrimitiveComponent:Warning: CreateDynamicMaterialInstance on /Game/Maps/DemoLevel.DemoLevel:PersistentLevel.Vines_C_2.SplineMeshComponent_26: Material index 2 is invalid.
[2016.01.19-00.41.29:010][960]LogPrimitiveComponent:Warning: CreateDynamicMaterialInstance on /Game/Maps/DemoLevel.DemoLevel:PersistentLevel.Vines_C_2.SplineMeshComponent_27: Material index 1 is invalid.
[2016.01.19-00.41.29:010][960]LogPrimitiveComponent:Warning: CreateDynamicMaterialInstance on /Game/Maps/DemoLevel.DemoLevel:PersistentLevel.Vines_C_2.SplineMeshComponent_27: Material index 2 is invalid.
[2016.01.19-00.41.29:011][960]LogPrimitiveComponent:Warning: CreateDynamicMaterialInstance on /Game/Maps/DemoLevel.DemoLevel:PersistentLevel.Vines_C_2.SplineMeshComponent_28: Material index 1 is invalid.
[2016.01.19-00.41.29:011][960]LogPrimitiveComponent:Warning: CreateDynamicMaterialInstance on /Game/Maps/DemoLevel.DemoLevel:PersistentLevel.Vines_C_2.SplineMeshComponent_28: Material index 2 is invalid.
[2016.01.19-00.41.29:012][960]LogPrimitiveComponent:Warning: CreateDynamicMaterialInstance on /Game/Maps/DemoLevel.DemoLevel:PersistentLevel.Vines_C_2.SplineMeshComponent_29: Material index 1 is invalid.
[2016.01.19-00.41.29:012][960]LogPrimitiveComponent:Warning: CreateDynamicMaterialInstance on /Game/Maps/DemoLevel.DemoLevel:PersistentLevel.Vines_C_2.SplineMeshComponent_29: Material index 2 is invalid.
[2016.01.19-00.41.29:012][960]LogPrimitiveComponent:Warning: CreateDynamicMaterialInstance on /Game/Maps/DemoLevel.DemoLevel:PersistentLevel.Vines_C_2.SplineMeshComponent_30: Material index 1 is invalid.
[2016.01.19-00.41.29:012][960]LogPrimitiveComponent:Warning: CreateDynamicMaterialInstance on /Game/Maps/DemoLevel.DemoLevel:PersistentLevel.Vines_C_2.SplineMeshComponent_30: Material index 2 is invalid.
[2016.01.19-00.41.29:014][960]LogPrimitiveComponent:Warning: CreateDynamicMaterialInstance on /Game/Maps/DemoLevel.DemoLevel:PersistentLevel.Vines_C_3.SplineMeshComponent_0: Material index 1 is invalid.
[2016.01.19-00.41.29:014][960]LogPrimitiveComponent:Warning: CreateDynamicMaterialInstance on /Game/Maps/DemoLevel.DemoLevel:PersistentLevel.Vines_C_3.SplineMeshComponent_0: Material index 2 is invalid.
[2016.01.19-00.41.29:015][960]LogPrimitiveComponent:Warning: CreateDynamicMaterialInstance on /Game/Maps/DemoLevel.DemoLevel:PersistentLevel.Vines_C_3.SplineMeshComponent_31: Material index 1 is invalid.
[2016.01.19-00.41.29:015][960]LogPrimitiveComponent:Warning: CreateDynamicMaterialInstance on /Game/Maps/DemoLevel.DemoLevel:PersistentLevel.Vines_C_3.SplineMeshComponent_31: Material index 2 is invalid.
[2016.01.19-00.41.29:016][960]LogPrimitiveComponent:Warning: CreateDynamicMaterialInstance on /Game/Maps/DemoLevel.DemoLevel:PersistentLevel.Vines_C_3.SplineMeshComponent_32: Material index 1 is invalid.
[2016.01.19-00.41.29:016][960]LogPrimitiveComponent:Warning: CreateDynamicMaterialInstance on /Game/Maps/DemoLevel.DemoLevel:PersistentLevel.Vines_C_3.SplineMeshComponent_32: Material index 2 is invalid.
[2016.01.19-00.41.29:016][960]LogPrimitiveComponent:Warning: CreateDynamicMaterialInstance on /Game/Maps/DemoLevel.DemoLevel:PersistentLevel.Vines_C_3.SplineMeshComponent_33: Material index 1 is invalid.
[2016.01.19-00.41.29:016][960]LogPrimitiveComponent:Warning: CreateDynamicMaterialInstance on /Game/Maps/DemoLevel.DemoLevel:PersistentLevel.Vines_C_3.SplineMeshComponent_33: Material index 2 is invalid.
[2016.01.19-00.41.29:017][960]LogPrimitiveComponent:Warning: CreateDynamicMaterialInstance on /Game/Maps/DemoLevel.DemoLevel:PersistentLevel.Vines_C_3.SplineMeshComponent_34: Material index 1 is invalid.
[2016.01.19-00.41.29:017][960]LogPrimitiveComponent:Warning: CreateDynamicMaterialInstance on /Game/Maps/DemoLevel.DemoLevel:PersistentLevel.Vines_C_3.SplineMeshComponent_34: Material index 2 is invalid.
[2016.01.19-00.41.29:018][960]LogPrimitiveComponent:Warning: CreateDynamicMaterialInstance on /Game/Maps/DemoLevel.DemoLevel:PersistentLevel.Vines_C_3.SplineMeshComponent_35: Material index 1 is invalid.
[2016.01.19-00.41.29:018][960]LogPrimitiveComponent:Warning: CreateDynamicMaterialInstance on /Game/Maps/DemoLevel.DemoLevel:PersistentLevel.Vines_C_3.SplineMeshComponent_35: Material index 2 is invalid.
[2016.01.19-00.41.29:019][960]LogPrimitiveComponent:Warning: CreateDynamicMaterialInstance on /Game/Maps/DemoLevel.DemoLevel:PersistentLevel.Vines_C_3.SplineMeshComponent_36: Material index 1 is invalid.
[2016.01.19-00.41.29:019][960]LogPrimitiveComponent:Warning: CreateDynamicMaterialInstance on /Game/Maps/DemoLevel.DemoLevel:PersistentLevel.Vines_C_3.SplineMeshComponent_36: Material index 2 is invalid.
[2016.01.19-00.41.29:020][960]LogPrimitiveComponent:Warning: CreateDynamicMaterialInstance on /Game/Maps/DemoLevel.DemoLevel:PersistentLevel.Vines_C_3.SplineMeshComponent_37: Material index 1 is invalid.
[2016.01.19-00.41.29:020][960]LogPrimitiveComponent:Warning: CreateDynamicMaterialInstance on /Game/Maps/DemoLevel.DemoLevel:PersistentLevel.Vines_C_3.SplineMeshComponent_37: Material index 2 is invalid.
[2016.01.19-00.41.29:020][960]LogPrimitiveComponent:Warning: CreateDynamicMaterialInstance on /Game/Maps/DemoLevel.DemoLevel:PersistentLevel.Vines_C_3.SplineMeshComponent_38: Material index 1 is invalid.
[2016.01.19-00.41.29:020][960]LogPrimitiveComponent:Warning: CreateDynamicMaterialInstance on /Game/Maps/DemoLevel.DemoLevel:PersistentLevel.Vines_C_3.SplineMeshComponent_38: Material index 2 is invalid.
[2016.01.19-00.41.29:021][960]LogPrimitiveComponent:Warning: CreateDynamicMaterialInstance on /Game/Maps/DemoLevel.DemoLevel:PersistentLevel.Vines_C_3.SplineMeshComponent_39: Material index 1 is invalid.
[2016.01.19-00.41.29:021][960]LogPrimitiveComponent:Warning: CreateDynamicMaterialInstance on /Game/Maps/DemoLevel.DemoLevel:PersistentLevel.Vines_C_3.SplineMeshComponent_39: Material index 2 is invalid.
[2016.01.19-00.41.29:022][960]LogPrimitiveComponent:Warning: CreateDynamicMaterialInstance on /Game/Maps/DemoLevel.DemoLevel:PersistentLevel.Vines_C_3.SplineMeshComponent_40: Material index 1 is invalid.
[2016.01.19-00.41.29:022][960]LogPrimitiveComponent:Warning: CreateDynamicMaterialInstance on /Game/Maps/DemoLevel.DemoLevel:PersistentLevel.Vines_C_3.SplineMeshComponent_40: Material index 2 is invalid.
[2016.01.19-00.41.29:023][960]LogPrimitiveComponent:Warning: CreateDynamicMaterialInstance on /Game/Maps/DemoLevel.DemoLevel:PersistentLevel.Vines_C_3.SplineMeshComponent_41: Material index 1 is invalid.
[2016.01.19-00.41.29:023][960]LogPrimitiveComponent:Warning: CreateDynamicMaterialInstance on /Game/Maps/DemoLevel.DemoLevel:PersistentLevel.Vines_C_3.SplineMeshComponent_41: Material index 2 is invalid.
[2016.01.19-00.41.29:024][960]LogPrimitiveComponent:Warning: CreateDynamicMaterialInstance on /Game/Maps/DemoLevel.DemoLevel:PersistentLevel.Vines_C_3.SplineMeshComponent_42: Material index 1 is invalid.
[2016.01.19-00.41.29:024][960]LogPrimitiveComponent:Warning: CreateDynamicMaterialInstance on /Game/Maps/DemoLevel.DemoLevel:PersistentLevel.Vines_C_3.SplineMeshComponent_42: Material index 2 is invalid.
[2016.01.19-00.41.29:024][960]LogPrimitiveComponent:Warning: CreateDynamicMaterialInstance on /Game/Maps/DemoLevel.DemoLevel:PersistentLevel.Vines_C_3.SplineMeshComponent_43: Material index 1 is invalid.
[2016.01.19-00.41.29:024][960]LogPrimitiveComponent:Warning: CreateDynamicMaterialInstance on /Game/Maps/DemoLevel.DemoLevel:PersistentLevel.Vines_C_3.SplineMeshComponent_43: Material index 2 is invalid.
[2016.01.19-00.41.29:026][960]LogPrimitiveComponent:Warning: CreateDynamicMaterialInstance on /Game/Maps/DemoLevel.DemoLevel:PersistentLevel.Vines_C_4.SplineMeshComponent_0: Material index 1 is invalid.
[2016.01.19-00.41.29:026][960]LogPrimitiveComponent:Warning: CreateDynamicMaterialInstance on /Game/Maps/DemoLevel.DemoLevel:PersistentLevel.Vines_C_4.SplineMeshComponent_0: Material index 2 is invalid.
[2016.01.19-00.41.29:027][960]LogPrimitiveComponent:Warning: CreateDynamicMaterialInstance on /Game/Maps/DemoLevel.DemoLevel:PersistentLevel.Vines_C_4.SplineMeshComponent_44: Material index 1 is invalid.
[2016.01.19-00.41.29:027][960]LogPrimitiveComponent:Warning: CreateDynamicMaterialInstance on /Game/Maps/DemoLevel.DemoLevel:PersistentLevel.Vines_C_4.SplineMeshComponent_44: Material index 2 is invalid.
[2016.01.19-00.41.29:027][960]LogPrimitiveComponent:Warning: CreateDynamicMaterialInstance on /Game/Maps/DemoLevel.DemoLevel:PersistentLevel.Vines_C_4.SplineMeshComponent_45: Material index 1 is invalid.
[2016.01.19-00.41.29:027][960]LogPrimitiveComponent:Warning: CreateDynamicMaterialInstance on /Game/Maps/DemoLevel.DemoLevel:PersistentLevel.Vines_C_4.SplineMeshComponent_45: Material index 2 is invalid.
[2016.01.19-00.41.29:028][960]LogPrimitiveComponent:Warning: CreateDynamicMaterialInstance on /Game/Maps/DemoLevel.DemoLevel:PersistentLevel.Vines_C_4.SplineMeshComponent_46: Material index 1 is invalid.
[2016.01.19-00.41.29:028][960]LogPrimitiveComponent:Warning: CreateDynamicMaterialInstance on /Game/Maps/DemoLevel.DemoLevel:PersistentLevel.Vines_C_4.SplineMeshComponent_46: Material index 2 is invalid.
[2016.01.19-00.41.29:029][960]LogPrimitiveComponent:Warning: CreateDynamicMaterialInstance on /Game/Maps/DemoLevel.DemoLevel:PersistentLevel.Vines_C_4.SplineMeshComponent_47: Material index 1 is invalid.
[2016.01.19-00.41.29:029][960]LogPrimitiveComponent:Warning: CreateDynamicMaterialInstance on /Game/Maps/DemoLevel.DemoLevel:PersistentLevel.Vines_C_4.SplineMeshComponent_47: Material index 2 is invalid.
[2016.01.19-00.41.29:030][960]LogPrimitiveComponent:Warning: CreateDynamicMaterialInstance on /Game/Maps/DemoLevel.DemoLevel:PersistentLevel.Vines_C_4.SplineMeshComponent_48: Material index 1 is invalid.
[2016.01.19-00.41.29:030][960]LogPrimitiveComponent:Warning: CreateDynamicMaterialInstance on /Game/Maps/DemoLevel.DemoLevel:PersistentLevel.Vines_C_4.SplineMeshComponent_48: Material index 2 is invalid.
[2016.01.19-00.41.29:031][960]LogPrimitiveComponent:Warning: CreateDynamicMaterialInstance on /Game/Maps/DemoLevel.DemoLevel:PersistentLevel.Vines_C_4.SplineMeshComponent_49: Material index 1 is invalid.
[2016.01.19-00.41.29:031][960]LogPrimitiveComponent:Warning: CreateDynamicMaterialInstance on /Game/Maps/DemoLevel.DemoLevel:PersistentLevel.Vines_C_4.SplineMeshComponent_49: Material index 2 is invalid.
[2016.01.19-00.41.29:032][960]LogPrimitiveComponent:Warning: CreateDynamicMaterialInstance on /Game/Maps/DemoLevel.DemoLevel:PersistentLevel.Vines_C_4.SplineMeshComponent_50: Material index 1 is invalid.
[2016.01.19-00.41.29:032][960]LogPrimitiveComponent:Warning: CreateDynamicMaterialInstance on /Game/Maps/DemoLevel.DemoLevel:PersistentLevel.Vines_C_4.SplineMeshComponent_50: Material index 2 is invalid.
[2016.01.19-00.41.29:032][960]LogPrimitiveComponent:Warning: CreateDynamicMaterialInstance on /Game/Maps/DemoLevel.DemoLevel:PersistentLevel.Vines_C_4.SplineMeshComponent_51: Material index 1 is invalid.
[2016.01.19-00.41.29:032][960]LogPrimitiveComponent:Warning: CreateDynamicMaterialInstance on /Game/Maps/DemoLevel.DemoLevel:PersistentLevel.Vines_C_4.SplineMeshComponent_51: Material index 2 is invalid.
[2016.01.19-00.41.29:033][960]LogPrimitiveComponent:Warning: CreateDynamicMaterialInstance on /Game/Maps/DemoLevel.DemoLevel:PersistentLevel.Vines_C_4.SplineMeshComponent_52: Material index 1 is invalid.
[2016.01.19-00.41.29:033][960]LogPrimitiveComponent:Warning: CreateDynamicMaterialInstance on /Game/Maps/DemoLevel.DemoLevel:PersistentLevel.Vines_C_4.SplineMeshComponent_52: Material index 2 is invalid.
[2016.01.19-00.41.29:034][960]LogPrimitiveComponent:Warning: CreateDynamicMaterialInstance on /Game/Maps/DemoLevel.DemoLevel:PersistentLevel.Vines_C_4.SplineMeshComponent_53: Material index 1 is invalid.
[2016.01.19-00.41.29:034][960]LogPrimitiveComponent:Warning: CreateDynamicMaterialInstance on /Game/Maps/DemoLevel.DemoLevel:PersistentLevel.Vines_C_4.SplineMeshComponent_53: Material index 2 is invalid.
[2016.01.19-00.41.29:034][960]LogPrimitiveComponent:Warning: CreateDynamicMaterialInstance on /Game/Maps/DemoLevel.DemoLevel:PersistentLevel.Vines_C_4.SplineMeshComponent_54: Material index 1 is invalid.
[2016.01.19-00.41.29:034][960]LogPrimitiveComponent:Warning: CreateDynamicMaterialInstance on /Game/Maps/DemoLevel.DemoLevel:PersistentLevel.Vines_C_4.SplineMeshComponent_54: Material index 2 is invalid.
[2016.01.19-00.41.29:035][960]LogPrimitiveComponent:Warning: CreateDynamicMaterialInstance on /Game/Maps/DemoLevel.DemoLevel:PersistentLevel.Vines_C_4.SplineMeshComponent_55: Material index 1 is invalid.
[2016.01.19-00.41.29:035][960]LogPrimitiveComponent:Warning: CreateDynamicMaterialInstance on /Game/Maps/DemoLevel.DemoLevel:PersistentLevel.Vines_C_4.SplineMeshComponent_55: Material index 2 is invalid.
[2016.01.19-00.41.29:036][960]LogPrimitiveComponent:Warning: CreateDynamicMaterialInstance on /Game/Maps/DemoLevel.DemoLevel:PersistentLevel.Vines_C_4.SplineMeshComponent_56: Material index 1 is invalid.
[2016.01.19-00.41.29:036][960]LogPrimitiveComponent:Warning: CreateDynamicMaterialInstance on /Game/Maps/DemoLevel.DemoLevel:PersistentLevel.Vines_C_4.SplineMeshComponent_56: Material index 2 is invalid.
[2016.01.19-00.41.29:037][960]LogPrimitiveComponent:Warning: CreateDynamicMaterialInstance on /Game/Maps/DemoLevel.DemoLevel:PersistentLevel.Vines_C_5.SplineMeshComponent_0: Material index 1 is invalid.
[2016.01.19-00.41.29:037][960]LogPrimitiveComponent:Warning: CreateDynamicMaterialInstance on /Game/Maps/DemoLevel.DemoLevel:PersistentLevel.Vines_C_5.SplineMeshComponent_0: Material index 2 is invalid.
[2016.01.19-00.41.29:038][960]LogPrimitiveComponent:Warning: CreateDynamicMaterialInstance on /Game/Maps/DemoLevel.DemoLevel:PersistentLevel.Vines_C_5.SplineMeshComponent_57: Material index 1 is invalid.
[2016.01.19-00.41.29:038][960]LogPrimitiveComponent:Warning: CreateDynamicMaterialInstance on /Game/Maps/DemoLevel.DemoLevel:PersistentLevel.Vines_C_5.SplineMeshComponent_57: Material index 2 is invalid.
[2016.01.19-00.41.29:039][960]LogPrimitiveComponent:Warning: CreateDynamicMaterialInstance on /Game/Maps/DemoLevel.DemoLevel:PersistentLevel.Vines_C_5.SplineMeshComponent_58: Material index 1 is invalid.
[2016.01.19-00.41.29:039][960]LogPrimitiveComponent:Warning: CreateDynamicMaterialInstance on /Game/Maps/DemoLevel.DemoLevel:PersistentLevel.Vines_C_5.SplineMeshComponent_58: Material index 2 is invalid.
[2016.01.19-00.41.29:040][960]LogPrimitiveComponent:Warning: CreateDynamicMaterialInstance on /Game/Maps/DemoLevel.DemoLevel:PersistentLevel.Vines_C_5.SplineMeshComponent_59: Material index 1 is invalid.
[2016.01.19-00.41.29:040][960]LogPrimitiveComponent:Warning: CreateDynamicMaterialInstance on /Game/Maps/DemoLevel.DemoLevel:PersistentLevel.Vines_C_5.SplineMeshComponent_59: Material index 2 is invalid.
[2016.01.19-00.41.29:040][960]LogPrimitiveComponent:Warning: CreateDynamicMaterialInstance on /Game/Maps/DemoLevel.DemoLevel:PersistentLevel.Vines_C_5.SplineMeshComponent_60: Material index 1 is invalid.
[2016.01.19-00.41.29:040][960]LogPrimitiveComponent:Warning: CreateDynamicMaterialInstance on /Game/Maps/DemoLevel.DemoLevel:PersistentLevel.Vines_C_5.SplineMeshComponent_60: Material index 2 is invalid.
[2016.01.19-00.41.29:050][960]LogActorComponent: UnregisterComponent: (/Engine/Transient.ProjectileMovementComponent_0) Not registered. Aborting.
[2016.01.19-00.41.29:050][960]LogActorComponent: UnregisterComponent: (/Engine/Transient.ProjectileMovementComponent_1) Not registered. Aborting.
[2016.01.19-00.41.29:464][960]Cmd: MAP LOAD FILE="G:/Unreal Projects/Extinction 4.7/Content/Maps/DemoLevel.umap" TEMPLATE=0 SHOWPROGRESS=1 FEATURELEVEL=3
[2016.01.19-00.41.29:466][960]LightingResults: New page: Lighting Build
[2016.01.19-00.41.29:492][960]LoadErrors: New page: Loading map: DemoLevel.umap
[2016.01.19-00.41.29:496][960]MapCheck: New page: Map Check
[2016.01.19-00.41.29:496][960]LightingResults: New page: Lighting Build
[2016.01.19-00.41.29:537][960]LogParticles: Destroying 0 GPU particle simulations for FXSystem 0x000000002B610360
[2016.01.19-00.41.29:762][960]LogPhysics:Warning: AddConvexElemsToRigidActor: ConvexElem is missing ConvexMesh (3: /Game/Environments/Mutated/Trees/Bulbous_Tree_Young/BTY_SM.BTY_SM:BodySetup_3)
[2016.01.19-00.41.29:762][960]LogPhysics:Warning: AddConvexElemsToRigidActor: ConvexElem is missing ConvexMesh (3: /Game/Environments/Mutated/Trees/Bulbous_Tree_Young/BTY_SM.BTY_SM:BodySetup_3)
[2016.01.19-00.41.29:762][960]LogRenderer: Adding SpeedTree wind for static mesh ChineseBanyan_Desktop_1
[2016.01.19-00.41.29:762][960]LogPhysics:Warning: AddConvexElemsToRigidActor: ConvexElem is missing ConvexMesh (3: /Game/Environments/Mutated/Trees/Bulbous_Tree_Young/BTY_SM.BTY_SM:BodySetup_3)
[2016.01.19-00.41.29:763][960]LogPhysics:Warning: AddConvexElemsToRigidActor: ConvexElem is missing ConvexMesh (3: /Game/Environments/Mutated/Trees/Bulbous_Tree_Young/BTY_SM.BTY_SM:BodySetup_3)
[2016.01.19-00.41.29:780][960]LogPhysics:Warning: AddConvexElemsToRigidActor: ConvexElem is missing ConvexMesh (3: /Game/Environments/Mutated/Trees/Bulbous_Tree_Young/BTY_SM.BTY_SM:BodySetup_3)
[2016.01.19-00.41.29:805][960]LogPhysics:Warning: AddConvexElemsToRigidActor: ConvexElem is missing ConvexMesh (3: /Game/Environments/Mutated/Trees/Bulbous_Tree_Young/BTY_SM.BTY_SM:BodySetup_3)
[2016.01.19-00.41.29:820][960]LogPrimitiveComponent:Warning: CreateDynamicMaterialInstance on /Game/Maps/DemoLevel.DemoLevel:PersistentLevel.Vines_C_0.SplineMeshComponent_0: Material index 1 is invalid.
[2016.01.19-00.41.29:820][960]LogPrimitiveComponent:Warning: CreateDynamicMaterialInstance on /Game/Maps/DemoLevel.DemoLevel:PersistentLevel.Vines_C_0.SplineMeshComponent_0: Material index 2 is invalid.
[2016.01.19-00.41.29:821][960]LogPrimitiveComponent:Warning: CreateDynamicMaterialInstance on /Game/Maps/DemoLevel.DemoLevel:PersistentLevel.Vines_C_0.SplineMeshComponent_61: Material index 1 is invalid.
[2016.01.19-00.41.29:821][960]LogPrimitiveComponent:Warning: CreateDynamicMaterialInstance on /Game/Maps/DemoLevel.DemoLevel:PersistentLevel.Vines_C_0.SplineMeshComponent_61: Material index 2 is invalid.
[2016.01.19-00.41.29:823][960]LogPrimitiveComponent:Warning: CreateDynamicMaterialInstance on /Game/Maps/DemoLevel.DemoLevel:PersistentLevel.Vines_C_0.SplineMeshComponent_62: Material index 1 is invalid.
[2016.01.19-00.41.29:823][960]LogPrimitiveComponent:Warning: CreateDynamicMaterialInstance on /Game/Maps/DemoLevel.DemoLevel:PersistentLevel.Vines_C_0.SplineMeshComponent_62: Material index 2 is invalid.
[2016.01.19-00.41.29:824][960]LogPrimitiveComponent:Warning: CreateDynamicMaterialInstance on /Game/Maps/DemoLevel.DemoLevel:PersistentLevel.Vines_C_0.SplineMeshComponent_63: Material index 1 is invalid.
[2016.01.19-00.41.29:824][960]LogPrimitiveComponent:Warning: CreateDynamicMaterialInstance on /Game/Maps/DemoLevel.DemoLevel:PersistentLevel.Vines_C_0.SplineMeshComponent_63: Material index 2 is invalid.
[2016.01.19-00.41.29:825][960]LogPrimitiveComponent:Warning: CreateDynamicMaterialInstance on /Game/Maps/DemoLevel.DemoLevel:PersistentLevel.Vines_C_0.SplineMeshComponent_64: Material index 1 is invalid.
[2016.01.19-00.41.29:825][960]LogPrimitiveComponent:Warning: CreateDynamicMaterialInstance on /Game/Maps/DemoLevel.DemoLevel:PersistentLevel.Vines_C_0.SplineMeshComponent_64: Material index 2 is invalid.
[2016.01.19-00.41.29:827][960]LogPrimitiveComponent:Warning: CreateDynamicMaterialInstance on /Game/Maps/DemoLevel.DemoLevel:PersistentLevel.Vines_C_1.SplineMeshComponent_0: Material index 1 is invalid.
[2016.01.19-00.41.29:827][960]LogPrimitiveComponent:Warning: CreateDynamicMaterialInstance on /Game/Maps/DemoLevel.DemoLevel:PersistentLevel.Vines_C_1.SplineMeshComponent_0: Material index 2 is invalid.
[2016.01.19-00.41.29:829][960]LogPrimitiveComponent:Warning: CreateDynamicMaterialInstance on /Game/Maps/DemoLevel.DemoLevel:PersistentLevel.Vines_C_1.SplineMeshComponent_65: Material index 1 is invalid.
[2016.01.19-00.41.29:829][960]LogPrimitiveComponent:Warning: CreateDynamicMaterialInstance on /Game/Maps/DemoLevel.DemoLevel:PersistentLevel.Vines_C_1.SplineMeshComponent_65: Material index 2 is invalid.
[2016.01.19-00.41.29:831][960]LogPrimitiveComponent:Warning: CreateDynamicMaterialInstance on /Game/Maps/DemoLevel.DemoLevel:PersistentLevel.Vines_C_1.SplineMeshComponent_66: Material index 1 is invalid.
[2016.01.19-00.41.29:831][960]LogPrimitiveComponent:Warning: CreateDynamicMaterialInstance on /Game/Maps/DemoLevel.DemoLevel:PersistentLevel.Vines_C_1.SplineMeshComponent_66: Material index 2 is invalid.
[2016.01.19-00.41.29:832][960]LogPrimitiveComponent:Warning: CreateDynamicMaterialInstance on /Game/Maps/DemoLevel.DemoLevel:PersistentLevel.Vines_C_1.SplineMeshComponent_67: Material index 1 is invalid.
[2016.01.19-00.41.29:832][960]LogPrimitiveComponent:Warning: CreateDynamicMaterialInstance on /Game/Maps/DemoLevel.DemoLevel:PersistentLevel.Vines_C_1.SplineMeshComponent_67: Material index 2 is invalid.
[2016.01.19-00.41.29:833][960]LogPrimitiveComponent:Warning: CreateDynamicMaterialInstance on /Game/Maps/DemoLevel.DemoLevel:PersistentLevel.Vines_C_1.SplineMeshComponent_68: Material index 1 is invalid.
[2016.01.19-00.41.29:833][960]LogPrimitiveComponent:Warning: CreateDynamicMaterialInstance on /Game/Maps/DemoLevel.DemoLevel:PersistentLevel.Vines_C_1.SplineMeshComponent_68: Material index 2 is invalid.
[2016.01.19-00.41.29:835][960]LogPrimitiveComponent:Warning: CreateDynamicMaterialInstance on /Game/Maps/DemoLevel.DemoLevel:PersistentLevel.Vines_C_1.SplineMeshComponent_69: Material index 1 is invalid.
[2016.01.19-00.41.29:835][960]LogPrimitiveComponent:Warning: CreateDynamicMaterialInstance on /Game/Maps/DemoLevel.DemoLevel:PersistentLevel.Vines_C_1.SplineMeshComponent_69: Material index 2 is invalid.
[2016.01.19-00.41.29:836][960]LogPrimitiveComponent:Warning: CreateDynamicMaterialInstance on /Game/Maps/DemoLevel.DemoLevel:PersistentLevel.Vines_C_1.SplineMeshComponent_70: Material index 1 is invalid.
[2016.01.19-00.41.29:836][960]LogPrimitiveComponent:Warning: CreateDynamicMaterialInstance on /Game/Maps/DemoLevel.DemoLevel:PersistentLevel.Vines_C_1.SplineMeshComponent_70: Material index 2 is invalid.
[2016.01.19-00.41.29:837][960]LogPrimitiveComponent:Warning: CreateDynamicMaterialInstance on /Game/Maps/DemoLevel.DemoLevel:PersistentLevel.Vines_C_1.SplineMeshComponent_71: Material index 1 is invalid.
[2016.01.19-00.41.29:837][960]LogPrimitiveComponent:Warning: CreateDynamicMaterialInstance on /Game/Maps/DemoLevel.DemoLevel:PersistentLevel.Vines_C_1.SplineMeshComponent_71: Material index 2 is invalid.
[2016.01.19-00.41.29:838][960]LogPrimitiveComponent:Warning: CreateDynamicMaterialInstance on /Game/Maps/DemoLevel.DemoLevel:PersistentLevel.Vines_C_1.SplineMeshComponent_72: Material index 1 is invalid.
[2016.01.19-00.41.29:838][960]LogPrimitiveComponent:Warning: CreateDynamicMaterialInstance on /Game/Maps/DemoLevel.DemoLevel:PersistentLevel.Vines_C_1.SplineMeshComponent_72: Material index 2 is invalid.
[2016.01.19-00.41.29:842][960]LogPrimitiveComponent:Warning: CreateDynamicMaterialInstance on /Game/Maps/DemoLevel.DemoLevel:PersistentLevel.Vines_C_1.SplineMeshComponent_73: Material index 1 is invalid.
[2016.01.19-00.41.29:842][960]LogPrimitiveComponent:Warning: CreateDynamicMaterialInstance on /Game/Maps/DemoLevel.DemoLevel:PersistentLevel.Vines_C_1.SplineMeshComponent_73: Material index 2 is invalid.
[2016.01.19-00.41.29:844][960]LogPrimitiveComponent:Warning: CreateDynamicMaterialInstance on /Game/Maps/DemoLevel.DemoLevel:PersistentLevel.Vines_C_1.SplineMeshComponent_74: Material index 1 is invalid.
[2016.01.19-00.41.29:844][960]LogPrimitiveComponent:Warning: CreateDynamicMaterialInstance on /Game/Maps/DemoLevel.DemoLevel:PersistentLevel.Vines_C_1.SplineMeshComponent_74: Material index 2 is invalid.
[2016.01.19-00.41.29:846][960]LogPrimitiveComponent:Warning: CreateDynamicMaterialInstance on /Game/Maps/DemoLevel.DemoLevel:PersistentLevel.Vines_C_1.SplineMeshComponent_75: Material index 1 is invalid.
[2016.01.19-00.41.29:846][960]LogPrimitiveComponent:Warning: CreateDynamicMaterialInstance on /Game/Maps/DemoLevel.DemoLevel:PersistentLevel.Vines_C_1.SplineMeshComponent_75: Material index 2 is invalid.
[2016.01.19-00.41.29:848][960]LogPrimitiveComponent:Warning: CreateDynamicMaterialInstance on /Game/Maps/DemoLevel.DemoLevel:PersistentLevel.Vines_C_1.SplineMeshComponent_76: Material index 1 is invalid.
[2016.01.19-00.41.29:848][960]LogPrimitiveComponent:Warning: CreateDynamicMaterialInstance on /Game/Maps/DemoLevel.DemoLevel:PersistentLevel.Vines_C_1.SplineMeshComponent_76: Material index 2 is invalid.
[2016.01.19-00.41.29:849][960]LogPrimitiveComponent:Warning: CreateDynamicMaterialInstance on /Game/Maps/DemoLevel.DemoLevel:PersistentLevel.Vines_C_1.SplineMeshComponent_77: Material index 1 is invalid.
[2016.01.19-00.41.29:849][960]LogPrimitiveComponent:Warning: CreateDynamicMaterialInstance on /Game/Maps/DemoLevel.DemoLevel:PersistentLevel.Vines_C_1.SplineMeshComponent_77: Material index 2 is invalid.
[2016.01.19-00.41.29:851][960]LogPrimitiveComponent:Warning: CreateDynamicMaterialInstance on /Game/Maps/DemoLevel.DemoLevel:PersistentLevel.Vines_C_2.SplineMeshComponent_0: Material index 1 is invalid.
[2016.01.19-00.41.29:851][960]LogPrimitiveComponent:Warning: CreateDynamicMaterialInstance on /Game/Maps/DemoLevel.DemoLevel:PersistentLevel.Vines_C_2.SplineMeshComponent_0: Material index 2 is invalid.
[2016.01.19-00.41.29:853][960]LogPrimitiveComponent:Warning: CreateDynamicMaterialInstance on /Game/Maps/DemoLevel.DemoLevel:PersistentLevel.Vines_C_2.SplineMeshComponent_78: Material index 1 is invalid.
[2016.01.19-00.41.29:853][960]LogPrimitiveComponent:Warning: CreateDynamicMaterialInstance on /Game/Maps/DemoLevel.DemoLevel:PersistentLevel.Vines_C_2.SplineMeshComponent_78: Material index 2 is invalid.
[2016.01.19-00.41.29:854][960]LogPrimitiveComponent:Warning: CreateDynamicMaterialInstance on /Game/Maps/DemoLevel.DemoLevel:PersistentLevel.Vines_C_2.SplineMeshComponent_79: Material index 1 is invalid.
[2016.01.19-00.41.29:854][960]LogPrimitiveComponent:Warning: CreateDynamicMaterialInstance on /Game/Maps/DemoLevel.DemoLevel:PersistentLevel.Vines_C_2.SplineMeshComponent_79: Material index 2 is invalid.
[2016.01.19-00.41.29:855][960]LogPrimitiveComponent:Warning: CreateDynamicMaterialInstance on /Game/Maps/DemoLevel.DemoLevel:PersistentLevel.Vines_C_2.SplineMeshComponent_80: Material index 1 is invalid.
[2016.01.19-00.41.29:855][960]LogPrimitiveComponent:Warning: CreateDynamicMaterialInstance on /Game/Maps/DemoLevel.DemoLevel:PersistentLevel.Vines_C_2.SplineMeshComponent_80: Material index 2 is invalid.
[2016.01.19-00.41.29:856][960]LogPrimitiveComponent:Warning: CreateDynamicMaterialInstance on /Game/Maps/DemoLevel.DemoLevel:PersistentLevel.Vines_C_2.SplineMeshComponent_81: Material index 1 is invalid.
[2016.01.19-00.41.29:856][960]LogPrimitiveComponent:Warning: CreateDynamicMaterialInstance on /Game/Maps/DemoLevel.DemoLevel:PersistentLevel.Vines_C_2.SplineMeshComponent_81: Material index 2 is invalid.
[2016.01.19-00.41.29:857][960]LogPrimitiveComponent:Warning: CreateDynamicMaterialInstance on /Game/Maps/DemoLevel.DemoLevel:PersistentLevel.Vines_C_2.SplineMeshComponent_82: Material index 1 is invalid.
[2016.01.19-00.41.29:857][960]LogPrimitiveComponent:Warning: CreateDynamicMaterialInstance on /Game/Maps/DemoLevel.DemoLevel:PersistentLevel.Vines_C_2.SplineMeshComponent_82: Material index 2 is invalid.
[2016.01.19-00.41.29:858][960]LogPrimitiveComponent:Warning: CreateDynamicMaterialInstance on /Game/Maps/DemoLevel.DemoLevel:PersistentLevel.Vines_C_2.SplineMeshComponent_83: Material index 1 is invalid.
[2016.01.19-00.41.29:858][960]LogPrimitiveComponent:Warning: CreateDynamicMaterialInstance on /Game/Maps/DemoLevel.DemoLevel:PersistentLevel.Vines_C_2.SplineMeshComponent_83: Material index 2 is invalid.
[2016.01.19-00.41.29:862][960]LogPrimitiveComponent:Warning: CreateDynamicMaterialInstance on /Game/Maps/DemoLevel.DemoLevel:PersistentLevel.Vines_C_2.SplineMeshComponent_84: Material index 1 is invalid.
[2016.01.19-00.41.29:862][960]LogPrimitiveComponent:Warning: CreateDynamicMaterialInstance on /Game/Maps/DemoLevel.DemoLevel:PersistentLevel.Vines_C_2.SplineMeshComponent_84: Material index 2 is invalid.
[2016.01.19-00.41.29:864][960]LogPrimitiveComponent:Warning: CreateDynamicMaterialInstance on /Game/Maps/DemoLevel.DemoLevel:PersistentLevel.Vines_C_2.SplineMeshComponent_85: Material index 1 is invalid.
[2016.01.19-00.41.29:864][960]LogPrimitiveComponent:Warning: CreateDynamicMaterialInstance on /Game/Maps/DemoLevel.DemoLevel:PersistentLevel.Vines_C_2.SplineMeshComponent_85: Material index 2 is invalid.
[2016.01.19-00.41.29:865][960]LogPrimitiveComponent:Warning: CreateDynamicMaterialInstance on /Game/Maps/DemoLevel.DemoLevel:PersistentLevel.Vines_C_2.SplineMeshComponent_86: Material index 1 is invalid.
[2016.01.19-00.41.29:865][960]LogPrimitiveComponent:Warning: CreateDynamicMaterialInstance on /Game/Maps/DemoLevel.DemoLevel:PersistentLevel.Vines_C_2.SplineMeshComponent_86: Material index 2 is invalid.
[2016.01.19-00.41.29:866][960]LogPrimitiveComponent:Warning: CreateDynamicMaterialInstance on /Game/Maps/DemoLevel.DemoLevel:PersistentLevel.Vines_C_2.SplineMeshComponent_87: Material index 1 is invalid.
[2016.01.19-00.41.29:866][960]LogPrimitiveComponent:Warning: CreateDynamicMaterialInstance on /Game/Maps/DemoLevel.DemoLevel:PersistentLevel.Vines_C_2.SplineMeshComponent_87: Material index 2 is invalid.
[2016.01.19-00.41.29:867][960]LogPrimitiveComponent:Warning: CreateDynamicMaterialInstance on /Game/Maps/DemoLevel.DemoLevel:PersistentLevel.Vines_C_2.SplineMeshComponent_88: Material index 1 is invalid.
[2016.01.19-00.41.29:868][960]LogPrimitiveComponent:Warning: CreateDynamicMaterialInstance on /Game/Maps/DemoLevel.DemoLevel:PersistentLevel.Vines_C_2.SplineMeshComponent_88: Material index 2 is invalid.
[2016.01.19-00.41.29:869][960]LogPrimitiveComponent:Warning: CreateDynamicMaterialInstance on /Game/Maps/DemoLevel.DemoLevel:PersistentLevel.Vines_C_2.SplineMeshComponent_89: Material index 1 is invalid.
[2016.01.19-00.41.29:869][960]LogPrimitiveComponent:Warning: CreateDynamicMaterialInstance on /Game/Maps/DemoLevel.DemoLevel:PersistentLevel.Vines_C_2.SplineMeshComponent_89: Material index 2 is invalid.
[2016.01.19-00.41.29:870][960]LogPrimitiveComponent:Warning: CreateDynamicMaterialInstance on /Game/Maps/DemoLevel.DemoLevel:PersistentLevel.Vines_C_2.SplineMeshComponent_90: Material index 1 is invalid.
[2016.01.19-00.41.29:870][960]LogPrimitiveComponent:Warning: CreateDynamicMaterialInstance on /Game/Maps/DemoLevel.DemoLevel:PersistentLevel.Vines_C_2.SplineMeshComponent_90: Material index 2 is invalid.
[2016.01.19-00.41.29:872][960]LogPrimitiveComponent:Warning: CreateDynamicMaterialInstance on /Game/Maps/DemoLevel.DemoLevel:PersistentLevel.Vines_C_3.SplineMeshComponent_0: Material index 1 is invalid.
[2016.01.19-00.41.29:872][960]LogPrimitiveComponent:Warning: CreateDynamicMaterialInstance on /Game/Maps/DemoLevel.DemoLevel:PersistentLevel.Vines_C_3.SplineMeshComponent_0: Material index 2 is invalid.
[2016.01.19-00.41.29:873][960]LogPrimitiveComponent:Warning: CreateDynamicMaterialInstance on /Game/Maps/DemoLevel.DemoLevel:PersistentLevel.Vines_C_3.SplineMeshComponent_91: Material index 1 is invalid.
[2016.01.19-00.41.29:873][960]LogPrimitiveComponent:Warning: CreateDynamicMaterialInstance on /Game/Maps/DemoLevel.DemoLevel:PersistentLevel.Vines_C_3.SplineMeshComponent_91: Material index 2 is invalid.
[2016.01.19-00.41.29:875][960]LogPrimitiveComponent:Warning: CreateDynamicMaterialInstance on /Game/Maps/DemoLevel.DemoLevel:PersistentLevel.Vines_C_3.SplineMeshComponent_92: Material index 1 is invalid.
[2016.01.19-00.41.29:875][960]LogPrimitiveComponent:Warning: CreateDynamicMaterialInstance on /Game/Maps/DemoLevel.DemoLevel:PersistentLevel.Vines_C_3.SplineMeshComponent_92: Material index 2 is invalid.
[2016.01.19-00.41.29:876][960]LogPrimitiveComponent:Warning: CreateDynamicMaterialInstance on /Game/Maps/DemoLevel.DemoLevel:PersistentLevel.Vines_C_3.SplineMeshComponent_93: Material index 1 is invalid.
[2016.01.19-00.41.29:876][960]LogPrimitiveComponent:Warning: CreateDynamicMaterialInstance on /Game/Maps/DemoLevel.DemoLevel:PersistentLevel.Vines_C_3.SplineMeshComponent_93: Material index 2 is invalid.
[2016.01.19-00.41.29:877][960]LogPrimitiveComponent:Warning: CreateDynamicMaterialInstance on /Game/Maps/DemoLevel.DemoLevel:PersistentLevel.Vines_C_3.SplineMeshComponent_94: Material index 1 is invalid.
[2016.01.19-00.41.29:877][960]LogPrimitiveComponent:Warning: CreateDynamicMaterialInstance on /Game/Maps/DemoLevel.DemoLevel:PersistentLevel.Vines_C_3.SplineMeshComponent_94: Material index 2 is invalid.
[2016.01.19-00.41.29:879][960]LogPrimitiveComponent:Warning: CreateDynamicMaterialInstance on /Game/Maps/DemoLevel.DemoLevel:PersistentLevel.Vines_C_3.SplineMeshComponent_95: Material index 1 is invalid.
[2016.01.19-00.41.29:879][960]LogPrimitiveComponent:Warning: CreateDynamicMaterialInstance on /Game/Maps/DemoLevel.DemoLevel:PersistentLevel.Vines_C_3.SplineMeshComponent_95: Material index 2 is invalid.
[2016.01.19-00.41.29:880][960]LogPrimitiveComponent:Warning: CreateDynamicMaterialInstance on /Game/Maps/DemoLevel.DemoLevel:PersistentLevel.Vines_C_3.SplineMeshComponent_96: Material index 1 is invalid.
[2016.01.19-00.41.29:880][960]LogPrimitiveComponent:Warning: CreateDynamicMaterialInstance on /Game/Maps/DemoLevel.DemoLevel:PersistentLevel.Vines_C_3.SplineMeshComponent_96: Material index 2 is invalid.
[2016.01.19-00.41.29:882][960]LogPrimitiveComponent:Warning: CreateDynamicMaterialInstance on /Game/Maps/DemoLevel.DemoLevel:PersistentLevel.Vines_C_3.SplineMeshComponent_97: Material index 1 is invalid.
[2016.01.19-00.41.29:882][960]LogPrimitiveComponent:Warning: CreateDynamicMaterialInstance on /Game/Maps/DemoLevel.DemoLevel:PersistentLevel.Vines_C_3.SplineMeshComponent_97: Material index 2 is invalid.
[2016.01.19-00.41.29:883][960]LogPrimitiveComponent:Warning: CreateDynamicMaterialInstance on /Game/Maps/DemoLevel.DemoLevel:PersistentLevel.Vines_C_3.SplineMeshComponent_98: Material index 1 is invalid.
[2016.01.19-00.41.29:883][960]LogPrimitiveComponent:Warning: CreateDynamicMaterialInstance on /Game/Maps/DemoLevel.DemoLevel:PersistentLevel.Vines_C_3.SplineMeshComponent_98: Material index 2 is invalid.
[2016.01.19-00.41.29:885][960]LogPrimitiveComponent:Warning: CreateDynamicMaterialInstance on /Game/Maps/DemoLevel.DemoLevel:PersistentLevel.Vines_C_3.SplineMeshComponent_99: Material index 1 is invalid.
[2016.01.19-00.41.29:885][960]LogPrimitiveComponent:Warning: CreateDynamicMaterialInstance on /Game/Maps/DemoLevel.DemoLevel:PersistentLevel.Vines_C_3.SplineMeshComponent_99: Material index 2 is invalid.
[2016.01.19-00.41.29:886][960]LogPrimitiveComponent:Warning: CreateDynamicMaterialInstance on /Game/Maps/DemoLevel.DemoLevel:PersistentLevel.Vines_C_3.SplineMeshComponent_100: Material index 1 is invalid.
[2016.01.19-00.41.29:886][960]LogPrimitiveComponent:Warning: CreateDynamicMaterialInstance on /Game/Maps/DemoLevel.DemoLevel:PersistentLevel.Vines_C_3.SplineMeshComponent_100: Material index 2 is invalid.
[2016.01.19-00.41.29:888][960]LogPrimitiveComponent:Warning: CreateDynamicMaterialInstance on /Game/Maps/DemoLevel.DemoLevel:PersistentLevel.Vines_C_3.SplineMeshComponent_101: Material index 1 is invalid.
[2016.01.19-00.41.29:888][960]LogPrimitiveComponent:Warning: CreateDynamicMaterialInstance on /Game/Maps/DemoLevel.DemoLevel:PersistentLevel.Vines_C_3.SplineMeshComponent_101: Material index 2 is invalid.
[2016.01.19-00.41.29:889][960]LogPrimitiveComponent:Warning: CreateDynamicMaterialInstance on /Game/Maps/DemoLevel.DemoLevel:PersistentLevel.Vines_C_3.SplineMeshComponent_102: Material index 1 is invalid.
[2016.01.19-00.41.29:889][960]LogPrimitiveComponent:Warning: CreateDynamicMaterialInstance on /Game/Maps/DemoLevel.DemoLevel:PersistentLevel.Vines_C_3.SplineMeshComponent_102: Material index 2 is invalid.
[2016.01.19-00.41.29:891][960]LogPrimitiveComponent:Warning: CreateDynamicMaterialInstance on /Game/Maps/DemoLevel.DemoLevel:PersistentLevel.Vines_C_3.SplineMeshComponent_103: Material index 1 is invalid.
[2016.01.19-00.41.29:891][960]LogPrimitiveComponent:Warning: CreateDynamicMaterialInstance on /Game/Maps/DemoLevel.DemoLevel:PersistentLevel.Vines_C_3.SplineMeshComponent_103: Material index 2 is invalid.
[2016.01.19-00.41.29:894][960]LogPrimitiveComponent:Warning: CreateDynamicMaterialInstance on /Game/Maps/DemoLevel.DemoLevel:PersistentLevel.Vines_C_4.SplineMeshComponent_0: Material index 1 is invalid.
[2016.01.19-00.41.29:894][960]LogPrimitiveComponent:Warning: CreateDynamicMaterialInstance on /Game/Maps/DemoLevel.DemoLevel:PersistentLevel.Vines_C_4.SplineMeshComponent_0: Material index 2 is invalid.
[2016.01.19-00.41.29:895][960]LogPrimitiveComponent:Warning: CreateDynamicMaterialInstance on /Game/Maps/DemoLevel.DemoLevel:PersistentLevel.Vines_C_4.SplineMeshComponent_104: Material index 1 is invalid.
[2016.01.19-00.41.29:896][960]LogPrimitiveComponent:Warning: CreateDynamicMaterialInstance on /Game/Maps/DemoLevel.DemoLevel:PersistentLevel.Vines_C_4.SplineMeshComponent_104: Material index 2 is invalid.
[2016.01.19-00.41.29:897][960]LogPrimitiveComponent:Warning: CreateDynamicMaterialInstance on /Game/Maps/DemoLevel.DemoLevel:PersistentLevel.Vines_C_4.SplineMeshComponent_105: Material index 1 is invalid.
[2016.01.19-00.41.29:897][960]LogPrimitiveComponent:Warning: CreateDynamicMaterialInstance on /Game/Maps/DemoLevel.DemoLevel:PersistentLevel.Vines_C_4.SplineMeshComponent_105: Material index 2 is invalid.
[2016.01.19-00.41.29:899][960]LogPrimitiveComponent:Warning: CreateDynamicMaterialInstance on /Game/Maps/DemoLevel.DemoLevel:PersistentLevel.Vines_C_4.SplineMeshComponent_106: Material index 1 is invalid.
[2016.01.19-00.41.29:899][960]LogPrimitiveComponent:Warning: CreateDynamicMaterialInstance on /Game/Maps/DemoLevel.DemoLevel:PersistentLevel.Vines_C_4.SplineMeshComponent_106: Material index 2 is invalid.
[2016.01.19-00.41.29:900][960]LogPrimitiveComponent:Warning: CreateDynamicMaterialInstance on /Game/Maps/DemoLevel.DemoLevel:PersistentLevel.Vines_C_4.SplineMeshComponent_107: Material index 1 is invalid.
[2016.01.19-00.41.29:901][960]LogPrimitiveComponent:Warning: CreateDynamicMaterialInstance on /Game/Maps/DemoLevel.DemoLevel:PersistentLevel.Vines_C_4.SplineMeshComponent_107: Material index 2 is invalid.
[2016.01.19-00.41.29:902][960]LogPrimitiveComponent:Warning: CreateDynamicMaterialInstance on /Game/Maps/DemoLevel.DemoLevel:PersistentLevel.Vines_C_4.SplineMeshComponent_108: Material index 1 is invalid.
[2016.01.19-00.41.29:902][960]LogPrimitiveComponent:Warning: CreateDynamicMaterialInstance on /Game/Maps/DemoLevel.DemoLevel:PersistentLevel.Vines_C_4.SplineMeshComponent_108: Material index 2 is invalid.
[2016.01.19-00.41.29:904][960]LogPrimitiveComponent:Warning: CreateDynamicMaterialInstance on /Game/Maps/DemoLevel.DemoLevel:PersistentLevel.Vines_C_4.SplineMeshComponent_109: Material index 1 is invalid.
[2016.01.19-00.41.29:904][960]LogPrimitiveComponent:Warning: CreateDynamicMaterialInstance on /Game/Maps/DemoLevel.DemoLevel:PersistentLevel.Vines_C_4.SplineMeshComponent_109: Material index 2 is invalid.
[2016.01.19-00.41.29:905][960]LogPrimitiveComponent:Warning: CreateDynamicMaterialInstance on /Game/Maps/DemoLevel.DemoLevel:PersistentLevel.Vines_C_4.SplineMeshComponent_110: Material index 1 is invalid.
[2016.01.19-00.41.29:905][960]LogPrimitiveComponent:Warning: CreateDynamicMaterialInstance on /Game/Maps/DemoLevel.DemoLevel:PersistentLevel.Vines_C_4.SplineMeshComponent_110: Material index 2 is invalid.
[2016.01.19-00.41.29:907][960]LogPrimitiveComponent:Warning: CreateDynamicMaterialInstance on /Game/Maps/DemoLevel.DemoLevel:PersistentLevel.Vines_C_4.SplineMeshComponent_111: Material index 1 is invalid.
[2016.01.19-00.41.29:907][960]LogPrimitiveComponent:Warning: CreateDynamicMaterialInstance on /Game/Maps/DemoLevel.DemoLevel:PersistentLevel.Vines_C_4.SplineMeshComponent_111: Material index 2 is invalid.
[2016.01.19-00.41.29:908][960]LogPrimitiveComponent:Warning: CreateDynamicMaterialInstance on /Game/Maps/DemoLevel.DemoLevel:PersistentLevel.Vines_C_4.SplineMeshComponent_112: Material index 1 is invalid.
[2016.01.19-00.41.29:908][960]LogPrimitiveComponent:Warning: CreateDynamicMaterialInstance on /Game/Maps/DemoLevel.DemoLevel:PersistentLevel.Vines_C_4.SplineMeshComponent_112: Material index 2 is invalid.
[2016.01.19-00.41.29:910][960]LogPrimitiveComponent:Warning: CreateDynamicMaterialInstance on /Game/Maps/DemoLevel.DemoLevel:PersistentLevel.Vines_C_4.SplineMeshComponent_113: Material index 1 is invalid.
[2016.01.19-00.41.29:910][960]LogPrimitiveComponent:Warning: CreateDynamicMaterialInstance on /Game/Maps/DemoLevel.DemoLevel:PersistentLevel.Vines_C_4.SplineMeshComponent_113: Material index 2 is invalid.
[2016.01.19-00.41.29:911][960]LogPrimitiveComponent:Warning: CreateDynamicMaterialInstance on /Game/Maps/DemoLevel.DemoLevel:PersistentLevel.Vines_C_4.SplineMeshComponent_114: Material index 1 is invalid.
[2016.01.19-00.41.29:911][960]LogPrimitiveComponent:Warning: CreateDynamicMaterialInstance on /Game/Maps/DemoLevel.DemoLevel:PersistentLevel.Vines_C_4.SplineMeshComponent_114: Material index 2 is invalid.
[2016.01.19-00.41.29:912][960]LogPrimitiveComponent:Warning: CreateDynamicMaterialInstance on /Game/Maps/DemoLevel.DemoLevel:PersistentLevel.Vines_C_4.SplineMeshComponent_115: Material index 1 is invalid.
[2016.01.19-00.41.29:912][960]LogPrimitiveComponent:Warning: CreateDynamicMaterialInstance on /Game/Maps/DemoLevel.DemoLevel:PersistentLevel.Vines_C_4.SplineMeshComponent_115: Material index 2 is invalid.
[2016.01.19-00.41.29:914][960]LogPrimitiveComponent:Warning: CreateDynamicMaterialInstance on /Game/Maps/DemoLevel.DemoLevel:PersistentLevel.Vines_C_4.SplineMeshComponent_116: Material index 1 is invalid.
[2016.01.19-00.41.29:914][960]LogPrimitiveComponent:Warning: CreateDynamicMaterialInstance on /Game/Maps/DemoLevel.DemoLevel:PersistentLevel.Vines_C_4.SplineMeshComponent_116: Material index 2 is invalid.
[2016.01.19-00.41.29:916][960]LogPrimitiveComponent:Warning: CreateDynamicMaterialInstance on /Game/Maps/DemoLevel.DemoLevel:PersistentLevel.Vines_C_5.SplineMeshComponent_0: Material index 1 is invalid.
[2016.01.19-00.41.29:917][960]LogPrimitiveComponent:Warning: CreateDynamicMaterialInstance on /Game/Maps/DemoLevel.DemoLevel:PersistentLevel.Vines_C_5.SplineMeshComponent_0: Material index 2 is invalid.
[2016.01.19-00.41.29:918][960]LogPrimitiveComponent:Warning: CreateDynamicMaterialInstance on /Game/Maps/DemoLevel.DemoLevel:PersistentLevel.Vines_C_5.SplineMeshComponent_117: Material index 1 is invalid.
[2016.01.19-00.41.29:918][960]LogPrimitiveComponent:Warning: CreateDynamicMaterialInstance on /Game/Maps/DemoLevel.DemoLevel:PersistentLevel.Vines_C_5.SplineMeshComponent_117: Material index 2 is invalid.
[2016.01.19-00.41.29:920][960]LogPrimitiveComponent:Warning: CreateDynamicMaterialInstance on /Game/Maps/DemoLevel.DemoLevel:PersistentLevel.Vines_C_5.SplineMeshComponent_118: Material index 1 is invalid.
[2016.01.19-00.41.29:920][960]LogPrimitiveComponent:Warning: CreateDynamicMaterialInstance on /Game/Maps/DemoLevel.DemoLevel:PersistentLevel.Vines_C_5.SplineMeshComponent_118: Material index 2 is invalid.
[2016.01.19-00.41.29:921][960]LogPrimitiveComponent:Warning: CreateDynamicMaterialInstance on /Game/Maps/DemoLevel.DemoLevel:PersistentLevel.Vines_C_5.SplineMeshComponent_119: Material index 1 is invalid.
[2016.01.19-00.41.29:921][960]LogPrimitiveComponent:Warning: CreateDynamicMaterialInstance on /Game/Maps/DemoLevel.DemoLevel:PersistentLevel.Vines_C_5.SplineMeshComponent_119: Material index 2 is invalid.
[2016.01.19-00.41.29:923][960]LogPrimitiveComponent:Warning: CreateDynamicMaterialInstance on /Game/Maps/DemoLevel.DemoLevel:PersistentLevel.Vines_C_5.SplineMeshComponent_120: Material index 1 is invalid.
[2016.01.19-00.41.29:923][960]LogPrimitiveComponent:Warning: CreateDynamicMaterialInstance on /Game/Maps/DemoLevel.DemoLevel:PersistentLevel.Vines_C_5.SplineMeshComponent_120: Material index 2 is invalid.
[2016.01.19-00.41.29:933][960]LogEditorServer: Finished looking for orphan Actors (0.000 secs)
[2016.01.19-00.41.29:934][960]LogAIModule: Creating AISystem for world DemoLevel
[2016.01.19-00.41.29:956][960]Cmd: MAP CHECKDEP
[2016.01.19-00.41.29:956][960]MapCheck: New page: DemoLevel - Jan 18, 2016, 2:41:29 PM
[2016.01.19-00.41.30:226][960]MapCheck: Info Map check complete: 0 Error(s), 0 Warning(s), took 270.368ms to complete.
[2016.01.19-00.41.30:227][960]LogFileHelpers: Loading map 'DemoLevel' took 0.765
[2016.01.19-00.41.30:310][961]Cmd: UpdateLandscapeEditorData -warnings
[2016.01.19-00.41.30:320][961]Cmd: UpdateLandscapeEditorData
[2016.01.19-00.41.58:642][815]Cmd: QUIT_EDITOR
[2016.01.19-00.41.58:856][815]LogExit: Preparing to exit.
[2016.01.19-00.41.59:876][815]LogExit: Editor shut down
[2016.01.19-00.41.59:877][815]LogExit: Transaction tracking system shut down
[2016.01.19-00.41.59:894][815]LogParticles: Destroying 0 GPU particle simulations for FXSystem 0x0000000036814A40
[2016.01.19-00.41.59:894][815]LogParticles: Destroying 0 GPU particle simulations for FXSystem 0x000000002C53C720
[2016.01.19-00.41.59:894][815]LogParticles: Destroying 0 GPU particle simulations for FXSystem 0x000000003AE6CF40
[2016.01.19-00.41.59:894][815]LogParticles: Destroying 0 GPU particle simulations for FXSystem 0x000000003AE6CC20
[2016.01.19-00.41.59:894][815]LogParticles: Destroying 0 GPU particle simulations for FXSystem 0x000000003ACAB9C0
[2016.01.19-00.41.59:908][815]LogParticles: Destroying 0 GPU particle simulations for FXSystem 0x0000000029F36200
[2016.01.19-00.42.00:020][815]LogExit: Object subsystem successfully closed.
[2016.01.19-00.42.00:083][815]LogModuleManager: Shutting down and abandoning module CrashTracker (179)
[2016.01.19-00.42.00:083][815]LogModuleManager: Shutting down and abandoning module SuperSearch (178)
[2016.01.19-00.42.00:083][815]LogModuleManager: Shutting down and abandoning module SceneOutliner (177)
[2016.01.19-00.42.00:084][815]LogModuleManager: Shutting down and abandoning module EditorWidgets (176)
[2016.01.19-00.42.00:084][815]LogModuleManager: Shutting down and abandoning module CollectionManager (175)
[2016.01.19-00.42.00:084][815]LogModuleManager: Shutting down and abandoning module StatsViewer (174)
[2016.01.19-00.42.00:085][815]LogModuleManager: Shutting down and abandoning module FoliageEdit (173)
[2016.01.19-00.42.00:085][815]LogModuleManager: Shutting down and abandoning module LandscapeEditor (172)
[2016.01.19-00.42.00:086][815]LogModuleManager: Shutting down and abandoning module MeshPaint (171)
[2016.01.19-00.42.00:086][815]LogModuleManager: Shutting down and abandoning module ActorPickerMode (170)
[2016.01.19-00.42.00:086][815]LogModuleManager: Shutting down and abandoning module GeometryMode (169)
[2016.01.19-00.42.00:086][815]LogModuleManager: Shutting down and abandoning module TextureAlignMode (168)
[2016.01.19-00.42.00:086][815]LogModuleManager: Shutting down and abandoning module BspMode (167)
[2016.01.19-00.42.00:086][815]LogModuleManager: Shutting down and abandoning module PlacementMode (166)
[2016.01.19-00.42.00:086][815]LogModuleManager: Shutting down and abandoning module AutomationWorker (165)
[2016.01.19-00.42.00:086][815]LogModuleManager: Shutting down and abandoning module CharacterAI (164)
[2016.01.19-00.42.00:086][815]LogModuleManager: Shutting down and abandoning module SmartSnapping (163)
[2016.01.19-00.42.00:086][815]LogModuleManager: Shutting down and abandoning module ViewportSnapping (162)
[2016.01.19-00.42.00:086][815]LogModuleManager: Shutting down and abandoning module LogVisualizer (161)
[2016.01.19-00.42.00:086][815]LogModuleManager: Shutting down and abandoning module GameProjectGeneration (160)
[2016.01.19-00.42.00:087][815]LogModuleManager: Shutting down and abandoning module IntroTutorials (159)
[2016.01.19-00.42.00:087][815]LogModuleManager: Shutting down and abandoning module EditorLiveStreaming (158)
[2016.01.19-00.42.00:087][815]LogModuleManager: Shutting down and abandoning module HardwareTargeting (157)
[2016.01.19-00.42.00:088][815]LogModuleManager: Shutting down and abandoning module DeviceProfileEditor (156)
[2016.01.19-00.42.00:088][815]LogModuleManager: Shutting down and abandoning module UndoHistory (155)
[2016.01.19-00.42.00:088][815]LogModuleManager: Shutting down and abandoning module GameplayTagsEditor (154)
[2016.01.19-00.42.00:088][815]LogModuleManager: Shutting down and abandoning module UserFeedback (153)
[2016.01.19-00.42.00:088][815]LogModuleManager: Shutting down and abandoning module XmlParser (152)
[2016.01.19-00.42.00:088][815]LogModuleManager: Shutting down and abandoning module Blutility (151)
[2016.01.19-00.42.00:088][815]LogModuleManager: Shutting down and abandoning module IOSPlatformEditor (150)
[2016.01.19-00.42.00:088][815]LogModuleManager: Shutting down and abandoning module IOSRuntimeSettings (149)
[2016.01.19-00.42.00:088][815]LogModuleManager: Shutting down and abandoning module AndroidDeviceDetection (148)
[2016.01.19-00.42.00:744][815]LogModuleManager: Shutting down and abandoning module AndroidPlatformEditor (147)
[2016.01.19-00.42.00:744][815]LogModuleManager: Shutting down and abandoning module AndroidRuntimeSettings (146)
[2016.01.19-00.42.00:744][815]LogModuleManager: Shutting down and abandoning module ProjectTargetPlatformEditor (145)
[2016.01.19-00.42.00:744][815]LogModuleManager: Shutting down and abandoning module ProjectSettingsViewer (144)
[2016.01.19-00.42.00:744][815]LogModuleManager: Shutting down and abandoning module InputBindingEditor (143)
[2016.01.19-00.42.00:745][815]LogModuleManager: Shutting down and abandoning module EditorSettingsViewer (142)
[2016.01.19-00.42.00:745][815]LogModuleManager: Shutting down and abandoning module SettingsEditor (141)
[2016.01.19-00.42.00:749][815]LogModuleManager: Shutting down and abandoning module ProjectLauncher (140)
[2016.01.19-00.42.00:749][815]LogModuleManager: Shutting down and abandoning module SessionFrontend (139)
[2016.01.19-00.42.00:750][815]LogModuleManager: Shutting down and abandoning module ProfilerClient (138)
[2016.01.19-00.42.00:750][815]LogModuleManager: Shutting down and abandoning module TargetDeviceServices (137)
[2016.01.19-00.42.00:750][815]LogModuleManager: Shutting down and abandoning module DeviceManager (136)
[2016.01.19-00.42.00:750][815]LogModuleManager: Shutting down and abandoning module AutomationController (135)
[2016.01.19-00.42.00:750][815]LogModuleManager: Shutting down and abandoning module AutomationWindow (134)
[2016.01.19-00.42.00:751][815]LogModuleManager: Shutting down and abandoning module Layers (133)
[2016.01.19-00.42.00:754][815]LogModuleManager: Shutting down and abandoning module ComponentVisualizers (132)
[2016.01.19-00.42.00:754][815]LogModuleManager: Shutting down and abandoning module DetailCustomizations (131)
[2016.01.19-00.42.00:757][815]LogModuleManager: Shutting down and abandoning module PackagesDialog (130)
[2016.01.19-00.42.00:758][815]LogModuleManager: Shutting down and abandoning module AssetRegistry (129)
[2016.01.19-00.42.02:284][815]LogModuleManager: Shutting down and abandoning module Persona (128)
[2016.01.19-00.42.02:285][815]LogModuleManager: Shutting down and abandoning module SlateReflector (127)
[2016.01.19-00.42.02:285][815]LogModuleManager: Shutting down and abandoning module LevelEditor (126)
[2016.01.19-00.42.02:286][815]LogModuleManager: Shutting down and abandoning module Kismet (125)
[2016.01.19-00.42.02:286][815]LogModuleManager: Shutting down and abandoning module GraphEditor (124)
[2016.01.19-00.42.02:288][815]LogModuleManager: Shutting down and abandoning module ClassViewer (123)
[2016.01.19-00.42.02:288][815]LogModuleManager: Shutting down and abandoning module Toolbox (122)
[2016.01.19-00.42.02:288][815]LogModuleManager: Shutting down and abandoning module ModuleUI (121)
[2016.01.19-00.42.02:289][815]LogModuleManager: Shutting down and abandoning module MovieSceneTools (120)
[2016.01.19-00.42.02:290][815]LogModuleManager: Shutting down and abandoning module OutputLog (119)
[2016.01.19-00.42.02:290][815]LogModuleManager: Shutting down and abandoning module GammaUI (118)
[2016.01.19-00.42.02:290][815]LogModuleManager: Shutting down and abandoning module Documentation (117)
[2016.01.19-00.42.02:290][815]LogModuleManager: Shutting down and abandoning module GameLiveStreaming (116)
[2016.01.19-00.42.02:290][815]LogModuleManager: Shutting down and abandoning module StreamingPauseRendering (115)
[2016.01.19-00.42.02:290][815]LogModuleManager: Shutting down and abandoning module HTTP (114)
[2016.01.19-00.42.02:291][815]LogModuleManager: Shutting down and abandoning module AnalyticsET (113)
[2016.01.19-00.42.02:291][815]LogModuleManager: Shutting down and abandoning module Analytics (112)
[2016.01.19-00.42.02:291][815]LogModuleManager: Shutting down and abandoning module AITestSuite (111)
[2016.01.19-00.42.02:291][815]LogModuleManager: Shutting down and abandoning module GameplayDebugger (110)
[2016.01.19-00.42.02:291][815]LogModuleManager: Shutting down and abandoning module AIModule (109)
[2016.01.19-00.42.02:291][815]LogModuleManager: Shutting down and abandoning module ProfilerService (108)
[2016.01.19-00.42.02:458][815]LogModuleManager: Shutting down and abandoning module TaskGraph (107)
[2016.01.19-00.42.02:459][815]LogModuleManager: Shutting down and abandoning module SlateRemote (106)
[2016.01.19-00.42.02:459][815]LogModuleManager: Shutting down and abandoning module ScriptEditorPlugin (105)
[2016.01.19-00.42.02:459][815]LogModuleManager: Shutting down and abandoning module CustomMeshComponent (104)
[2016.01.19-00.42.02:459][815]LogModuleManager: Shutting down and abandoning module CableComponent (103)
[2016.01.19-00.42.02:459][815]LogModuleManager: Shutting down and abandoning module MessagingDebugger (102)
[2016.01.19-00.42.02:460][815]LogModuleManager: Shutting down and abandoning module MediaPlayerEditor (101)
[2016.01.19-00.42.02:460][815]LogModuleManager: Shutting down and abandoning module SpeedTreeImporter (100)
[2016.01.19-00.42.02:460][815]LogModuleManager: Shutting down and abandoning module PluginsEditor (99)
[2016.01.19-00.42.02:460][815]LogModuleManager: Shutting down and abandoning module MainFrame (98)
[2016.01.19-00.42.02:460][815]LogModuleManager: Shutting down and abandoning module EpicSurvey (97)
[2016.01.19-00.42.02:460][815]LogModuleManager: Shutting down and abandoning module DesktopPlatform (96)
[2016.01.19-00.42.02:460][815]LogModuleManager: Shutting down and abandoning module DirectoryWatcher (95)
[2016.01.19-00.42.02:461][815]LogModuleManager: Shutting down and abandoning module HotReload (94)
[2016.01.19-00.42.02:461][815]LogModuleManager: Shutting down and abandoning module VisualStudioSourceCodeAccess (93)
[2016.01.19-00.42.02:461][815]LogModuleManager: Shutting down and abandoning module UObjectPlugin (92)
[2016.01.19-00.42.02:461][815]LogModuleManager: Shutting down and abandoning module SubversionSourceControl (91)
[2016.01.19-00.42.02:461][815]LogModuleManager: Shutting down and abandoning module PerforceSourceControl (90)
[2016.01.19-00.42.02:461][815]LogModuleManager: Shutting down and abandoning module SourceControl (89)
[2016.01.19-00.42.02:461][815]LogModuleManager: Shutting down and abandoning module GitSourceControl (88)
[2016.01.19-00.42.02:461][815]LogModuleManager: Shutting down and abandoning module BlankPlugin (87)
[2016.01.19-00.42.02:461][815]LogModuleManager: Shutting down and abandoning module PaperTiledImporter (86)
[2016.01.19-00.42.02:461][815]LogModuleManager: Shutting down and abandoning module PaperJsonImporter (85)
[2016.01.19-00.42.02:461][815]LogModuleManager: Shutting down and abandoning module ContentBrowser (84)
[2016.01.19-00.42.02:462][815]LogModuleManager: Shutting down and abandoning module Paper2DEditor (83)
[2016.01.19-00.42.02:462][815]LogModuleManager: Shutting down and abandoning module Extinction (82)
[2016.01.19-00.42.02:462][815]LogModuleManager: Shutting down and abandoning module ScriptPlugin (81)
[2016.01.19-00.42.02:462][815]LogModuleManager: Shutting down and abandoning module UdpMessaging (80)
[2016.01.19-00.42.02:562][815]LogModuleManager: Shutting down and abandoning module Paper2D (79)
[2016.01.19-00.42.02:562][815]LogModuleManager: Shutting down and abandoning module WindowsMoviePlayer (78)
[2016.01.19-00.42.02:581][815]LogModuleManager: Shutting down and abandoning module Media (77)
[2016.01.19-00.42.02:581][815]LogModuleManager: Shutting down and abandoning module WmfMedia (76)
[2016.01.19-00.42.02:581][815]LogModuleManager: Shutting down and abandoning module OnlineBlueprintSupport (75)
[2016.01.19-00.42.02:581][815]LogModuleManager: Shutting down and abandoning module EnvironmentQueryEditor (74)
[2016.01.19-00.42.02:582][815]LogModuleManager: Shutting down and abandoning module PropertyEditor (73)
[2016.01.19-00.42.02:583][815]LogModuleManager: Shutting down and abandoning module BehaviorTreeEditor (72)
[2016.01.19-00.42.02:585][815]LogModuleManager: Shutting down and abandoning module FunctionalTesting (71)
[2016.01.19-00.42.02:585][815]LogModuleManager: Shutting down and abandoning module CollisionAnalyzer (70)
[2016.01.19-00.42.02:586][815]LogModuleManager: Shutting down and abandoning module WorkspaceMenuStructure (69)
[2016.01.19-00.42.02:586][815]LogModuleManager: Shutting down and abandoning module MessageLog (68)
[2016.01.19-00.42.02:586][815]LogModuleManager: Shutting down and abandoning module Sequencer (67)
[2016.01.19-00.42.02:588][815]LogModuleManager: Shutting down and abandoning module AssetTools (66)
[2016.01.19-00.42.02:589][815]LogModuleManager: Shutting down and abandoning module UMGEditor (65)
[2016.01.19-00.42.02:590][815]LogModuleManager: Shutting down and abandoning module UMG (64)
[2016.01.19-00.42.02:590][815]LogModuleManager: Shutting down and abandoning module Slate (63)
[2016.01.19-00.42.02:590][815]LogModuleManager: Shutting down and abandoning module EditorStyle (62)
[2016.01.19-00.42.02:594][815]LogModuleManager: Shutting down and abandoning module SessionServices (61)
[2016.01.19-00.42.02:594][815]LogModuleManager: Shutting down and abandoning module SourceCodeAccess (60)
[2016.01.19-00.42.02:594][815]LogModuleManager: Shutting down and abandoning module HeadMountedDisplay (59)
[2016.01.19-00.42.02:594][815]LogModuleManager: Shutting down and abandoning module XAudio2 (58)
[2016.01.19-00.42.02:594][815]LogModuleManager: Shutting down and abandoning module Networking (56)
[2016.01.19-00.42.02:594][815]LogModuleManager: Shutting down and abandoning module Core (55)
[2016.01.19-00.42.02:594][815]LogModuleManager: Shutting down and abandoning module KismetCompiler (54)
[2016.01.19-00.42.02:594][815]LogModuleManager: Shutting down and abandoning module PhysXFormats (53)
[2016.01.19-00.42.02:594][815]LogModuleManager: Shutting down and abandoning module MeshUtilities (52)
[2016.01.19-00.42.02:595][815]LogModuleManager: Shutting down and abandoning module DerivedDataCache (51)
[2016.01.19-00.42.02:661][815]LogDerivedDataCache: Shutdown
[2016.01.19-00.42.02:661][815]LogModuleManager: Shutting down and abandoning module ShaderFormatOpenGL (50)
[2016.01.19-00.42.02:661][815]LogModuleManager: Shutting down and abandoning module ShaderFormatD3D (49)
[2016.01.19-00.42.02:661][815]LogModuleManager: Shutting down and abandoning module MetalShaderFormat (48)
[2016.01.19-00.42.02:662][815]LogModuleManager: Shutting down and abandoning module TextureFormatUncompressed (47)
[2016.01.19-00.42.02:662][815]LogModuleManager: Shutting down and abandoning module TextureFormatPVR (46)
[2016.01.19-00.42.02:662][815]LogModuleManager: Shutting down and abandoning module TextureFormatIntelISPCTexComp (45)
[2016.01.19-00.42.02:662][815]LogModuleManager: Shutting down and abandoning module TextureFormatDXT (44)
[2016.01.19-00.42.02:662][815]LogModuleManager: Shutting down and abandoning module ImageWrapper (43)
[2016.01.19-00.42.02:662][815]LogModuleManager: Shutting down and abandoning module TextureFormatASTC (42)
[2016.01.19-00.42.02:662][815]LogModuleManager: Shutting down and abandoning module TextureFormatAndroid (41)
[2016.01.19-00.42.02:662][815]LogModuleManager: Shutting down and abandoning module AudioFormatOpus (40)
[2016.01.19-00.42.02:662][815]LogModuleManager: Shutting down and abandoning module AudioFormatOgg (39)
[2016.01.19-00.42.02:662][815]LogModuleManager: Shutting down and abandoning module AudioFormatADPCM (38)
[2016.01.19-00.42.02:662][815]LogModuleManager: Shutting down and abandoning module LinuxTargetPlatform (37)
[2016.01.19-00.42.02:662][815]LogModuleManager: Shutting down and abandoning module LinuxServerTargetPlatform (36)
[2016.01.19-00.42.02:662][815]LogModuleManager: Shutting down and abandoning module LinuxNoEditorTargetPlatform (35)
[2016.01.19-00.42.02:662][815]LogModuleManager: Shutting down and abandoning module Messaging (34)
[2016.01.19-00.42.02:662][815]LogModuleManager: Shutting down and abandoning module IOSTargetPlatform (33)
[2016.01.19-00.42.02:662][815]LogModuleManager: Shutting down and abandoning module HTML5TargetPlatform (32)
[2016.01.19-00.42.02:662][815]LogModuleManager: Shutting down and abandoning module Android_PVRTCTargetPlatform (31)
[2016.01.19-00.42.02:662][815]LogModuleManager: Shutting down and abandoning module Android_ETC2TargetPlatform (30)
[2016.01.19-00.42.02:662][815]LogModuleManager: Shutting down and abandoning module Android_ETC1TargetPlatform (29)
[2016.01.19-00.42.02:662][815]LogModuleManager: Shutting down and abandoning module Android_ES31TargetPlatform (28)
[2016.01.19-00.42.02:662][815]LogModuleManager: Shutting down and abandoning module Android_DXTTargetPlatform (27)
[2016.01.19-00.42.02:662][815]LogModuleManager: Shutting down and abandoning module Android_ATCTargetPlatform (26)
[2016.01.19-00.42.02:662][815]LogModuleManager: Shutting down and abandoning module AndroidTargetPlatform (25)
[2016.01.19-00.42.02:662][815]LogModuleManager: Shutting down and abandoning module WindowsTargetPlatform (24)
[2016.01.19-00.42.02:662][815]LogModuleManager: Shutting down and abandoning module WindowsServerTargetPlatform (23)
[2016.01.19-00.42.02:662][815]LogModuleManager: Shutting down and abandoning module WindowsNoEditorTargetPlatform (22)
[2016.01.19-00.42.02:662][815]LogModuleManager: Shutting down and abandoning module WindowsClientTargetPlatform (21)
[2016.01.19-00.42.02:662][815]LogModuleManager: Shutting down and abandoning module TargetPlatform (20)
[2016.01.19-00.42.02:662][815]LogModuleManager: Shutting down and abandoning module InputCore (19)
[2016.01.19-00.42.02:662][815]LogModuleManager: Shutting down and abandoning module Settings (18)
[2016.01.19-00.42.02:662][815]LogModuleManager: Shutting down and abandoning module OnlineSubsystem (16)
[2016.01.19-00.42.02:662][815]LogModuleManager: Shutting down and abandoning module OculusRift (15)
[2016.01.19-00.42.02:662][815]LogModuleManager: Shutting down and abandoning module ExampleDeviceProfileSelector (14)
[2016.01.19-00.42.02:662][815]LogModuleManager: Shutting down and abandoning module TextureCompressor (13)
[2016.01.19-00.42.02:662][815]LogModuleManager: Shutting down and abandoning module ShaderCore (12)
[2016.01.19-00.42.02:662][815]LogModuleManager: Shutting down and abandoning module Landscape (11)
[2016.01.19-00.42.02:662][815]LogModuleManager: Shutting down and abandoning module SlateRHIRenderer (10)
[2016.01.19-00.42.02:666][815]LogModuleManager: Shutting down and abandoning module OpenGLDrv (9)
[2016.01.19-00.42.02:666][815]LogModuleManager: Shutting down and abandoning module D3D11RHI (8)
[2016.01.19-00.42.02:666][815]LogModuleManager: Shutting down and abandoning module Renderer (7)
[2016.01.19-00.42.02:666][815]LogModuleManager: Shutting down and abandoning module Engine (6)
[2016.01.19-00.42.02:666][815]LogModuleManager: Shutting down and abandoning module CoreUObject (5)
[2016.01.19-00.42.02:666][815]LogModuleManager: Shutting down and abandoning module NetworkFile (4)
[2016.01.19-00.42.02:666][815]LogModuleManager: Shutting down and abandoning module StreamingFile (3)
[2016.01.19-00.42.02:666][815]LogModuleManager: Shutting down and abandoning module SandboxFile (2)
[2016.01.19-00.42.02:666][815]LogModuleManager: Shutting down and abandoning module PakFile (1)
[2016.01.19-00.42.02:667][815]LogExit: Exiting.
[2016.01.19-00.42.02:675][815]Log file closed, 01/18/16 19:42:02
